22:03:06.735291217 : vetrnik/tele/availability online
22:03:06.735477049 : vetrnik/tele/power_board/valid 1
22:03:06.735509326 : vetrnik/tele/power_board/time 17864
22:03:06.735534474 : vetrnik/tele/power_board/mode 0
22:03:06.735558863 : vetrnik/tele/power_board/duty 0
22:03:06.735582270 : vetrnik/tele/power_board/RPM 100
22:03:06.735605918 : vetrnik/tele/power_board/voltage 0.0
22:03:06.735629714 : vetrnik/tele/power_board/current 0.000
22:03:06.735653344 : vetrnik/tele/power_board/enabled 0
22:03:06.735677196 : vetrnik/tele/power_board/enabled/hardware 1
22:03:06.735701640 : vetrnik/tele/power_board/enabled/software 0
22:03:06.735725658 : vetrnik/tele/power_board/fan 0
22:03:06.735749251 : vetrnik/tele/power_board/error_count 0
22:03:06.735772528 : vetrnik/tele/power_board/emergency 0
22:03:06.735795954 : vetrnik/tele/power_board/OCP_max_duty 255
22:03:06.735818935 : vetrnik/tele/power_board/temperature/heatsink 24.7
22:03:06.735842009 : vetrnik/tele/power_board/temperature/rectifier 24.7
22:03:06.735864935 : vetrnik/tele/power_board/power 0.0
22:03:06.735887565 : vetrnik/tele/power_board/last5m 0
22:03:06.735910361 : vetrnik/tele/control/strategy control_shorted
22:03:06.735933083 : vetrnik/tele/control/contactor 255
22:03:06.735955712 : vetrnik/tele/stats/energy 0.001
22:03:06.735978564 : vetrnik/tele/stats/energy_Ws 2536
22:03:06.736001323 : vetrnik/tele/pump 0
22:03:06.736025342 : vetrnik/tele/display/backlight 1
22:03:07.579833322 : vetrnik/tele/power_board/time 17865
22:03:08.078540983 : vetrnik/tele/power_board/RPM 0
22:03:08.578421266 : vetrnik/tele/power_board/time 17866
22:03:09.578476219 : vetrnik/tele/power_board/time 17867
22:03:09.578653570 : vetrnik/tele/power_board/RPM 4
22:03:10.079221385 : vetrnik/tele/power_board/RPM 13
22:03:10.579587017 : vetrnik/tele/power_board/time 17868
22:03:11.078716397 : vetrnik/tele/power_board/RPM 9
22:03:11.578562179 : vetrnik/tele/power_board/time 17869
22:03:12.577928357 : vetrnik/tele/power_board/time 17870
22:03:13.578446582 : vetrnik/tele/power_board/time 17871
22:03:14.577860258 : vetrnik/tele/power_board/time 17872
22:03:15.579189644 : vetrnik/tele/power_board/time 17873
22:03:15.579293995 : vetrnik/tele/power_board/RPM 28
22:03:16.079205368 : vetrnik/tele/power_board/RPM 33
22:03:16.579729256 : vetrnik/tele/power_board/time 17874
22:03:17.579396503 : vetrnik/tele/power_board/time 17875
22:03:17.579641576 : vetrnik/tele/power_board/RPM 26
22:03:18.078940248 : vetrnik/tele/power_board/RPM 19
22:03:18.579583820 : vetrnik/tele/power_board/time 17876
22:03:19.578990086 : vetrnik/tele/power_board/time 17877
22:03:20.579459363 : vetrnik/tele/power_board/time 17878
22:03:21.578891553 : vetrnik/tele/power_board/time 17879
22:03:21.579049533 : vetrnik/tele/power_board/RPM 34
22:03:22.079589512 : vetrnik/tele/power_board/RPM 43
22:03:22.579133589 : vetrnik/tele/power_board/time 17880
22:03:22.579295551 : vetrnik/tele/power_board/RPM 39
22:03:23.579784937 : vetrnik/tele/power_board/time 17881
22:03:24.579094849 : vetrnik/tele/power_board/time 17882
22:03:25.579703418 : vetrnik/tele/power_board/time 17883
22:03:26.579182216 : vetrnik/tele/power_board/time 17884
22:03:27.079752508 : vetrnik/tele/power_board/RPM 97
22:03:27.580604168 : vetrnik/tele/power_board/time 17885
22:03:27.580800315 : vetrnik/tele/power_board/RPM 147
22:03:28.079183823 : vetrnik/tele/power_board/RPM 59
22:03:28.579019027 : vetrnik/tele/power_board/time 17886
22:03:29.579314633 : vetrnik/tele/power_board/time 17887
22:03:30.578797761 : vetrnik/tele/power_board/time 17888
22:03:31.579393957 : vetrnik/tele/power_board/time 17889
22:03:32.579747357 : vetrnik/tele/power_board/time 17890
22:03:33.079515837 : vetrnik/tele/power_board/RPM 96
22:03:33.579317761 : vetrnik/tele/power_board/time 17891
22:03:33.579598074 : vetrnik/tele/power_board/RPM 99
22:03:34.579704975 : vetrnik/tele/power_board/time 17892
22:03:35.578998305 : vetrnik/tele/power_board/time 17893
22:03:36.579707386 : vetrnik/tele/power_board/time 17894
22:03:37.578892716 : vetrnik/tele/power_board/time 17895
22:03:38.580375273 : vetrnik/tele/power_board/time 17896
22:03:38.580606882 : vetrnik/tele/power_board/RPM 134
22:03:39.080016622 : vetrnik/tele/power_board/RPM 148
22:03:39.580922223 : vetrnik/tele/power_board/time 17897
22:03:39.581124203 : vetrnik/tele/power_board/RPM 119
22:03:40.580190273 : vetrnik/tele/power_board/time 17898
22:03:41.580452298 : vetrnik/tele/power_board/time 17899
22:03:42.580156789 : vetrnik/tele/power_board/time 17900
22:03:43.580452720 : vetrnik/tele/power_board/time 17901
22:03:44.579975284 : vetrnik/tele/power_board/time 17902
22:03:44.580154061 : vetrnik/tele/power_board/RPM 206
22:03:45.080502830 : vetrnik/tele/power_board/RPM 145
22:03:45.580387917 : vetrnik/tele/power_board/time 17903
22:03:45.580550361 : vetrnik/tele/power_board/RPM 149
22:03:46.579915721 : vetrnik/tele/power_board/time 17904
22:03:47.580137224 : vetrnik/tele/power_board/time 17905
22:03:48.580699706 : vetrnik/tele/power_board/time 17906
22:03:49.580093158 : vetrnik/tele/power_board/time 17907
22:03:50.580448881 : vetrnik/tele/power_board/time 17908
22:03:50.580743916 : vetrnik/tele/power_board/RPM 189
22:03:51.579907664 : vetrnik/tele/power_board/time 17909
22:03:52.580503569 : vetrnik/tele/power_board/time 17910
22:03:53.579928241 : vetrnik/tele/power_board/time 17911
22:03:54.580432275 : vetrnik/tele/power_board/time 17912
22:03:55.580754069 : vetrnik/tele/power_board/time 17913
22:03:56.580322108 : vetrnik/tele/power_board/time 17914
22:03:56.580538107 : vetrnik/tele/power_board/RPM 229
22:03:57.080035600 : vetrnik/tele/power_board/RPM 172
22:03:57.580465532 : vetrnik/tele/power_board/time 17915
22:03:57.580641827 : vetrnik/tele/power_board/RPM 229
22:03:58.580115940 : vetrnik/tele/power_board/time 17916
22:03:59.080812833 : vetrnik/tele/power_board/RPM 200
22:03:59.580451306 : vetrnik/tele/power_board/time 17917
22:03:59.580619175 : vetrnik/tele/power_board/RPM 172
22:04:00.080470203 : vetrnik/tele/power_board/RPM 229
22:04:00.579864344 : vetrnik/tele/power_board/time 17918
22:04:01.080674902 : vetrnik/tele/power_board/RPM 200
22:04:01.580433003 : vetrnik/tele/power_board/time 17919
22:04:02.079916921 : vetrnik/tele/power_board/RPM 162
22:04:02.579835910 : vetrnik/tele/power_board/time 17920
22:04:03.078355427 : vetrnik/tele/power_board/RPM 0
22:04:03.578185008 : vetrnik/tele/power_board/time 17921
22:04:04.579069016 : vetrnik/tele/power_board/time 17922
22:04:05.578369589 : vetrnik/tele/power_board/time 17923
22:04:06.578745858 : vetrnik/tele/power_board/time 17924
22:04:07.578959609 : vetrnik/tele/power_board/time 17925
22:04:08.578584252 : vetrnik/tele/power_board/time 17926
22:04:09.577902508 : vetrnik/tele/power_board/time 17927
22:04:10.578174035 : vetrnik/tele/power_board/time 17928
22:04:11.578711041 : vetrnik/tele/power_board/time 17929
22:04:12.577980813 : vetrnik/tele/power_board/time 17930
22:04:13.578714836 : vetrnik/tele/power_board/time 17931
22:04:14.578039292 : vetrnik/tele/power_board/time 17932
22:04:15.578684351 : vetrnik/tele/power_board/time 17933
22:04:16.577655345 : vetrnik/tele/power_board/time 17934
22:04:17.578358458 : vetrnik/tele/power_board/time 17935
22:04:18.577852337 : vetrnik/tele/power_board/time 17936
22:04:19.578090118 : vetrnik/tele/power_board/time 17937
22:04:20.579015376 : vetrnik/tele/power_board/time 17938
22:04:21.577982146 : vetrnik/tele/power_board/time 17939
22:04:22.578235352 : vetrnik/tele/power_board/time 17940
22:04:23.577915338 : vetrnik/tele/power_board/time 17941
22:04:24.578396541 : vetrnik/tele/power_board/time 17942
22:04:25.577970157 : vetrnik/tele/power_board/time 17943
22:04:26.578217712 : vetrnik/tele/power_board/time 17944
22:04:27.578527192 : vetrnik/tele/power_board/time 17945
22:04:28.578106973 : vetrnik/tele/power_board/time 17946
22:04:29.578478044 : vetrnik/tele/power_board/time 17947
22:04:30.577765066 : vetrnik/tele/power_board/time 17948
22:04:31.578387820 : vetrnik/tele/power_board/time 17949
22:04:32.578026172 : vetrnik/tele/power_board/time 17950
22:04:33.578179520 : vetrnik/tele/power_board/time 17951
22:04:34.577416596 : vetrnik/tele/power_board/time 17952
22:04:35.578043330 : vetrnik/tele/power_board/time 17953
22:04:36.578519989 : vetrnik/tele/power_board/time 17954
22:04:37.577972951 : vetrnik/tele/power_board/time 17955
22:04:38.578706237 : vetrnik/tele/power_board/time 17956
22:04:39.577872941 : vetrnik/tele/power_board/time 17957
22:04:40.578357431 : vetrnik/tele/power_board/time 17958
22:04:41.577641725 : vetrnik/tele/power_board/time 17959
22:04:42.577942105 : vetrnik/tele/power_board/time 17960
22:04:43.578462131 : vetrnik/tele/power_board/time 17961
22:04:44.578060144 : vetrnik/tele/power_board/time 17962
22:04:45.578418763 : vetrnik/tele/power_board/time 17963
22:04:46.577919386 : vetrnik/tele/power_board/time 17964
22:04:47.578120745 : vetrnik/tele/power_board/time 17965
22:04:48.577943977 : vetrnik/tele/power_board/time 17966
22:04:49.578319964 : vetrnik/tele/power_board/time 17967
22:04:50.577669586 : vetrnik/tele/power_board/time 17968
22:04:51.577952350 : vetrnik/tele/power_board/time 17969
22:04:52.578472575 : vetrnik/tele/power_board/time 17970
22:04:53.577742030 : vetrnik/tele/power_board/time 17971
22:04:54.578253902 : vetrnik/tele/power_board/time 17972
22:04:55.577904668 : vetrnik/tele/power_board/time 17973
22:04:56.578153263 : vetrnik/tele/power_board/time 17974
22:04:57.577746640 : vetrnik/tele/power_board/time 17975
22:04:58.578294324 : vetrnik/tele/power_board/time 17976
22:04:59.578658621 : vetrnik/tele/power_board/time 17977
22:05:00.578065238 : vetrnik/tele/power_board/time 17978
22:05:01.578828086 : vetrnik/tele/power_board/time 17979
22:05:02.578062740 : vetrnik/tele/power_board/time 17980
22:05:03.578542682 : vetrnik/tele/power_board/time 17981
22:05:04.578002445 : vetrnik/tele/power_board/time 17982
22:05:05.578286202 : vetrnik/tele/power_board/time 17983
22:05:06.577875537 : vetrnik/tele/power_board/time 17984
22:05:07.578655142 : vetrnik/tele/power_board/time 17985
22:05:08.578762343 : vetrnik/tele/power_board/time 17986
22:05:09.578097234 : vetrnik/tele/power_board/time 17987
22:05:10.578232211 : vetrnik/tele/power_board/time 17988
22:05:11.577869432 : vetrnik/tele/power_board/time 17989
22:05:12.578048057 : vetrnik/tele/power_board/time 17990
22:05:13.577402686 : vetrnik/tele/power_board/time 17991
22:05:14.577987067 : vetrnik/tele/power_board/time 17992
22:05:15.578601465 : vetrnik/tele/power_board/time 17993
22:05:16.578017907 : vetrnik/tele/power_board/time 17994
22:05:17.578738489 : vetrnik/tele/power_board/time 17995
22:05:18.578280540 : vetrnik/tele/power_board/time 17996
22:05:19.578420736 : vetrnik/tele/power_board/time 17997
22:05:20.577568567 : vetrnik/tele/power_board/time 17998
22:05:21.578116481 : vetrnik/tele/power_board/time 17999
22:05:22.577403606 : vetrnik/tele/power_board/time 18000
22:05:23.577994000 : vetrnik/tele/power_board/time 18001
22:05:24.578477580 : vetrnik/tele/power_board/time 18002
22:05:25.577831778 : vetrnik/tele/power_board/time 18003
22:05:26.578254894 : vetrnik/tele/power_board/time 18004
22:05:27.577658035 : vetrnik/tele/power_board/time 18005
22:05:28.578216446 : vetrnik/tele/power_board/time 18006
22:05:29.577534493 : vetrnik/tele/power_board/time 18007
22:05:30.577999607 : vetrnik/tele/power_board/time 18008
22:05:31.578461314 : vetrnik/tele/power_board/time 18009
22:05:32.577795008 : vetrnik/tele/power_board/time 18010
22:05:33.578363305 : vetrnik/tele/power_board/time 18011
22:05:34.577778832 : vetrnik/tele/power_board/time 18012
22:05:35.578081463 : vetrnik/tele/power_board/time 18013
22:05:36.577681505 : vetrnik/tele/power_board/time 18014
22:05:37.578026172 : vetrnik/tele/power_board/time 18015
22:05:38.577574937 : vetrnik/tele/power_board/time 18016
22:05:39.577881511 : vetrnik/tele/power_board/time 18017
22:05:40.578445545 : vetrnik/tele/power_board/time 18018
22:05:41.577644551 : vetrnik/tele/power_board/time 18019
22:05:42.578217566 : vetrnik/tele/power_board/time 18020
22:05:43.577565404 : vetrnik/tele/power_board/time 18021
22:05:44.578040807 : vetrnik/tele/power_board/time 18022
22:05:45.577290607 : vetrnik/tele/power_board/time 18023
22:05:46.578207266 : vetrnik/tele/power_board/time 18024
22:05:47.578224783 : vetrnik/tele/power_board/time 18025
22:05:48.577912338 : vetrnik/tele/power_board/time 18026
22:05:49.578128778 : vetrnik/tele/power_board/time 18027
22:05:50.577852332 : vetrnik/tele/power_board/time 18028
22:05:51.578294029 : vetrnik/tele/power_board/time 18029
22:05:52.577748269 : vetrnik/tele/power_board/time 18030
22:05:53.577889300 : vetrnik/tele/power_board/time 18031
22:05:54.577376132 : vetrnik/tele/power_board/time 18032
22:05:55.578380138 : vetrnik/tele/power_board/time 18033
22:05:56.578595186 : vetrnik/tele/power_board/time 18034
22:05:57.577851314 : vetrnik/tele/power_board/time 18035
22:05:58.578073231 : vetrnik/tele/power_board/time 18036
22:05:59.577749559 : vetrnik/tele/power_board/time 18037
22:06:00.578154641 : vetrnik/tele/power_board/time 18038
22:06:01.577310953 : vetrnik/tele/power_board/time 18039
22:06:02.577963107 : vetrnik/tele/power_board/time 18040
22:06:03.578365484 : vetrnik/tele/power_board/time 18041
22:06:04.577735404 : vetrnik/tele/power_board/time 18042
22:06:05.578409593 : vetrnik/tele/power_board/time 18043
22:06:06.577672976 : vetrnik/tele/power_board/time 18044
22:06:07.578103315 : vetrnik/tele/power_board/time 18045
22:06:08.577460400 : vetrnik/tele/power_board/time 18046
22:06:09.578160402 : vetrnik/tele/power_board/time 18047
22:06:10.577340506 : vetrnik/tele/power_board/time 18048
22:06:11.577855601 : vetrnik/tele/power_board/time 18049
22:06:12.578436195 : vetrnik/tele/power_board/time 18050
22:06:13.577736797 : vetrnik/tele/power_board/time 18051
22:06:14.578389908 : vetrnik/tele/power_board/time 18052
22:06:15.577652695 : vetrnik/tele/power_board/time 18053
22:06:16.578088584 : vetrnik/tele/power_board/time 18054
22:06:17.578409493 : vetrnik/tele/power_board/time 18055
22:06:17.578627195 : vetrnik/tele/power_board/RPM 23
22:06:18.079421701 : vetrnik/tele/power_board/RPM 31
22:06:18.579010418 : vetrnik/tele/power_board/time 18056
22:06:19.078957854 : vetrnik/tele/power_board/RPM 26
22:06:19.579693434 : vetrnik/tele/power_board/time 18057
22:06:20.579167791 : vetrnik/tele/power_board/time 18058
22:06:21.078091752 : vetrnik/tele/power_board/RPM 9
22:06:21.578693036 : vetrnik/tele/power_board/time 18059
22:06:22.577687192 : vetrnik/tele/power_board/time 18060
22:06:23.579621736 : vetrnik/tele/power_board/time 18061
22:06:23.579881660 : vetrnik/tele/power_board/RPM 32
22:06:24.079323191 : vetrnik/tele/power_board/RPM 35
22:06:24.578935999 : vetrnik/tele/power_board/time 18062
22:06:25.079182785 : vetrnik/tele/power_board/RPM 26
22:06:25.579156405 : vetrnik/tele/power_board/time 18063
22:06:25.579375792 : vetrnik/tele/power_board/RPM 19
22:06:26.578501519 : vetrnik/tele/power_board/time 18064
22:06:27.578830590 : vetrnik/tele/power_board/time 18065
22:06:28.579407548 : vetrnik/tele/power_board/time 18066
22:06:29.578917586 : vetrnik/tele/power_board/time 18067
22:06:29.579176973 : vetrnik/tele/power_board/RPM 34
22:06:30.078707040 : vetrnik/tele/power_board/RPM 43
22:06:30.579247248 : vetrnik/tele/power_board/time 18068
22:06:30.579571579 : vetrnik/tele/power_board/RPM 39
22:06:31.578731897 : vetrnik/tele/power_board/time 18069
22:06:32.579301779 : vetrnik/tele/power_board/time 18070
22:06:33.578786649 : vetrnik/tele/power_board/time 18071
22:06:34.578884792 : vetrnik/tele/power_board/time 18072
22:06:35.078696726 : vetrnik/tele/power_board/RPM 98
22:06:35.580695776 : vetrnik/tele/power_board/time 18073
22:06:35.580881775 : vetrnik/tele/power_board/RPM 102
22:06:36.079065756 : vetrnik/tele/power_board/RPM 59
22:06:36.579010134 : vetrnik/tele/power_board/time 18074
22:06:37.579204794 : vetrnik/tele/power_board/time 18075
22:06:38.578570699 : vetrnik/tele/power_board/time 18076
22:06:39.579249059 : vetrnik/tele/power_board/time 18077
22:06:40.579024072 : vetrnik/tele/power_board/time 18078
22:06:41.079596945 : vetrnik/tele/power_board/RPM 95
22:06:41.579308434 : vetrnik/tele/power_board/time 18079
22:06:41.579497729 : vetrnik/tele/power_board/RPM 99
22:06:42.578946207 : vetrnik/tele/power_board/time 18080
22:06:43.579139309 : vetrnik/tele/power_board/time 18081
22:06:44.579345077 : vetrnik/tele/power_board/time 18082
22:06:45.579257439 : vetrnik/tele/power_board/time 18083
22:06:46.580616588 : vetrnik/tele/power_board/time 18084
22:06:46.580837716 : vetrnik/tele/power_board/RPM 128
22:06:47.080586852 : vetrnik/tele/power_board/RPM 148
22:06:47.580056804 : vetrnik/tele/power_board/time 18085
22:06:47.580311117 : vetrnik/tele/power_board/RPM 119
22:06:48.583038701 : vetrnik/tele/power_board/time 18086
22:06:49.579644638 : vetrnik/tele/power_board/time 18087
22:06:50.579821664 : vetrnik/tele/power_board/time 18088
22:06:51.580207317 : vetrnik/tele/power_board/time 18089
22:06:52.579549457 : vetrnik/tele/power_board/time 18090
22:06:52.579766938 : vetrnik/tele/power_board/RPM 248
22:06:53.079342407 : vetrnik/tele/power_board/RPM 149
22:06:53.580363996 : vetrnik/tele/power_board/time 18091
22:06:54.579485230 : vetrnik/tele/power_board/time 18092
22:06:55.579823567 : vetrnik/tele/power_board/time 18093
22:06:56.579595407 : vetrnik/tele/power_board/time 18094
22:06:57.580133131 : vetrnik/tele/power_board/time 18095
22:06:58.579763341 : vetrnik/tele/power_board/time 18096
22:06:58.579874452 : vetrnik/tele/power_board/RPM 191
22:06:59.580181972 : vetrnik/tele/power_board/time 18097
22:07:00.580404512 : vetrnik/tele/power_board/time 18098
22:07:01.579688983 : vetrnik/tele/power_board/time 18099
22:07:02.580212075 : vetrnik/tele/power_board/time 18100
22:07:03.579551008 : vetrnik/tele/power_board/time 18101
22:07:04.580080655 : vetrnik/tele/power_board/time 18102
22:07:04.580193950 : vetrnik/tele/power_board/RPM 243
22:07:05.079569196 : vetrnik/tele/power_board/RPM 229
22:07:05.579510530 : vetrnik/tele/power_board/time 18103
22:07:06.579849085 : vetrnik/tele/power_board/time 18104
22:07:07.580441731 : vetrnik/tele/power_board/time 18105
22:07:08.579789958 : vetrnik/tele/power_board/time 18106
22:07:09.580163715 : vetrnik/tele/power_board/time 18107
22:07:10.080190640 : vetrnik/tele/power_board/RPM 308
22:07:10.579657255 : vetrnik/tele/power_board/time 18108
22:07:10.579859513 : vetrnik/tele/power_board/RPM 279
22:07:11.580044530 : vetrnik/tele/power_board/time 18109
22:07:12.579803456 : vetrnik/tele/power_board/time 18110
22:07:13.580323211 : vetrnik/tele/power_board/time 18111
22:07:14.579362826 : vetrnik/tele/power_board/time 18112
22:07:15.579891080 : vetrnik/tele/power_board/time 18113
22:07:16.079304453 : vetrnik/tele/power_board/RPM 328
22:07:16.580138131 : vetrnik/tele/power_board/time 18114
22:07:16.580281112 : vetrnik/tele/power_board/RPM 349
22:07:17.579593725 : vetrnik/tele/power_board/time 18115
22:07:18.580198440 : vetrnik/tele/power_board/time 18116
22:07:19.579508515 : vetrnik/tele/power_board/time 18117
22:07:20.580082174 : vetrnik/tele/power_board/time 18118
22:07:21.580010225 : vetrnik/tele/power_board/time 18119
22:07:22.580245478 : vetrnik/tele/power_board/time 18120
22:07:23.077788010 : vetrnik/tele/power_board/RPM 0
22:07:23.578448503 : vetrnik/tele/power_board/time 18121
22:07:24.577649558 : vetrnik/tele/power_board/time 18122
22:07:25.578654286 : vetrnik/tele/power_board/time 18123
22:07:26.577590861 : vetrnik/tele/power_board/time 18124
22:07:27.577824390 : vetrnik/tele/power_board/time 18125
22:07:28.577202701 : vetrnik/tele/power_board/time 18126
22:07:29.577764246 : vetrnik/tele/power_board/time 18127
22:07:30.577359833 : vetrnik/tele/power_board/time 18128
22:07:31.578032062 : vetrnik/tele/power_board/time 18129
22:07:32.578326421 : vetrnik/tele/power_board/time 18130
22:07:33.577730509 : vetrnik/tele/power_board/time 18131
22:07:34.577990924 : vetrnik/tele/power_board/time 18132
22:07:35.577306696 : vetrnik/tele/power_board/time 18133
22:07:36.577935441 : vetrnik/tele/power_board/time 18134
22:07:37.577267343 : vetrnik/tele/power_board/time 18135
22:07:38.578178808 : vetrnik/tele/power_board/time 18136
22:07:39.578272111 : vetrnik/tele/power_board/time 18137
22:07:40.578979446 : vetrnik/tele/power_board/time 18138
22:07:41.577983033 : vetrnik/tele/power_board/time 18139
22:07:42.577702078 : vetrnik/tele/power_board/time 18140
22:07:43.577834324 : vetrnik/tele/power_board/time 18141
22:07:44.577281518 : vetrnik/tele/power_board/time 18142
22:07:45.577643077 : vetrnik/tele/power_board/time 18143
22:07:46.576941530 : vetrnik/tele/power_board/time 18144
22:07:47.577490494 : vetrnik/tele/power_board/time 18145
22:07:48.578120291 : vetrnik/tele/power_board/time 18146
22:07:49.577795945 : vetrnik/tele/power_board/time 18147
22:07:50.577993521 : vetrnik/tele/power_board/time 18148
22:07:51.577268399 : vetrnik/tele/power_board/time 18149
22:07:52.577956138 : vetrnik/tele/power_board/time 18150
22:07:53.577227237 : vetrnik/tele/power_board/time 18151
22:07:54.577602329 : vetrnik/tele/power_board/time 18152
22:07:55.578189216 : vetrnik/tele/power_board/time 18153
22:07:56.577440426 : vetrnik/tele/power_board/time 18154
22:07:57.577998497 : vetrnik/tele/power_board/time 18155
22:07:58.577435186 : vetrnik/tele/power_board/time 18156
22:07:59.577961479 : vetrnik/tele/power_board/time 18157
22:08:00.577264131 : vetrnik/tele/power_board/time 18158
22:08:01.578111070 : vetrnik/tele/power_board/time 18159
22:08:02.577460147 : vetrnik/tele/power_board/time 18160
22:08:03.577495257 : vetrnik/tele/power_board/time 18161
22:08:04.578397212 : vetrnik/tele/power_board/time 18162
22:08:05.577473179 : vetrnik/tele/power_board/time 18163
22:08:06.577807786 : vetrnik/tele/power_board/time 18164
22:08:07.577401915 : vetrnik/tele/power_board/time 18165
22:08:08.579043587 : vetrnik/tele/power_board/time 18166
22:08:09.577712944 : vetrnik/tele/power_board/time 18167
22:08:10.577446608 : vetrnik/tele/power_board/time 18168
22:08:11.578043137 : vetrnik/tele/power_board/time 18169
22:08:12.577442785 : vetrnik/tele/power_board/time 18170
22:08:13.578240219 : vetrnik/tele/power_board/time 18171
22:08:14.577289906 : vetrnik/tele/power_board/time 18172
22:08:15.577674879 : vetrnik/tele/power_board/time 18173
22:08:16.577026192 : vetrnik/tele/power_board/time 18174
22:08:17.577613627 : vetrnik/tele/power_board/time 18175
22:08:18.576938958 : vetrnik/tele/power_board/time 18176
22:08:19.577531355 : vetrnik/tele/power_board/time 18177
22:08:20.578179843 : vetrnik/tele/power_board/time 18178
22:08:21.577454822 : vetrnik/tele/power_board/time 18179
22:08:22.578236716 : vetrnik/tele/power_board/time 18180
22:08:23.577436269 : vetrnik/tele/power_board/time 18181
22:08:24.578005312 : vetrnik/tele/power_board/time 18182
22:08:25.577209031 : vetrnik/tele/power_board/time 18183
22:08:26.577707926 : vetrnik/tele/power_board/time 18184
22:08:27.578279894 : vetrnik/tele/power_board/time 18185
22:08:28.577668869 : vetrnik/tele/power_board/time 18186
22:08:29.577863284 : vetrnik/tele/power_board/time 18187
22:08:30.577598497 : vetrnik/tele/power_board/time 18188
22:08:31.577705800 : vetrnik/tele/power_board/time 18189
22:08:32.577432069 : vetrnik/tele/power_board/time 18190
22:08:33.577575112 : vetrnik/tele/power_board/time 18191
22:08:34.577212176 : vetrnik/tele/power_board/time 18192
22:08:35.577666180 : vetrnik/tele/power_board/time 18193
22:08:36.577762407 : vetrnik/tele/power_board/time 18194
22:08:37.577076269 : vetrnik/tele/power_board/time 18195
22:08:38.577759659 : vetrnik/tele/power_board/time 18196
22:08:39.577076224 : vetrnik/tele/power_board/time 18197
22:08:40.577859001 : vetrnik/tele/power_board/time 18198
22:08:41.577084121 : vetrnik/tele/power_board/time 18199
22:08:42.577715288 : vetrnik/tele/power_board/time 18200
22:08:43.577924365 : vetrnik/tele/power_board/time 18201
22:08:44.577467760 : vetrnik/tele/power_board/time 18202
22:08:45.577895982 : vetrnik/tele/power_board/time 18203
22:08:46.577220823 : vetrnik/tele/power_board/time 18204
22:08:47.577806951 : vetrnik/tele/power_board/time 18205
22:08:48.577074161 : vetrnik/tele/power_board/time 18206
22:08:49.579078984 : vetrnik/tele/power_board/time 18207
22:08:50.576894388 : vetrnik/tele/power_board/time 18208
22:08:51.577746217 : vetrnik/tele/power_board/time 18209
22:08:52.578021734 : vetrnik/tele/power_board/time 18210
22:08:53.577430553 : vetrnik/tele/power_board/time 18211
22:08:54.577615571 : vetrnik/tele/power_board/time 18212
22:08:55.577284684 : vetrnik/tele/power_board/time 18213
22:08:56.577407701 : vetrnik/tele/power_board/time 18214
22:08:57.577022055 : vetrnik/tele/power_board/time 18215
22:08:58.577274922 : vetrnik/tele/power_board/time 18216
22:08:59.577839417 : vetrnik/tele/power_board/time 18217
22:09:00.577365622 : vetrnik/tele/power_board/time 18218
22:09:01.577894172 : vetrnik/tele/power_board/time 18219
22:09:02.577229618 : vetrnik/tele/power_board/time 18220
22:09:03.577731501 : vetrnik/tele/power_board/time 18221
22:09:04.577352686 : vetrnik/tele/power_board/time 18222
22:09:05.577814439 : vetrnik/tele/power_board/time 18223
22:09:06.576973348 : vetrnik/tele/power_board/time 18224
22:09:07.577325305 : vetrnik/tele/power_board/time 18225
22:09:08.577773927 : vetrnik/tele/power_board/time 18226
22:09:09.577194667 : vetrnik/tele/power_board/time 18227
22:09:10.577839899 : vetrnik/tele/power_board/time 18228
22:09:11.577174546 : vetrnik/tele/power_board/time 18229
22:09:12.577753407 : vetrnik/tele/power_board/time 18230
22:09:13.577196849 : vetrnik/tele/power_board/time 18231
22:09:14.577545582 : vetrnik/tele/power_board/time 18232
22:09:15.578082739 : vetrnik/tele/power_board/time 18233
22:09:16.577305422 : vetrnik/tele/power_board/time 18234
22:09:17.577885782 : vetrnik/tele/power_board/time 18235
22:09:18.577216075 : vetrnik/tele/power_board/time 18236
22:09:19.577735527 : vetrnik/tele/power_board/time 18237
22:09:20.577044431 : vetrnik/tele/power_board/time 18238
22:09:21.577726326 : vetrnik/tele/power_board/time 18239
22:09:22.577113765 : vetrnik/tele/power_board/time 18240
22:09:23.577882196 : vetrnik/tele/power_board/time 18241
22:09:24.578258166 : vetrnik/tele/power_board/time 18242
22:09:25.578326989 : vetrnik/tele/power_board/time 18243
22:09:25.578537192 : vetrnik/tele/power_board/RPM 35
22:09:26.078036468 : vetrnik/tele/power_board/RPM 38
22:09:26.578672866 : vetrnik/tele/power_board/time 18244
22:09:27.077403981 : vetrnik/tele/power_board/RPM 9
22:09:27.577127811 : vetrnik/tele/power_board/time 18245
22:09:28.577803481 : vetrnik/tele/power_board/time 18246
22:09:29.576975142 : vetrnik/tele/power_board/time 18247
22:09:30.577506072 : vetrnik/tele/power_board/time 18248
22:09:31.078243155 : vetrnik/tele/power_board/RPM 15
22:09:31.578827145 : vetrnik/tele/power_board/time 18249
22:09:31.579012015 : vetrnik/tele/power_board/RPM 32
22:09:32.078756436 : vetrnik/tele/power_board/RPM 35
22:09:32.578651246 : vetrnik/tele/power_board/time 18250
22:09:33.077990448 : vetrnik/tele/power_board/RPM 26
22:09:33.578749382 : vetrnik/tele/power_board/time 18251
22:09:33.578933677 : vetrnik/tele/power_board/RPM 19
22:09:34.578219891 : vetrnik/tele/power_board/time 18252
22:09:35.578890708 : vetrnik/tele/power_board/time 18253
22:09:36.578138034 : vetrnik/tele/power_board/time 18254
22:09:37.079085910 : vetrnik/tele/power_board/RPM 27
22:09:37.578643462 : vetrnik/tele/power_board/time 18255
22:09:37.578821961 : vetrnik/tele/power_board/RPM 39
22:09:38.578129211 : vetrnik/tele/power_board/time 18256
22:09:39.578223160 : vetrnik/tele/power_board/time 18257
22:09:40.578748624 : vetrnik/tele/power_board/time 18258
22:09:41.578379019 : vetrnik/tele/power_board/time 18259
22:09:42.578938909 : vetrnik/tele/power_board/time 18260
22:09:43.079480750 : vetrnik/tele/power_board/RPM 100
22:09:43.579358095 : vetrnik/tele/power_board/time 18261
22:09:44.078962201 : vetrnik/tele/power_board/RPM 59
22:09:44.578672418 : vetrnik/tele/power_board/time 18262
22:09:45.578021962 : vetrnik/tele/power_board/time 18263
22:09:46.578511166 : vetrnik/tele/power_board/time 18264
22:09:47.578910147 : vetrnik/tele/power_board/time 18265
22:09:48.578555930 : vetrnik/tele/power_board/time 18266
22:09:48.578801798 : vetrnik/tele/power_board/RPM 66
22:09:49.077942536 : vetrnik/tele/power_board/RPM 94
22:09:49.578828837 : vetrnik/tele/power_board/time 18267
22:09:49.579168520 : vetrnik/tele/power_board/RPM 99
22:09:50.578126232 : vetrnik/tele/power_board/time 18268
22:09:51.578756267 : vetrnik/tele/power_board/time 18269
22:09:52.578053050 : vetrnik/tele/power_board/time 18270
22:09:53.578622807 : vetrnik/tele/power_board/time 18271
22:09:54.578945453 : vetrnik/tele/power_board/time 18272
22:09:54.579150878 : vetrnik/tele/power_board/RPM 147
22:09:55.579560265 : vetrnik/tele/power_board/time 18273
22:09:55.579796411 : vetrnik/tele/power_board/RPM 119
22:09:56.579805893 : vetrnik/tele/power_board/time 18274
22:09:57.579208174 : vetrnik/tele/power_board/time 18275
22:09:58.579943613 : vetrnik/tele/power_board/time 18276
22:09:59.579218136 : vetrnik/tele/power_board/time 18277
22:10:00.579739854 : vetrnik/tele/power_board/time 18278
22:10:00.579948889 : vetrnik/tele/power_board/RPM 145
22:10:01.079397346 : vetrnik/tele/power_board/RPM 149
22:10:01.579144856 : vetrnik/tele/power_board/time 18279
22:10:02.579931572 : vetrnik/tele/power_board/time 18280
22:10:03.580331900 : vetrnik/tele/power_board/time 18281
22:10:04.579247887 : vetrnik/tele/power_board/time 18282
22:10:05.579802658 : vetrnik/tele/power_board/time 18283
22:10:06.579501009 : vetrnik/tele/power_board/time 18284
22:10:06.579695045 : vetrnik/tele/power_board/RPM 191
22:10:07.579638228 : vetrnik/tele/power_board/time 18285
22:10:08.578956210 : vetrnik/tele/power_board/time 18286
22:10:09.579510166 : vetrnik/tele/power_board/time 18287
22:10:10.578939351 : vetrnik/tele/power_board/time 18288
22:10:11.579481603 : vetrnik/tele/power_board/time 18289
22:10:12.079253870 : vetrnik/tele/power_board/RPM 259
22:10:12.580061761 : vetrnik/tele/power_board/time 18290
22:10:12.580191390 : vetrnik/tele/power_board/RPM 243
22:10:13.079791103 : vetrnik/tele/power_board/RPM 229
22:10:13.579133188 : vetrnik/tele/power_board/time 18291
22:10:14.580038548 : vetrnik/tele/power_board/time 18292
22:10:15.579454583 : vetrnik/tele/power_board/time 18293
22:10:16.579463615 : vetrnik/tele/power_board/time 18294
22:10:17.578769095 : vetrnik/tele/power_board/time 18295
22:10:18.079622577 : vetrnik/tele/power_board/RPM 291
22:10:18.579578065 : vetrnik/tele/power_board/time 18296
22:10:18.579735768 : vetrnik/tele/power_board/RPM 279
22:10:19.579793798 : vetrnik/tele/power_board/time 18297
22:10:20.579034519 : vetrnik/tele/power_board/time 18298
22:10:21.579951339 : vetrnik/tele/power_board/time 18299
22:10:22.579381669 : vetrnik/tele/power_board/time 18300
22:10:23.579448921 : vetrnik/tele/power_board/time 18301
22:10:24.079231780 : vetrnik/tele/power_board/RPM 349
22:10:24.579208470 : vetrnik/tele/power_board/time 18302
22:10:25.579325721 : vetrnik/tele/power_board/time 18303
22:10:26.579151029 : vetrnik/tele/power_board/time 18304
22:10:27.579317982 : vetrnik/tele/power_board/time 18305
22:10:28.579958840 : vetrnik/tele/power_board/time 18306
22:10:29.579081299 : vetrnik/tele/power_board/time 18307
22:10:30.078730028 : vetrnik/tele/power_board/RPM 425
22:10:30.579660120 : vetrnik/tele/power_board/time 18308
22:10:30.579965488 : vetrnik/tele/power_board/RPM 429
22:10:31.579073373 : vetrnik/tele/power_board/time 18309
22:10:32.579329695 : vetrnik/tele/power_board/time 18310
22:10:33.578787744 : vetrnik/tele/power_board/time 18311
22:10:34.579551173 : vetrnik/tele/power_board/time 18312
22:10:35.580237492 : vetrnik/tele/power_board/time 18313
22:10:35.580467268 : vetrnik/tele/power_board/RPM 529
22:10:36.579295987 : vetrnik/tele/power_board/time 18314
22:10:37.579610789 : vetrnik/tele/power_board/time 18315
22:10:38.578953059 : vetrnik/tele/power_board/time 18316
22:10:39.579586377 : vetrnik/tele/power_board/time 18317
22:10:40.578912684 : vetrnik/tele/power_board/time 18318
22:10:41.579967536 : vetrnik/tele/power_board/time 18319
22:10:42.577058431 : vetrnik/tele/power_board/time 18320
22:10:42.577322096 : vetrnik/tele/power_board/RPM 0
22:10:43.577145029 : vetrnik/tele/power_board/time 18321
22:10:44.577515884 : vetrnik/tele/power_board/time 18322
22:10:45.577086818 : vetrnik/tele/power_board/time 18323
22:10:46.577458265 : vetrnik/tele/power_board/time 18324
22:10:47.576717460 : vetrnik/tele/power_board/time 18325
22:10:48.577310238 : vetrnik/tele/power_board/time 18326
22:10:49.576907764 : vetrnik/tele/power_board/time 18327
22:10:50.577139878 : vetrnik/tele/power_board/time 18328
22:10:51.577676915 : vetrnik/tele/power_board/time 18329
22:10:52.577050589 : vetrnik/tele/power_board/time 18330
22:10:53.577550867 : vetrnik/tele/power_board/time 18331
22:10:54.577123929 : vetrnik/tele/power_board/time 18332
22:10:55.577529095 : vetrnik/tele/power_board/time 18333
22:10:56.576870195 : vetrnik/tele/power_board/time 18334
22:10:57.577287472 : vetrnik/tele/power_board/time 18335
22:10:58.576606145 : vetrnik/tele/power_board/time 18336
22:10:59.577426420 : vetrnik/tele/power_board/time 18337
22:11:00.577403922 : vetrnik/tele/power_board/time 18338
22:11:01.577083425 : vetrnik/tele/power_board/time 18339
22:11:02.577267017 : vetrnik/tele/power_board/time 18340
22:11:03.577012853 : vetrnik/tele/power_board/time 18341
22:11:04.577529573 : vetrnik/tele/power_board/time 18342
22:11:05.576798726 : vetrnik/tele/power_board/time 18343
22:11:06.577274964 : vetrnik/tele/power_board/time 18344
22:11:07.578031422 : vetrnik/tele/power_board/time 18345
22:11:08.576999798 : vetrnik/tele/power_board/time 18346
22:11:09.577626071 : vetrnik/tele/power_board/time 18347
22:11:10.576845390 : vetrnik/tele/power_board/time 18348
22:11:11.577368404 : vetrnik/tele/power_board/time 18349
22:11:12.576710907 : vetrnik/tele/power_board/time 18350
22:11:13.577329328 : vetrnik/tele/power_board/time 18351
22:11:14.576574960 : vetrnik/tele/power_board/time 18352
22:11:15.577098584 : vetrnik/tele/power_board/time 18353
22:11:16.577880614 : vetrnik/tele/power_board/time 18354
22:11:17.576874192 : vetrnik/tele/power_board/time 18355
22:11:18.577511889 : vetrnik/tele/power_board/time 18356
22:11:19.576927445 : vetrnik/tele/power_board/time 18357
22:11:20.577342421 : vetrnik/tele/power_board/time 18358
22:11:21.576696717 : vetrnik/tele/power_board/time 18359
22:11:22.577351228 : vetrnik/tele/power_board/time 18360
22:11:23.577506371 : vetrnik/tele/power_board/time 18361
22:11:24.577061666 : vetrnik/tele/power_board/time 18362
22:11:25.577359956 : vetrnik/tele/power_board/time 18363
22:11:26.577019583 : vetrnik/tele/power_board/time 18364
22:11:27.577201114 : vetrnik/tele/power_board/time 18365
22:11:28.576928425 : vetrnik/tele/power_board/time 18366
22:11:29.577270214 : vetrnik/tele/power_board/time 18367
22:11:30.576665397 : vetrnik/tele/power_board/time 18368
22:11:31.576948352 : vetrnik/tele/power_board/time 18369
22:11:32.577482213 : vetrnik/tele/power_board/time 18370
22:11:33.576840118 : vetrnik/tele/power_board/time 18371
22:11:34.577278109 : vetrnik/tele/power_board/time 18372
22:11:35.576950419 : vetrnik/tele/power_board/time 18373
22:11:36.577113929 : vetrnik/tele/power_board/time 18374
22:11:37.576710962 : vetrnik/tele/power_board/time 18375
22:11:38.576937045 : vetrnik/tele/power_board/time 18376
22:11:39.577567034 : vetrnik/tele/power_board/time 18377
22:11:40.576856271 : vetrnik/tele/power_board/time 18378
22:11:41.577568851 : vetrnik/tele/power_board/time 18379
22:11:42.576811421 : vetrnik/tele/power_board/time 18380
22:11:43.577457705 : vetrnik/tele/power_board/time 18381
22:11:44.576614886 : vetrnik/tele/power_board/time 18382
22:11:45.577308169 : vetrnik/tele/power_board/time 18383
22:11:46.576563257 : vetrnik/tele/power_board/time 18384
22:11:47.577083170 : vetrnik/tele/power_board/time 18385
22:11:48.577616138 : vetrnik/tele/power_board/time 18386
22:11:49.576937966 : vetrnik/tele/power_board/time 18387
22:11:50.577183954 : vetrnik/tele/power_board/time 18388
22:11:51.576915279 : vetrnik/tele/power_board/time 18389
22:11:52.577381561 : vetrnik/tele/power_board/time 18390
22:11:53.576854720 : vetrnik/tele/power_board/time 18391
22:11:54.576910801 : vetrnik/tele/power_board/time 18392
22:11:55.577468268 : vetrnik/tele/power_board/time 18393
22:11:56.576746409 : vetrnik/tele/power_board/time 18394
22:11:57.577408023 : vetrnik/tele/power_board/time 18395
22:11:58.576832236 : vetrnik/tele/power_board/time 18396
22:11:59.577479035 : vetrnik/tele/power_board/time 18397
22:12:00.576700583 : vetrnik/tele/power_board/time 18398
22:12:01.576889124 : vetrnik/tele/power_board/time 18399
22:12:02.576619520 : vetrnik/tele/power_board/time 18400
22:12:03.576955727 : vetrnik/tele/power_board/time 18401
22:12:04.577381063 : vetrnik/tele/power_board/time 18402
22:12:05.576734906 : vetrnik/tele/power_board/time 18403
22:12:06.577257814 : vetrnik/tele/power_board/time 18404
22:12:07.576702230 : vetrnik/tele/power_board/time 18405
22:12:08.577311823 : vetrnik/tele/power_board/time 18406
22:12:09.576763571 : vetrnik/tele/power_board/time 18407
22:12:10.577078684 : vetrnik/tele/power_board/time 18408
22:12:11.577396871 : vetrnik/tele/power_board/time 18409
22:12:12.577052006 : vetrnik/tele/power_board/time 18410
22:12:13.577572931 : vetrnik/tele/power_board/time 18411
22:12:14.576923920 : vetrnik/tele/power_board/time 18412
22:12:15.577366661 : vetrnik/tele/power_board/time 18413
22:12:16.576682556 : vetrnik/tele/power_board/time 18414
22:12:17.577052445 : vetrnik/tele/power_board/time 18415
22:12:18.576563247 : vetrnik/tele/power_board/time 18416
22:12:19.576956931 : vetrnik/tele/power_board/time 18417
22:12:20.577269320 : vetrnik/tele/power_board/time 18418
22:12:21.577023119 : vetrnik/tele/power_board/time 18419
22:12:22.577268119 : vetrnik/tele/power_board/time 18420
22:12:23.576660587 : vetrnik/tele/power_board/time 18421
22:12:24.577180436 : vetrnik/tele/power_board/time 18422
22:12:25.576591922 : vetrnik/tele/power_board/time 18423
22:12:26.576953105 : vetrnik/tele/power_board/time 18424
22:12:27.577530898 : vetrnik/tele/power_board/time 18425
22:12:28.577037771 : vetrnik/tele/power_board/time 18426
22:12:29.577539694 : vetrnik/tele/power_board/time 18427
22:12:30.576738310 : vetrnik/tele/power_board/time 18428
22:12:31.577172769 : vetrnik/tele/power_board/time 18429
22:12:32.576436606 : vetrnik/tele/power_board/time 18430
22:12:33.078413695 : vetrnik/tele/power_board/RPM 33
22:12:33.577977244 : vetrnik/tele/power_board/time 18431
22:12:33.578181909 : vetrnik/tele/power_board/RPM 40
22:12:34.576595344 : vetrnik/tele/power_board/time 18432
22:12:34.576796657 : vetrnik/tele/power_board/RPM 9
22:12:35.576994710 : vetrnik/tele/power_board/time 18433
22:12:36.577168578 : vetrnik/tele/power_board/time 18434
22:12:37.576860837 : vetrnik/tele/power_board/time 18435
22:12:38.577171629 : vetrnik/tele/power_board/time 18436
22:12:39.077831707 : vetrnik/tele/power_board/RPM 26
22:12:39.577842938 : vetrnik/tele/power_board/time 18437
22:12:39.578067214 : vetrnik/tele/power_board/RPM 31
22:12:40.078398275 : vetrnik/tele/power_board/RPM 34
22:12:40.578000193 : vetrnik/tele/power_board/time 18438
22:12:41.077759277 : vetrnik/tele/power_board/RPM 26
22:12:41.577575156 : vetrnik/tele/power_board/time 18439
22:12:41.577778525 : vetrnik/tele/power_board/RPM 19
22:12:42.577857059 : vetrnik/tele/power_board/time 18440
22:12:43.578481737 : vetrnik/tele/power_board/time 18441
22:12:44.577691072 : vetrnik/tele/power_board/time 18442
22:12:45.077494433 : vetrnik/tele/power_board/RPM 27
22:12:45.578598007 : vetrnik/tele/power_board/time 18443
22:12:45.578813468 : vetrnik/tele/power_board/RPM 39
22:12:46.577679102 : vetrnik/tele/power_board/time 18444
22:12:47.578091891 : vetrnik/tele/power_board/time 18445
22:12:48.577509724 : vetrnik/tele/power_board/time 18446
22:12:49.578323048 : vetrnik/tele/power_board/time 18447
22:12:50.577492456 : vetrnik/tele/power_board/time 18448
22:12:50.577689214 : vetrnik/tele/power_board/RPM 43
22:12:51.079180804 : vetrnik/tele/power_board/RPM 147
22:12:51.578787888 : vetrnik/tele/power_board/time 18449
22:12:51.578999905 : vetrnik/tele/power_board/RPM 104
22:12:52.077618809 : vetrnik/tele/power_board/RPM 60
22:12:52.578439200 : vetrnik/tele/power_board/time 18450
22:12:53.577889235 : vetrnik/tele/power_board/time 18451
22:12:54.578346449 : vetrnik/tele/power_board/time 18452
22:12:55.577576060 : vetrnik/tele/power_board/time 18453
22:12:56.578090162 : vetrnik/tele/power_board/time 18454
22:12:56.578289327 : vetrnik/tele/power_board/RPM 76
22:12:57.078017835 : vetrnik/tele/power_board/RPM 97
22:12:57.577469586 : vetrnik/tele/power_board/time 18455
22:12:58.578032446 : vetrnik/tele/power_board/time 18456
22:12:59.578411845 : vetrnik/tele/power_board/time 18457
22:13:00.577773972 : vetrnik/tele/power_board/time 18458
22:13:01.578159389 : vetrnik/tele/power_board/time 18459
22:13:02.578784785 : vetrnik/tele/power_board/time 18460
22:13:02.578982747 : vetrnik/tele/power_board/RPM 182
22:13:03.079496583 : vetrnik/tele/power_board/RPM 119
22:13:03.579082295 : vetrnik/tele/power_board/time 18461
22:13:04.578683031 : vetrnik/tele/power_board/time 18462
22:13:05.579458685 : vetrnik/tele/power_board/time 18463
22:13:06.578569924 : vetrnik/tele/power_board/time 18464
22:13:07.578938747 : vetrnik/tele/power_board/time 18465
22:13:08.579510031 : vetrnik/tele/power_board/time 18466
22:13:08.579718326 : vetrnik/tele/power_board/RPM 353
22:13:09.079032484 : vetrnik/tele/power_board/RPM 149
22:13:09.578936360 : vetrnik/tele/power_board/time 18467
22:13:10.579292498 : vetrnik/tele/power_board/time 18468
22:13:11.578622678 : vetrnik/tele/power_board/time 18469
22:13:12.579002204 : vetrnik/tele/power_board/time 18470
22:13:13.578596179 : vetrnik/tele/power_board/time 18471
22:13:14.079319661 : vetrnik/tele/power_board/RPM 170
22:13:14.578958927 : vetrnik/tele/power_board/time 18472
22:13:14.579109667 : vetrnik/tele/power_board/RPM 190
22:13:15.579239749 : vetrnik/tele/power_board/time 18473
22:13:16.578938519 : vetrnik/tele/power_board/time 18474
22:13:17.579260118 : vetrnik/tele/power_board/time 18475
22:13:18.578656982 : vetrnik/tele/power_board/time 18476
22:13:19.579297709 : vetrnik/tele/power_board/time 18477
22:13:20.078735698 : vetrnik/tele/power_board/RPM 229
22:13:20.578958923 : vetrnik/tele/power_board/time 18478
22:13:21.578996653 : vetrnik/tele/power_board/time 18479
22:13:22.578439868 : vetrnik/tele/power_board/time 18480
22:13:23.578828132 : vetrnik/tele/power_board/time 18481
22:13:24.579454265 : vetrnik/tele/power_board/time 18482
22:13:25.578823258 : vetrnik/tele/power_board/time 18483
22:13:26.078600689 : vetrnik/tele/power_board/RPM 290
22:13:26.579188448 : vetrnik/tele/power_board/time 18484
22:13:26.579391428 : vetrnik/tele/power_board/RPM 280
22:13:27.578508774 : vetrnik/tele/power_board/time 18485
22:13:28.579142869 : vetrnik/tele/power_board/time 18486
22:13:29.578250640 : vetrnik/tele/power_board/time 18487
22:13:30.578910476 : vetrnik/tele/power_board/time 18488
22:13:31.579326127 : vetrnik/tele/power_board/time 18489
22:13:32.079009577 : vetrnik/tele/power_board/RPM 327
22:13:32.579041598 : vetrnik/tele/power_board/time 18490
22:13:32.579266893 : vetrnik/tele/power_board/RPM 349
22:13:33.579385972 : vetrnik/tele/power_board/time 18491
22:13:34.578508779 : vetrnik/tele/power_board/time 18492
22:13:35.579377019 : vetrnik/tele/power_board/time 18493
22:13:36.578909954 : vetrnik/tele/power_board/time 18494
22:13:37.578979088 : vetrnik/tele/power_board/time 18495
22:13:37.579198660 : vetrnik/tele/power_board/RPM 427
22:13:38.578622317 : vetrnik/tele/power_board/time 18496
22:13:39.079335796 : vetrnik/tele/power_board/RPM 430
22:13:39.578963745 : vetrnik/tele/power_board/time 18497
22:13:40.579310433 : vetrnik/tele/power_board/time 18498
22:13:41.579031476 : vetrnik/tele/power_board/time 18499
22:13:42.579339126 : vetrnik/tele/power_board/time 18500
22:13:43.578785819 : vetrnik/tele/power_board/time 18501
22:13:43.579007891 : vetrnik/tele/power_board/RPM 519
22:13:44.079216559 : vetrnik/tele/power_board/RPM 528
22:13:44.579304578 : vetrnik/tele/power_board/time 18502
22:13:45.578596272 : vetrnik/tele/power_board/time 18503
22:13:46.578824366 : vetrnik/tele/power_board/time 18504
22:13:47.579475828 : vetrnik/tele/power_board/time 18505
22:13:48.578839020 : vetrnik/tele/power_board/time 18506
22:13:49.579132410 : vetrnik/tele/power_board/time 18507
22:13:49.579355890 : vetrnik/tele/power_board/RPM 649
22:13:50.578536916 : vetrnik/tele/power_board/time 18508
22:13:51.578972953 : vetrnik/tele/power_board/time 18509
22:13:52.578590939 : vetrnik/tele/power_board/time 18510
22:13:53.578990735 : vetrnik/tele/power_board/time 18511
22:13:54.578283760 : vetrnik/tele/power_board/time 18512
22:13:55.578936628 : vetrnik/tele/power_board/time 18513
22:13:55.579107145 : vetrnik/tele/power_board/RPM 799
22:13:56.579262349 : vetrnik/tele/power_board/time 18514
22:13:57.578715243 : vetrnik/tele/power_board/time 18515
22:13:58.579068150 : vetrnik/tele/power_board/time 18516
22:13:59.578453821 : vetrnik/tele/power_board/time 18517
22:14:00.579011337 : vetrnik/tele/power_board/time 18518
22:14:01.078449341 : vetrnik/tele/power_board/RPM 839
22:14:01.578382823 : vetrnik/tele/power_board/time 18519
22:14:02.578892431 : vetrnik/tele/power_board/time 18520
22:14:03.579079597 : vetrnik/tele/power_board/time 18521
22:14:04.578883302 : vetrnik/tele/power_board/time 18522
22:14:05.579682112 : vetrnik/tele/power_board/time 18523
22:14:05.579854870 : vetrnik/tele/power_board/RPM 836
22:14:06.578414861 : vetrnik/tele/power_board/time 18524
22:14:07.079595131 : vetrnik/tele/power_board/RPM 383
22:14:07.579384076 : vetrnik/tele/power_board/time 18525
22:14:07.579629575 : vetrnik/tele/power_board/RPM 368
22:14:08.079006041 : vetrnik/tele/power_board/RPM 670
22:14:08.578539488 : vetrnik/tele/power_board/time 18526
22:14:08.578689099 : vetrnik/tele/power_board/RPM 384
22:14:09.079248817 : vetrnik/tele/power_board/RPM 314
22:14:09.578894337 : vetrnik/tele/power_board/time 18527
22:14:09.579054596 : vetrnik/tele/power_board/RPM 136
22:14:10.078630635 : vetrnik/tele/power_board/RPM 197
22:14:10.578215193 : vetrnik/tele/power_board/time 18528
22:14:10.578367951 : vetrnik/tele/power_board/RPM 353
22:14:11.579054834 : vetrnik/tele/power_board/time 18529
22:14:11.579300814 : vetrnik/tele/power_board/RPM 250
22:14:12.078641096 : vetrnik/tele/power_board/RPM 362
22:14:12.579479534 : vetrnik/tele/power_board/time 18530
22:14:12.579718736 : vetrnik/tele/power_board/RPM 521
22:14:13.078931629 : vetrnik/tele/power_board/RPM 501
22:14:13.579059535 : vetrnik/tele/power_board/time 18531
22:14:13.579426366 : vetrnik/tele/power_board/RPM 294
22:14:14.576830085 : vetrnik/tele/power_board/time 18532
22:14:14.577023787 : vetrnik/tele/power_board/RPM 0
22:14:15.576433715 : vetrnik/tele/power_board/time 18533
22:14:16.576743934 : vetrnik/tele/power_board/time 18534
22:14:17.576533452 : vetrnik/tele/power_board/time 18535
22:14:18.576834947 : vetrnik/tele/power_board/time 18536
22:14:19.577263942 : vetrnik/tele/power_board/time 18537
22:14:20.576515537 : vetrnik/tele/power_board/time 18538
22:14:21.577136456 : vetrnik/tele/power_board/time 18539
22:14:22.576394347 : vetrnik/tele/power_board/time 18540
22:14:23.576989173 : vetrnik/tele/power_board/time 18541
22:14:24.576219916 : vetrnik/tele/power_board/time 18542
22:14:25.576934630 : vetrnik/tele/power_board/time 18543
22:14:26.576185761 : vetrnik/tele/power_board/time 18544
22:14:27.576980252 : vetrnik/tele/power_board/time 18545
22:14:28.577158858 : vetrnik/tele/power_board/time 18546
22:14:29.576357970 : vetrnik/tele/power_board/time 18547
22:14:30.576991017 : vetrnik/tele/power_board/time 18548
22:14:31.576515479 : vetrnik/tele/power_board/time 18549
22:14:32.576885861 : vetrnik/tele/power_board/time 18550
22:14:33.576237953 : vetrnik/tele/power_board/time 18551
22:14:34.576764574 : vetrnik/tele/power_board/time 18552
22:14:35.576952586 : vetrnik/tele/power_board/time 18553
22:14:36.576636027 : vetrnik/tele/power_board/time 18554
22:14:37.577003205 : vetrnik/tele/power_board/time 18555
22:14:38.576480314 : vetrnik/tele/power_board/time 18556
22:14:39.577572560 : vetrnik/tele/power_board/time 18557
22:14:40.576145323 : vetrnik/tele/power_board/time 18558
22:14:41.576735128 : vetrnik/tele/power_board/time 18559
22:14:42.577280655 : vetrnik/tele/power_board/time 18560
22:14:42.577458135 : vetrnik/tele/power_board/RPM 24
22:14:43.576634116 : vetrnik/tele/power_board/time 18561
22:14:43.576822318 : vetrnik/tele/power_board/RPM 0
22:14:44.576817534 : vetrnik/tele/power_board/time 18562
22:14:45.576551085 : vetrnik/tele/power_board/time 18563
22:14:46.576849354 : vetrnik/tele/power_board/time 18564
22:14:47.576450997 : vetrnik/tele/power_board/time 18565
22:14:48.576746192 : vetrnik/tele/power_board/time 18566
22:14:49.576076670 : vetrnik/tele/power_board/time 18567
22:14:50.576575974 : vetrnik/tele/power_board/time 18568
22:14:51.577299480 : vetrnik/tele/power_board/time 18569
22:14:52.576460237 : vetrnik/tele/power_board/time 18570
22:14:53.576898875 : vetrnik/tele/power_board/time 18571
22:14:54.078610656 : vetrnik/tele/power_board/RPM 23
22:14:54.577336938 : vetrnik/tele/power_board/time 18572
22:14:55.077072565 : vetrnik/tele/power_board/RPM 0
22:14:55.576733489 : vetrnik/tele/power_board/time 18573
22:14:56.576548371 : vetrnik/tele/power_board/time 18574
22:14:57.576573288 : vetrnik/tele/power_board/time 18575
22:14:58.575904395 : vetrnik/tele/power_board/time 18576
22:14:59.576564382 : vetrnik/tele/power_board/time 18577
22:15:00.577061758 : vetrnik/tele/power_board/time 18578
22:15:01.576463716 : vetrnik/tele/power_board/time 18579
22:15:02.576756056 : vetrnik/tele/power_board/time 18580
22:15:03.576470252 : vetrnik/tele/power_board/time 18581
22:15:04.576882888 : vetrnik/tele/power_board/time 18582
22:15:05.576341734 : vetrnik/tele/power_board/time 18583
22:15:06.576462704 : vetrnik/tele/power_board/time 18584
22:15:07.577107931 : vetrnik/tele/power_board/time 18585
22:15:08.576365073 : vetrnik/tele/power_board/time 18586
22:15:09.576955837 : vetrnik/tele/power_board/time 18587
22:15:10.578959887 : vetrnik/tele/power_board/time 18588
22:15:11.576591725 : vetrnik/tele/power_board/time 18589
22:15:12.576204309 : vetrnik/tele/power_board/time 18590
22:15:13.576498333 : vetrnik/tele/power_board/time 18591
22:15:14.576070251 : vetrnik/tele/power_board/time 18592
22:15:15.576608940 : vetrnik/tele/power_board/time 18593
22:15:16.576971333 : vetrnik/tele/power_board/time 18594
22:15:17.576214326 : vetrnik/tele/power_board/time 18595
22:15:18.077273203 : vetrnik/tele/power_board/RPM 15
22:15:18.577687564 : vetrnik/tele/power_board/time 18596
22:15:19.076584880 : vetrnik/tele/power_board/RPM 0
22:15:19.576539263 : vetrnik/tele/power_board/time 18597
22:15:20.576910823 : vetrnik/tele/power_board/time 18598
22:15:21.576139686 : vetrnik/tele/power_board/time 18599
22:15:22.576417913 : vetrnik/tele/power_board/time 18600
22:15:23.577045748 : vetrnik/tele/power_board/time 18601
22:15:24.576606886 : vetrnik/tele/power_board/time 18602
22:15:25.576830501 : vetrnik/tele/power_board/time 18603
22:15:26.576154048 : vetrnik/tele/power_board/time 18604
22:15:27.576675643 : vetrnik/tele/power_board/time 18605
22:15:28.576098115 : vetrnik/tele/power_board/time 18606
22:15:29.576718579 : vetrnik/tele/power_board/time 18607
22:15:30.575993014 : vetrnik/tele/power_board/time 18608
22:15:31.576627718 : vetrnik/tele/power_board/time 18609
22:15:32.576888184 : vetrnik/tele/power_board/time 18610
22:15:33.576142730 : vetrnik/tele/power_board/time 18611
22:15:34.576699768 : vetrnik/tele/power_board/time 18612
22:15:35.576971400 : vetrnik/tele/power_board/time 18613
22:15:36.576699165 : vetrnik/tele/power_board/time 18614
22:15:37.576008822 : vetrnik/tele/power_board/time 18615
22:15:38.576653155 : vetrnik/tele/power_board/time 18616
22:15:39.576845898 : vetrnik/tele/power_board/time 18617
22:15:40.576179572 : vetrnik/tele/power_board/time 18618
22:15:41.077291206 : vetrnik/tele/power_board/RPM 27
22:15:41.577800991 : vetrnik/tele/power_board/time 18619
22:15:41.578051952 : vetrnik/tele/power_board/RPM 37
22:15:42.576403299 : vetrnik/tele/power_board/time 18620
22:15:42.576759593 : vetrnik/tele/power_board/RPM 9
22:15:43.576911262 : vetrnik/tele/power_board/time 18621
22:15:44.576137177 : vetrnik/tele/power_board/time 18622
22:15:45.576777861 : vetrnik/tele/power_board/time 18623
22:15:46.576062424 : vetrnik/tele/power_board/time 18624
22:15:47.077650517 : vetrnik/tele/power_board/RPM 26
22:15:47.577346307 : vetrnik/tele/power_board/time 18625
22:15:47.577550435 : vetrnik/tele/power_board/RPM 31
22:15:48.077023894 : vetrnik/tele/power_board/RPM 34
22:15:48.577950620 : vetrnik/tele/power_board/time 18626
22:15:49.077831817 : vetrnik/tele/power_board/RPM 26
22:15:49.577315404 : vetrnik/tele/power_board/time 18627
22:15:49.577543995 : vetrnik/tele/power_board/RPM 19
22:15:50.577546831 : vetrnik/tele/power_board/time 18628
22:15:51.577499277 : vetrnik/tele/power_board/time 18629
22:15:52.577612334 : vetrnik/tele/power_board/time 18630
22:15:53.077562955 : vetrnik/tele/power_board/RPM 34
22:15:53.577076672 : vetrnik/tele/power_board/time 18631
22:15:53.577263782 : vetrnik/tele/power_board/RPM 43
22:15:54.077797844 : vetrnik/tele/power_board/RPM 39
22:15:54.577933964 : vetrnik/tele/power_board/time 18632
22:15:55.578104354 : vetrnik/tele/power_board/time 18633
22:15:56.577475303 : vetrnik/tele/power_board/time 18634
22:15:57.577809524 : vetrnik/tele/power_board/time 18635
22:15:58.577348176 : vetrnik/tele/power_board/time 18636
22:15:58.577537601 : vetrnik/tele/power_board/RPM 43
22:15:59.079152508 : vetrnik/tele/power_board/RPM 147
22:15:59.577989525 : vetrnik/tele/power_board/time 18637
22:15:59.578182653 : vetrnik/tele/power_board/RPM 59
22:16:00.577057069 : vetrnik/tele/power_board/time 18638
22:16:01.577823768 : vetrnik/tele/power_board/time 18639
22:16:02.577394975 : vetrnik/tele/power_board/time 18640
22:16:03.577366327 : vetrnik/tele/power_board/time 18641
22:16:04.577882731 : vetrnik/tele/power_board/time 18642
22:16:04.578029415 : vetrnik/tele/power_board/RPM 87
22:16:05.077654334 : vetrnik/tele/power_board/RPM 97
22:16:05.578732929 : vetrnik/tele/power_board/time 18643
22:16:05.578954483 : vetrnik/tele/power_board/RPM 100
22:16:06.577920545 : vetrnik/tele/power_board/time 18644
22:16:07.577252327 : vetrnik/tele/power_board/time 18645
22:16:08.577675231 : vetrnik/tele/power_board/time 18646
22:16:09.577132253 : vetrnik/tele/power_board/time 18647
22:16:10.578634076 : vetrnik/tele/power_board/time 18648
22:16:10.578792241 : vetrnik/tele/power_board/RPM 148
22:16:11.078002070 : vetrnik/tele/power_board/RPM 119
22:16:11.578919869 : vetrnik/tele/power_board/time 18649
22:16:12.578400538 : vetrnik/tele/power_board/time 18650
22:16:13.578707276 : vetrnik/tele/power_board/time 18651
22:16:14.578004390 : vetrnik/tele/power_board/time 18652
22:16:15.578690829 : vetrnik/tele/power_board/time 18653
22:16:16.578150609 : vetrnik/tele/power_board/time 18654
22:16:16.578336422 : vetrnik/tele/power_board/RPM 143
22:16:17.078740817 : vetrnik/tele/power_board/RPM 149
22:16:17.578436346 : vetrnik/tele/power_board/time 18655
22:16:18.578094235 : vetrnik/tele/power_board/time 18656
22:16:19.578343731 : vetrnik/tele/power_board/time 18657
22:16:20.578698394 : vetrnik/tele/power_board/time 18658
22:16:21.578170247 : vetrnik/tele/power_board/time 18659
22:16:22.077920368 : vetrnik/tele/power_board/RPM 208
22:16:22.578711963 : vetrnik/tele/power_board/time 18660
22:16:22.578928721 : vetrnik/tele/power_board/RPM 189
22:16:23.578097502 : vetrnik/tele/power_board/time 18661
22:16:24.578440330 : vetrnik/tele/power_board/time 18662
22:16:25.578210218 : vetrnik/tele/power_board/time 18663
22:16:26.578496232 : vetrnik/tele/power_board/time 18664
22:16:27.578937300 : vetrnik/tele/power_board/time 18665
22:16:28.078591069 : vetrnik/tele/power_board/RPM 243
22:16:28.578224579 : vetrnik/tele/power_board/time 18666
22:16:28.578366004 : vetrnik/tele/power_board/RPM 229
22:16:29.578911479 : vetrnik/tele/power_board/time 18667
22:16:30.578081536 : vetrnik/tele/power_board/time 18668
22:16:31.578753973 : vetrnik/tele/power_board/time 18669
22:16:32.578113270 : vetrnik/tele/power_board/time 18670
22:16:33.578452671 : vetrnik/tele/power_board/time 18671
22:16:34.078039940 : vetrnik/tele/power_board/RPM 292
22:16:34.577949893 : vetrnik/tele/power_board/time 18672
22:16:34.578099558 : vetrnik/tele/power_board/RPM 279
22:16:35.578334627 : vetrnik/tele/power_board/time 18673
22:16:36.578656658 : vetrnik/tele/power_board/time 18674
22:16:37.578367248 : vetrnik/tele/power_board/time 18675
22:16:38.578748889 : vetrnik/tele/power_board/time 18676
22:16:39.578245888 : vetrnik/tele/power_board/time 18677
22:16:39.578528497 : vetrnik/tele/power_board/RPM 383
22:16:40.078961223 : vetrnik/tele/power_board/RPM 349
22:16:40.578393382 : vetrnik/tele/power_board/time 18678
22:16:41.577786937 : vetrnik/tele/power_board/time 18679
22:16:42.578478668 : vetrnik/tele/power_board/time 18680
22:16:43.578737087 : vetrnik/tele/power_board/time 18681
22:16:44.578138178 : vetrnik/tele/power_board/time 18682
22:16:45.578959594 : vetrnik/tele/power_board/time 18683
22:16:45.579113111 : vetrnik/tele/power_board/RPM 430
22:16:46.578116075 : vetrnik/tele/power_board/time 18684
22:16:47.578483826 : vetrnik/tele/power_board/time 18685
22:16:48.577922972 : vetrnik/tele/power_board/time 18686
22:16:49.578472796 : vetrnik/tele/power_board/time 18687
22:16:50.577922960 : vetrnik/tele/power_board/time 18688
22:16:51.578281230 : vetrnik/tele/power_board/time 18689
22:16:51.578467877 : vetrnik/tele/power_board/RPM 529
22:16:52.579020182 : vetrnik/tele/power_board/time 18690
22:16:53.578386457 : vetrnik/tele/power_board/time 18691
22:16:54.578525580 : vetrnik/tele/power_board/time 18692
22:16:55.577946503 : vetrnik/tele/power_board/time 18693
22:16:56.578586307 : vetrnik/tele/power_board/time 18694
22:16:57.078342314 : vetrnik/tele/power_board/RPM 600
22:16:57.578004655 : vetrnik/tele/power_board/time 18695
22:16:57.578197839 : vetrnik/tele/power_board/RPM 649
22:16:58.578291332 : vetrnik/tele/power_board/time 18696
22:16:59.578753581 : vetrnik/tele/power_board/time 18697
22:17:00.578030338 : vetrnik/tele/power_board/time 18698
22:17:01.578737492 : vetrnik/tele/power_board/time 18699
22:17:02.578174359 : vetrnik/tele/power_board/time 18700
22:17:03.078585158 : vetrnik/tele/power_board/RPM 798
22:17:03.578489146 : vetrnik/tele/power_board/time 18701
22:17:04.578063770 : vetrnik/tele/power_board/time 18702
22:17:05.078477569 : vetrnik/tele/power_board/RPM 801
22:17:05.578415705 : vetrnik/tele/power_board/time 18703
22:17:06.078250118 : vetrnik/tele/power_board/RPM 798
22:17:06.577794293 : vetrnik/tele/power_board/time 18704
22:17:06.577951811 : vetrnik/tele/power_board/RPM 801
22:17:07.578137524 : vetrnik/tele/power_board/time 18705
22:17:08.077939141 : vetrnik/tele/power_board/RPM 798
22:17:08.578550087 : vetrnik/tele/power_board/time 18706
22:17:09.079262235 : vetrnik/tele/power_board/RPM 840
22:17:09.578228784 : vetrnik/tele/power_board/time 18707
22:17:10.578820716 : vetrnik/tele/power_board/time 18708
22:17:11.578047120 : vetrnik/tele/power_board/time 18709
22:17:12.078760639 : vetrnik/tele/power_board/RPM 837
22:17:12.578333665 : vetrnik/tele/power_board/time 18710
22:17:13.577948992 : vetrnik/tele/power_board/time 18711
22:17:14.578388555 : vetrnik/tele/power_board/time 18712
22:17:15.078043358 : vetrnik/tele/power_board/RPM 818
22:17:15.578622396 : vetrnik/tele/power_board/time 18713
22:17:15.578817302 : vetrnik/tele/power_board/RPM 880
22:17:16.578194056 : vetrnik/tele/power_board/time 18714
22:17:17.077785730 : vetrnik/tele/power_board/RPM 877
22:17:17.578540619 : vetrnik/tele/power_board/time 18715
22:17:17.578757969 : vetrnik/tele/power_board/RPM 880
22:17:18.577819151 : vetrnik/tele/power_board/time 18716
22:17:19.578448804 : vetrnik/tele/power_board/time 18717
22:17:20.577823669 : vetrnik/tele/power_board/time 18718
22:17:20.577972187 : vetrnik/tele/power_board/RPM 919
22:17:21.578490562 : vetrnik/tele/power_board/time 18719
22:17:22.577860816 : vetrnik/tele/power_board/time 18720
22:17:23.578207081 : vetrnik/tele/power_board/time 18721
22:17:24.078083753 : vetrnik/tele/power_board/RPM 922
22:17:24.578591921 : vetrnik/tele/power_board/time 18722
22:17:24.578837530 : vetrnik/tele/power_board/RPM 917
22:17:25.078599721 : vetrnik/tele/power_board/RPM 921
22:17:25.578220709 : vetrnik/tele/power_board/time 18723
22:17:26.578516771 : vetrnik/tele/power_board/time 18724
22:17:26.578686955 : vetrnik/tele/power_board/RPM 947
22:17:27.078383294 : vetrnik/tele/power_board/RPM 958
22:17:27.577945338 : vetrnik/tele/power_board/time 18725
22:17:27.578100596 : vetrnik/tele/power_board/RPM 962
22:17:28.578278881 : vetrnik/tele/power_board/time 18726
22:17:28.578463713 : vetrnik/tele/power_board/RPM 958
22:17:29.078064423 : vetrnik/tele/power_board/RPM 962
22:17:29.577727059 : vetrnik/tele/power_board/time 18727
22:17:29.577920465 : vetrnik/tele/power_board/RPM 958
22:17:30.578366285 : vetrnik/tele/power_board/time 18728
22:17:31.578756716 : vetrnik/tele/power_board/time 18729
22:17:32.078741127 : vetrnik/tele/power_board/RPM 961
22:17:32.579484719 : vetrnik/tele/power_board/time 18730
22:17:32.579737939 : vetrnik/tele/power_board/RPM 1001
22:17:33.078171268 : vetrnik/tele/power_board/RPM 873
22:17:33.579613392 : vetrnik/tele/power_board/time 18731
22:17:33.579989760 : vetrnik/tele/power_board/RPM 1001
22:17:34.078171238 : vetrnik/tele/power_board/RPM 997
22:17:34.578893108 : vetrnik/tele/power_board/time 18732
22:17:34.579139773 : vetrnik/tele/power_board/RPM 1001
22:17:35.578462803 : vetrnik/tele/power_board/time 18733
22:17:35.578592505 : vetrnik/tele/power_board/RPM 997
22:17:36.079379893 : vetrnik/tele/power_board/RPM 1000
22:17:36.578228478 : vetrnik/tele/power_board/time 18734
22:17:36.578478791 : vetrnik/tele/power_board/RPM 997
22:17:37.079495566 : vetrnik/tele/power_board/RPM 1000
22:17:37.579837826 : vetrnik/tele/power_board/time 18735
22:17:38.078058397 : vetrnik/tele/power_board/RPM 878
22:17:38.577704439 : vetrnik/tele/power_board/time 18736
22:17:38.577929308 : vetrnik/tele/power_board/RPM 398
22:17:39.078461771 : vetrnik/tele/power_board/RPM 291
22:17:39.578058147 : vetrnik/tele/power_board/time 18737
22:17:40.076985139 : vetrnik/tele/power_board/RPM 34
22:17:40.578665206 : vetrnik/tele/power_board/time 18738
22:17:40.578842853 : vetrnik/tele/power_board/RPM 133
22:17:41.077146256 : vetrnik/tele/power_board/RPM 77
22:17:41.577065259 : vetrnik/tele/power_board/time 18739
22:17:41.577256943 : vetrnik/tele/power_board/RPM 53
22:17:42.076626395 : vetrnik/tele/power_board/RPM 47
22:17:42.577495448 : vetrnik/tele/power_board/time 18740
22:17:42.577650114 : vetrnik/tele/power_board/RPM 86
22:17:43.077328508 : vetrnik/tele/power_board/RPM 89
22:17:43.576903903 : vetrnik/tele/power_board/time 18741
22:17:43.577097605 : vetrnik/tele/power_board/RPM 83
22:17:44.078824690 : vetrnik/tele/power_board/RPM 110
22:17:44.577153500 : vetrnik/tele/power_board/time 18742
22:17:44.577371572 : vetrnik/tele/power_board/RPM 62
22:17:45.575774441 : vetrnik/tele/power_board/time 18743
22:17:45.576124642 : vetrnik/tele/power_board/RPM 0
22:17:46.576228684 : vetrnik/tele/power_board/time 18744
22:17:47.576490707 : vetrnik/tele/power_board/time 18745
22:17:48.576091660 : vetrnik/tele/power_board/time 18746
22:17:49.576433404 : vetrnik/tele/power_board/time 18747
22:17:50.076965644 : vetrnik/tele/power_board/RPM 24
22:17:50.576961776 : vetrnik/tele/power_board/time 18748
22:17:50.577146423 : vetrnik/tele/power_board/RPM 32
22:17:51.576400711 : vetrnik/tele/power_board/time 18749
22:17:51.576663098 : vetrnik/tele/power_board/RPM 0
22:17:52.576036996 : vetrnik/tele/power_board/time 18750
22:17:53.576512480 : vetrnik/tele/power_board/time 18751
22:17:54.575586991 : vetrnik/tele/power_board/time 18752
22:17:55.576080140 : vetrnik/tele/power_board/time 18753
22:17:56.076892545 : vetrnik/tele/power_board/RPM 24
22:17:56.577433081 : vetrnik/tele/power_board/time 18754
22:17:56.577618839 : vetrnik/tele/power_board/RPM 31
22:17:57.575847929 : vetrnik/tele/power_board/time 18755
22:17:57.576035446 : vetrnik/tele/power_board/RPM 0
22:17:58.576428578 : vetrnik/tele/power_board/time 18756
22:17:59.575830179 : vetrnik/tele/power_board/time 18757
22:18:00.576361606 : vetrnik/tele/power_board/time 18758
22:18:01.575700040 : vetrnik/tele/power_board/time 18759
22:18:02.575969283 : vetrnik/tele/power_board/time 18760
22:18:03.576602802 : vetrnik/tele/power_board/time 18761
22:18:04.576062291 : vetrnik/tele/power_board/time 18762
22:18:05.576445273 : vetrnik/tele/power_board/time 18763
22:18:06.576018113 : vetrnik/tele/power_board/time 18764
22:18:07.576276152 : vetrnik/tele/power_board/time 18765
22:18:08.575649752 : vetrnik/tele/power_board/time 18766
22:18:09.576258492 : vetrnik/tele/power_board/time 18767
22:18:10.575564926 : vetrnik/tele/power_board/time 18768
22:18:11.576253184 : vetrnik/tele/power_board/time 18769
22:18:12.576507333 : vetrnik/tele/power_board/time 18770
22:18:13.576138913 : vetrnik/tele/power_board/time 18771
22:18:14.576385007 : vetrnik/tele/power_board/time 18772
22:18:15.575620200 : vetrnik/tele/power_board/time 18773
22:18:16.576215957 : vetrnik/tele/power_board/time 18774
22:18:17.575476168 : vetrnik/tele/power_board/time 18775
22:18:18.576125981 : vetrnik/tele/power_board/time 18776
22:18:19.577026256 : vetrnik/tele/power_board/time 18777
22:18:20.575996913 : vetrnik/tele/power_board/time 18778
22:18:21.576175191 : vetrnik/tele/power_board/time 18779
22:18:22.575831047 : vetrnik/tele/power_board/time 18780
22:18:23.576075344 : vetrnik/tele/power_board/time 18781
22:18:24.575766589 : vetrnik/tele/power_board/time 18782
22:18:25.577173414 : vetrnik/tele/power_board/time 18783
22:18:25.577408450 : vetrnik/tele/power_board/RPM 24
22:18:26.575534390 : vetrnik/tele/power_board/time 18784
22:18:26.575682685 : vetrnik/tele/power_board/RPM 0
22:18:27.576182479 : vetrnik/tele/power_board/time 18785
22:18:28.576438164 : vetrnik/tele/power_board/time 18786
22:18:29.575743929 : vetrnik/tele/power_board/time 18787
22:18:30.576330964 : vetrnik/tele/power_board/time 18788
22:18:31.077025182 : vetrnik/tele/power_board/RPM 24
22:18:31.576646148 : vetrnik/tele/power_board/time 18789
22:18:32.076473501 : vetrnik/tele/power_board/RPM 0
22:18:32.576367595 : vetrnik/tele/power_board/time 18790
22:18:33.575635082 : vetrnik/tele/power_board/time 18791
22:18:34.576221208 : vetrnik/tele/power_board/time 18792
22:18:35.576947723 : vetrnik/tele/power_board/time 18793
22:18:36.576213747 : vetrnik/tele/power_board/time 18794
22:18:37.576361765 : vetrnik/tele/power_board/time 18795
22:18:38.576098100 : vetrnik/tele/power_board/time 18796
22:18:39.576431320 : vetrnik/tele/power_board/time 18797
22:18:40.575476956 : vetrnik/tele/power_board/time 18798
22:18:41.576326210 : vetrnik/tele/power_board/time 18799
22:18:42.575921064 : vetrnik/tele/power_board/time 18800
22:18:43.576236784 : vetrnik/tele/power_board/time 18801
22:18:44.576539597 : vetrnik/tele/power_board/time 18802
22:18:45.576135229 : vetrnik/tele/power_board/time 18803
22:18:46.576148784 : vetrnik/tele/power_board/time 18804
22:18:47.575549306 : vetrnik/tele/power_board/time 18805
