16:54:31.475280350 : vetrnik/tele/availability online
16:54:31.475410367 : vetrnik/tele/power_board/valid 1
16:54:31.475437201 : vetrnik/tele/power_board/time 1190
16:54:31.475460960 : vetrnik/tele/power_board/mode 0
16:54:31.475483867 : vetrnik/tele/power_board/duty 0
16:54:31.475506608 : vetrnik/tele/power_board/RPM 0
16:54:31.475528978 : vetrnik/tele/power_board/voltage 0.0
16:54:31.475551589 : vetrnik/tele/power_board/current 0.000
16:54:31.475574144 : vetrnik/tele/power_board/enabled 0
16:54:31.475596774 : vetrnik/tele/power_board/enabled/hardware 1
16:54:31.475620033 : vetrnik/tele/power_board/enabled/software 0
16:54:31.475642736 : vetrnik/tele/power_board/fan 0
16:54:31.475665033 : vetrnik/tele/power_board/error_count 0
16:54:31.475687310 : vetrnik/tele/power_board/emergency 0
16:54:31.475709643 : vetrnik/tele/power_board/OCP_max_duty 255
16:54:31.475731847 : vetrnik/tele/power_board/temperature/heatsink 24.8
16:54:31.475754199 : vetrnik/tele/power_board/temperature/rectifier 25.0
16:54:31.475776569 : vetrnik/tele/power_board/power 0.0
16:54:31.475798865 : vetrnik/tele/power_board/last5m 0
16:54:31.475820995 : vetrnik/tele/control/strategy control_shorted
16:54:31.475843198 : vetrnik/tele/control/contactor 255
16:54:31.475865309 : vetrnik/tele/stats/energy 0.000
16:54:31.475887568 : vetrnik/tele/stats/energy_Ws 0
16:54:31.475909698 : vetrnik/tele/pump 0
16:54:31.475932012 : vetrnik/tele/display/backlight 1
16:54:31.475954012 : vetrnik/cmnd/control/strategy control_MQTT
16:54:31.475976123 : vetrnik/cmnd/control/contactor 1
16:54:31.475998308 : vetrnik/tele/control/strategy control_MQTT
16:54:31.476020438 : vetrnik/cmnd/power_board/duty 255
16:54:31.476042623 : vetrnik/tele/control/contactor 5
16:54:31.476064715 : vetrnik/tele/control/contactor 4
16:54:31.476087937 : vetrnik/cmnd/power_board/sw_enable 1
16:54:31.496542607 : vetrnik/tele/power_board/time 1191
16:54:31.958739954 : vetrnik/cmnd/power_board/mode start
16:54:31.999883589 : vetrnik/tele/power_board/duty 255
16:54:32.000306809 : vetrnik/tele/power_board/enabled 1
16:54:32.000376605 : vetrnik/tele/power_board/enabled/software 1
16:54:32.499041504 : vetrnik/tele/power_board/power 0.0
16:54:32.499191355 : vetrnik/tele/power_board/time 1192
16:54:32.499564427 : vetrnik/tele/power_board/mode 2
16:54:32.499899388 : vetrnik/tele/power_board/duty 0
16:54:32.500249682 : vetrnik/tele/power_board/voltage 10.0
16:54:33.001115568 : vetrnik/tele/power_board/power 0.0
16:54:33.001261622 : vetrnik/tele/power_board/duty 255
16:54:33.001321066 : vetrnik/tele/power_board/voltage 10.3
16:54:33.004953248 : vetrnik/cmnd/control/contactor 1
16:54:33.006919513 : vetrnik/tele/control/contactor 5
16:54:33.007361196 : vetrnik/tele/control/contactor 4
16:54:33.007638990 : vetrnik/cmnd/power_board/duty 255
16:54:33.501647956 : vetrnik/tele/power_board/time 1193
16:54:34.001392200 : vetrnik/tele/power_board/power 0.0
16:54:34.001724180 : vetrnik/tele/power_board/voltage 10.5
16:54:34.002982227 : vetrnik/cmnd/control/contactor 1
16:54:34.004711346 : vetrnik/tele/control/contactor 5
16:54:34.005380305 : vetrnik/tele/control/contactor 4
16:54:34.005523823 : vetrnik/cmnd/power_board/duty 255
16:54:34.501317684 : vetrnik/tele/power_board/time 1194
16:54:35.002712437 : vetrnik/cmnd/control/contactor 1
16:54:35.004693388 : vetrnik/tele/control/contactor 5
16:54:35.005227959 : vetrnik/cmnd/power_board/duty 255
16:54:35.005417513 : vetrnik/tele/control/contactor 4
16:54:35.501410299 : vetrnik/tele/power_board/time 1195
16:54:36.002200889 : vetrnik/cmnd/control/contactor 1
16:54:36.003733602 : vetrnik/cmnd/power_board/duty 255
16:54:36.004112747 : vetrnik/tele/control/contactor 5
16:54:36.006111531 : vetrnik/tele/control/contactor 4
16:54:36.500922843 : vetrnik/tele/power_board/time 1196
16:54:37.002037116 : vetrnik/cmnd/control/contactor 1
16:54:37.003557736 : vetrnik/cmnd/power_board/duty 255
16:54:37.003995697 : vetrnik/tele/control/contactor 5
16:54:37.006004351 : vetrnik/tele/control/contactor 4
16:54:37.501383770 : vetrnik/tele/power_board/time 1197
16:54:38.002138471 : vetrnik/cmnd/control/contactor 1
16:54:38.003971108 : vetrnik/tele/control/contactor 5
16:54:38.004178903 : vetrnik/cmnd/power_board/duty 255
16:54:38.005936040 : vetrnik/tele/control/contactor 4
16:54:38.500755148 : vetrnik/tele/power_board/time 1198
16:54:39.002101438 : vetrnik/cmnd/control/contactor 1
16:54:39.003867242 : vetrnik/cmnd/power_board/duty 255
16:54:39.004117111 : vetrnik/tele/control/contactor 5
16:54:39.006056469 : vetrnik/tele/control/contactor 4
16:54:39.501184112 : vetrnik/tele/power_board/time 1199
16:54:40.002622068 : vetrnik/cmnd/control/contactor 1
16:54:40.004605148 : vetrnik/cmnd/power_board/duty 255
16:54:40.004747314 : vetrnik/tele/control/contactor 5
16:54:40.006548821 : vetrnik/tele/control/contactor 4
16:54:40.500900673 : vetrnik/tele/power_board/time 1200
16:54:41.003167197 : vetrnik/cmnd/control/contactor 1
16:54:41.004997630 : vetrnik/tele/control/contactor 5
16:54:41.005831847 : vetrnik/tele/control/contactor 4
16:54:41.006768379 : vetrnik/cmnd/power_board/duty 255
16:54:41.501138063 : vetrnik/tele/power_board/time 1201
16:54:42.001073435 : vetrnik/tele/power_board/power 0.0
16:54:42.001267564 : vetrnik/tele/power_board/voltage 10.0
16:54:42.003288996 : vetrnik/cmnd/control/contactor 1
16:54:42.004990374 : vetrnik/tele/control/contactor 5
16:54:42.005915202 : vetrnik/tele/control/contactor 4
16:54:42.006063775 : vetrnik/cmnd/power_board/duty 255
16:54:42.501456268 : vetrnik/tele/power_board/power 0.0
16:54:42.501698303 : vetrnik/tele/power_board/time 1202
16:54:42.501914765 : vetrnik/tele/power_board/voltage 10.3
16:54:43.002462078 : vetrnik/cmnd/control/contactor 1
16:54:43.003756237 : vetrnik/cmnd/power_board/duty 255
16:54:43.003893847 : vetrnik/tele/control/contactor 5
16:54:43.005962853 : vetrnik/tele/power_board/power 3.7
16:54:43.006273462 : vetrnik/tele/power_board/voltage 10.2
16:54:43.006649330 : vetrnik/tele/power_board/current 0.369
16:54:43.006974735 : vetrnik/tele/power_board/last5m 1
16:54:43.007299196 : vetrnik/tele/control/contactor 4
16:54:43.500938237 : vetrnik/tele/power_board/power 0.0
16:54:43.501260938 : vetrnik/tele/power_board/time 1203
16:54:43.501522252 : vetrnik/tele/power_board/voltage 10.3
16:54:43.501841842 : vetrnik/tele/power_board/current 0.000
16:54:43.502134637 : vetrnik/tele/stats/energy_Ws 1
16:54:44.002142397 : vetrnik/cmnd/control/contactor 1
16:54:44.003641518 : vetrnik/cmnd/power_board/duty 255
16:54:44.003773813 : vetrnik/tele/control/contactor 5
16:54:44.005935744 : vetrnik/tele/control/contactor 4
16:54:44.501598976 : vetrnik/tele/power_board/power 0.0
16:54:44.501802178 : vetrnik/tele/power_board/time 1204
16:54:44.502029177 : vetrnik/tele/power_board/voltage 10.5
16:54:45.002550953 : vetrnik/cmnd/control/contactor 1
16:54:45.004525904 : vetrnik/cmnd/power_board/duty 255
16:54:45.004654384 : vetrnik/tele/control/contactor 5
16:54:45.006356652 : vetrnik/tele/control/contactor 4
16:54:45.500879168 : vetrnik/tele/power_board/time 1205
16:54:46.002158958 : vetrnik/cmnd/control/contactor 1
16:54:46.003608189 : vetrnik/cmnd/power_board/duty 255
16:54:46.003853762 : vetrnik/tele/control/contactor 5
16:54:46.005869268 : vetrnik/tele/control/contactor 4
16:54:46.501315075 : vetrnik/tele/power_board/time 1206
16:54:47.002754215 : vetrnik/cmnd/control/contactor 1
16:54:47.004656203 : vetrnik/tele/control/contactor 5
16:54:47.004768444 : vetrnik/cmnd/power_board/duty 255
16:54:47.006328471 : vetrnik/tele/control/contactor 4
16:54:47.501864537 : vetrnik/tele/power_board/power 0.4
16:54:47.502086591 : vetrnik/tele/power_board/time 1207
16:54:47.502473236 : vetrnik/tele/power_board/voltage 10.0
16:54:47.502767975 : vetrnik/tele/power_board/current 0.041
16:54:48.002641885 : vetrnik/tele/power_board/power 1.6
16:54:48.002826680 : vetrnik/cmnd/control/contactor 1
16:54:48.002972864 : vetrnik/tele/power_board/voltage 9.9
16:54:48.003429528 : vetrnik/tele/power_board/current 0.164
16:54:48.005186628 : vetrnik/tele/control/contactor 5
16:54:48.005482348 : vetrnik/cmnd/power_board/duty 255
16:54:48.005748013 : vetrnik/tele/control/contactor 4
16:54:48.502366276 : vetrnik/tele/power_board/power 2.4
16:54:48.502626497 : vetrnik/tele/power_board/time 1208
16:54:48.502902717 : vetrnik/tele/power_board/current 0.246
16:54:49.001824632 : vetrnik/tele/power_board/power 3.2
16:54:49.002069945 : vetrnik/tele/power_board/current 0.328
16:54:49.002422314 : vetrnik/tele/stats/energy_Ws 2
16:54:49.002918070 : vetrnik/cmnd/control/contactor 1
16:54:49.004568782 : vetrnik/tele/control/contactor 5
16:54:49.005572257 : vetrnik/cmnd/power_board/duty 255
16:54:49.005787478 : vetrnik/tele/control/contactor 4
16:54:49.502951959 : vetrnik/tele/power_board/power 4.0
16:54:49.504799411 : vetrnik/tele/power_board/time 1209
16:54:49.504935225 : vetrnik/tele/power_board/current 0.410
16:54:49.504976224 : vetrnik/tele/stats/energy_Ws 3
16:54:50.002118984 : vetrnik/cmnd/control/contactor 1
16:54:50.002281316 : vetrnik/tele/power_board/power 4.4
16:54:50.002579277 : vetrnik/tele/power_board/current 0.451
16:54:50.002935479 : vetrnik/tele/stats/energy_Ws 5
16:54:50.003627659 : vetrnik/cmnd/power_board/duty 255
16:54:50.004702005 : vetrnik/tele/control/contactor 5
16:54:50.006766825 : vetrnik/tele/control/contactor 4
16:54:50.502201650 : vetrnik/tele/power_board/power 5.2
16:54:50.502468760 : vetrnik/tele/power_board/time 1210
16:54:50.502745610 : vetrnik/tele/power_board/current 0.533
16:54:50.502939664 : vetrnik/tele/stats/energy_Ws 7
16:54:51.001639710 : vetrnik/tele/power_board/power 6.0
16:54:51.001871523 : vetrnik/tele/power_board/current 0.615
16:54:51.001991838 : vetrnik/cmnd/control/contactor 1
16:54:51.002214744 : vetrnik/tele/stats/energy_Ws 9
16:54:51.003575809 : vetrnik/cmnd/power_board/duty 255
16:54:51.004163157 : vetrnik/tele/control/contactor 5
16:54:51.006673660 : vetrnik/tele/control/contactor 4
16:54:51.502555057 : vetrnik/tele/power_board/power 6.4
16:54:51.502752500 : vetrnik/tele/power_board/time 1211
16:54:51.503044257 : vetrnik/tele/power_board/current 0.656
16:54:51.503343422 : vetrnik/tele/stats/energy_Ws 12
16:54:52.002065634 : vetrnik/tele/power_board/power 7.3
16:54:52.002375521 : vetrnik/cmnd/control/contactor 1
16:54:52.002408762 : vetrnik/tele/power_board/current 0.738
16:54:52.002620835 : vetrnik/tele/stats/energy_Ws 15
16:54:52.003588440 : vetrnik/cmnd/power_board/duty 255
16:54:52.004510027 : vetrnik/tele/control/contactor 5
16:54:52.006594106 : vetrnik/tele/control/contactor 4
16:54:52.502116579 : vetrnik/tele/power_board/power 8.1
16:54:52.502353078 : vetrnik/tele/power_board/time 1212
16:54:52.502490558 : vetrnik/tele/power_board/current 0.820
16:54:52.502892852 : vetrnik/tele/stats/energy_Ws 18
16:54:53.004756508 : vetrnik/tele/power_board/power 8.3
16:54:53.004927062 : vetrnik/tele/power_board/voltage 9.7
16:54:53.004959636 : vetrnik/tele/power_board/current 0.861
16:54:53.004985284 : vetrnik/tele/stats/energy_Ws 22
16:54:53.005424244 : vetrnik/cmnd/control/contactor 1
16:54:53.007060345 : vetrnik/cmnd/power_board/duty 255
16:54:53.007297029 : vetrnik/tele/control/contactor 5
16:54:53.009217702 : vetrnik/tele/control/contactor 4
16:54:53.502512429 : vetrnik/tele/power_board/power 8.7
16:54:53.502736002 : vetrnik/tele/power_board/time 1213
16:54:53.502970001 : vetrnik/tele/power_board/current 0.902
16:54:53.503326072 : vetrnik/tele/stats/energy_Ws 26
16:54:54.001914656 : vetrnik/tele/stats/energy_Ws 30
16:54:54.002095229 : vetrnik/cmnd/control/contactor 1
16:54:54.003858162 : vetrnik/cmnd/power_board/duty 255
16:54:54.004012939 : vetrnik/tele/control/contactor 5
16:54:54.006138204 : vetrnik/tele/control/contactor 4
16:54:54.501822916 : vetrnik/tele/power_board/power 9.1
16:54:54.502003081 : vetrnik/tele/power_board/time 1214
16:54:54.502296339 : vetrnik/tele/power_board/current 0.943
16:54:54.502605115 : vetrnik/tele/stats/energy_Ws 34
16:54:55.002432283 : vetrnik/cmnd/control/contactor 1
16:54:55.002782392 : vetrnik/tele/stats/energy_Ws 38
16:54:55.004537362 : vetrnik/cmnd/power_board/duty 255
16:54:55.502125562 : vetrnik/tele/power_board/time 1215
16:54:55.502282802 : vetrnik/tele/stats/energy_Ws 42
16:54:56.001818916 : vetrnik/tele/stats/energy_Ws 46
16:54:56.002451172 : vetrnik/cmnd/control/contactor 1
16:54:56.004202531 : vetrnik/tele/control/contactor 5
16:54:56.004311049 : vetrnik/cmnd/power_board/duty 255
16:54:56.006150445 : vetrnik/tele/control/contactor 4
16:54:56.501687288 : vetrnik/tele/power_board/time 1216
16:54:56.501821602 : vetrnik/tele/stats/energy_Ws 50
16:54:57.002112304 : vetrnik/cmnd/control/contactor 1
16:54:57.002274914 : vetrnik/tele/power_board/power 8.7
16:54:57.002621226 : vetrnik/tele/power_board/current 0.902
16:54:57.002964095 : vetrnik/tele/stats/energy_Ws 54
16:54:57.004033996 : vetrnik/cmnd/power_board/duty 255
16:54:57.004785843 : vetrnik/tele/control/contactor 5
16:54:57.006899700 : vetrnik/tele/control/contactor 4
16:54:57.502198766 : vetrnik/tele/power_board/power 9.1
16:54:57.502420080 : vetrnik/tele/power_board/time 1217
16:54:57.502749429 : vetrnik/tele/power_board/current 0.943
16:54:57.503050205 : vetrnik/tele/stats/energy_Ws 58
16:54:58.004919546 : vetrnik/tele/stats/energy_Ws 62
16:54:58.005645467 : vetrnik/cmnd/control/contactor 1
16:54:58.007565696 : vetrnik/cmnd/power_board/duty 255
16:54:58.007725010 : vetrnik/tele/control/contactor 5
16:54:58.009624313 : vetrnik/tele/control/contactor 4
16:54:58.502408154 : vetrnik/tele/power_board/time 1218
16:54:58.502547727 : vetrnik/tele/stats/energy_Ws 66
16:54:59.002144877 : vetrnik/tele/stats/energy_Ws 70
16:54:59.002273284 : vetrnik/cmnd/control/contactor 1
16:54:59.004052032 : vetrnik/cmnd/power_board/duty 255
16:54:59.004251938 : vetrnik/tele/control/contactor 5
16:54:59.005914836 : vetrnik/tele/control/contactor 4
16:54:59.502040230 : vetrnik/tele/power_board/time 1219
16:54:59.502278599 : vetrnik/tele/stats/energy_Ws 74
16:55:00.001633547 : vetrnik/tele/stats/energy_Ws 78
16:55:00.002200988 : vetrnik/cmnd/control/contactor 1
16:55:00.004072569 : vetrnik/cmnd/power_board/duty 255
16:55:00.004173142 : vetrnik/tele/control/contactor 5
16:55:00.006133241 : vetrnik/tele/control/contactor 4
16:55:00.502575856 : vetrnik/tele/power_board/time 1220
16:55:00.502778280 : vetrnik/tele/stats/energy_Ws 82
16:55:01.002067414 : vetrnik/tele/stats/energy_Ws 86
16:55:01.003757996 : vetrnik/cmnd/control/contactor 1
16:55:01.005644318 : vetrnik/tele/control/contactor 5
16:55:01.006405165 : vetrnik/tele/control/contactor 4
16:55:01.006594590 : vetrnik/cmnd/power_board/duty 255
16:55:01.502014062 : vetrnik/tele/power_board/time 1221
16:55:01.502255431 : vetrnik/tele/stats/energy_Ws 90
16:55:02.002304245 : vetrnik/tele/stats/energy_Ws 94
16:55:02.003532497 : vetrnik/cmnd/control/contactor 1
16:55:02.005583114 : vetrnik/tele/control/contactor 5
16:55:02.006451442 : vetrnik/tele/control/contactor 4
16:55:02.007358177 : vetrnik/cmnd/power_board/duty 255
16:55:02.502135412 : vetrnik/tele/power_board/time 1222
16:55:02.502266338 : vetrnik/tele/stats/energy_Ws 98
16:55:03.001905969 : vetrnik/tele/stats/energy_Ws 102
16:55:03.002078690 : vetrnik/cmnd/control/contactor 1
16:55:03.003913734 : vetrnik/cmnd/power_board/duty 255
16:55:03.004025123 : vetrnik/tele/control/contactor 5
16:55:03.006039277 : vetrnik/tele/control/contactor 4
16:55:03.501747932 : vetrnik/tele/power_board/time 1223
16:55:03.502025727 : vetrnik/tele/stats/energy_Ws 106
16:55:04.002294854 : vetrnik/cmnd/control/contactor 1
16:55:04.002624982 : vetrnik/tele/stats/energy_Ws 110
16:55:04.004418082 : vetrnik/tele/control/contactor 5
16:55:04.004774524 : vetrnik/cmnd/power_board/duty 255
16:55:04.005156411 : vetrnik/tele/control/contactor 4
16:55:04.502380390 : vetrnik/tele/power_board/time 1224
16:55:04.502574056 : vetrnik/tele/stats/energy_Ws 114
16:55:05.002144298 : vetrnik/tele/stats/energy_Ws 118
16:55:05.004153027 : vetrnik/cmnd/control/contactor 1
16:55:05.006232958 : vetrnik/tele/control/contactor 5
16:55:05.006324439 : vetrnik/cmnd/power_board/duty 255
16:55:05.007646098 : vetrnik/tele/control/contactor 4
16:55:05.502744646 : vetrnik/tele/power_board/time 1225
16:55:05.502961126 : vetrnik/tele/stats/energy_Ws 122
16:55:06.002087871 : vetrnik/cmnd/control/contactor 1
16:55:06.002254333 : vetrnik/tele/stats/energy_Ws 126
16:55:06.003583177 : vetrnik/cmnd/power_board/duty 255
16:55:06.004408468 : vetrnik/tele/control/contactor 5
16:55:06.006168531 : vetrnik/tele/control/contactor 4
16:55:06.502207611 : vetrnik/tele/power_board/time 1226
16:55:06.502507312 : vetrnik/tele/stats/energy_Ws 130
16:55:07.002373090 : vetrnik/tele/stats/energy_Ws 134
16:55:07.002484219 : vetrnik/cmnd/control/contactor 1
16:55:07.003656860 : vetrnik/cmnd/power_board/duty 255
16:55:07.004108413 : vetrnik/tele/control/contactor 5
16:55:07.006065919 : vetrnik/tele/control/contactor 4
16:55:07.502956827 : vetrnik/tele/power_board/time 1227
16:55:07.503056233 : vetrnik/tele/stats/energy_Ws 138
16:55:08.002230349 : vetrnik/tele/stats/energy_Ws 142
16:55:08.002767012 : vetrnik/cmnd/control/contactor 1
16:55:08.004667000 : vetrnik/cmnd/power_board/duty 255
16:55:08.004806351 : vetrnik/tele/control/contactor 5
16:55:08.006734673 : vetrnik/tele/control/contactor 4
16:55:08.503008861 : vetrnik/tele/power_board/time 1228
16:55:08.503162397 : vetrnik/tele/stats/energy_Ws 146
16:55:09.002251495 : vetrnik/cmnd/control/contactor 1
16:55:09.002424753 : vetrnik/tele/stats/energy_Ws 150
16:55:09.003690838 : vetrnik/cmnd/power_board/duty 255
16:55:09.004321204 : vetrnik/tele/control/contactor 5
16:55:09.006290896 : vetrnik/tele/control/contactor 4
16:55:09.502954841 : vetrnik/tele/power_board/time 1229
16:55:09.503074100 : vetrnik/tele/stats/energy_Ws 154
16:55:10.002481658 : vetrnik/tele/stats/energy_Ws 158
16:55:10.002587972 : vetrnik/cmnd/control/contactor 1
16:55:10.003999704 : vetrnik/cmnd/power_board/duty 255
16:55:10.501771105 : vetrnik/tele/power_board/time 1230
16:55:10.501904604 : vetrnik/tele/stats/energy_Ws 162
16:55:11.002217750 : vetrnik/cmnd/control/contactor 1
16:55:11.002401748 : vetrnik/tele/stats/energy_Ws 166
16:55:11.003854962 : vetrnik/cmnd/power_board/duty 255
16:55:11.004214904 : vetrnik/tele/control/contactor 5
16:55:11.006302817 : vetrnik/tele/control/contactor 4
16:55:11.502367303 : vetrnik/tele/power_board/time 1231
16:55:11.502509358 : vetrnik/tele/stats/energy_Ws 170
16:55:12.001994285 : vetrnik/tele/stats/energy_Ws 174
16:55:12.002966613 : vetrnik/cmnd/control/contactor 1
16:55:12.004436715 : vetrnik/tele/control/contactor 5
16:55:12.005113118 : vetrnik/tele/control/contactor 4
16:55:12.005465079 : vetrnik/cmnd/power_board/duty 255
16:55:12.501607416 : vetrnik/tele/power_board/time 1232
16:55:12.501800933 : vetrnik/tele/stats/energy_Ws 178
16:55:13.002346132 : vetrnik/tele/stats/energy_Ws 182
16:55:13.002479724 : vetrnik/cmnd/control/contactor 1
16:55:13.004185936 : vetrnik/tele/control/contactor 5
16:55:13.004416064 : vetrnik/cmnd/power_board/duty 255
16:55:13.006012036 : vetrnik/tele/control/contactor 4
16:55:13.502489093 : vetrnik/tele/power_board/time 1233
16:55:13.502619185 : vetrnik/tele/stats/energy_Ws 186
16:55:14.001572745 : vetrnik/tele/stats/energy_Ws 190
16:55:14.002286463 : vetrnik/cmnd/control/contactor 1
16:55:14.003978916 : vetrnik/cmnd/power_board/duty 255
16:55:14.004183877 : vetrnik/tele/control/contactor 5
16:55:14.006001199 : vetrnik/tele/control/contactor 4
16:55:14.502405276 : vetrnik/tele/power_board/time 1234
16:55:14.502622922 : vetrnik/tele/stats/energy_Ws 194
16:55:15.002946011 : vetrnik/tele/stats/energy_Ws 198
16:55:15.003115973 : vetrnik/cmnd/control/contactor 1
16:55:15.003995357 : vetrnik/tele/control/contactor 5
16:55:15.004334781 : vetrnik/cmnd/power_board/duty 255
16:55:15.006281324 : vetrnik/tele/control/contactor 4
16:55:15.502088015 : vetrnik/tele/power_board/time 1235
16:55:15.502464272 : vetrnik/tele/stats/energy_Ws 202
16:55:16.001583369 : vetrnik/tele/stats/energy_Ws 206
16:55:16.002516844 : vetrnik/cmnd/control/contactor 1
16:55:16.004541572 : vetrnik/tele/control/contactor 5
16:55:16.004765830 : vetrnik/cmnd/power_board/duty 255
16:55:16.005145939 : vetrnik/tele/control/contactor 4
16:55:16.503157913 : vetrnik/tele/power_board/time 1236
16:55:16.503398874 : vetrnik/tele/stats/energy_Ws 210
16:55:17.002032029 : vetrnik/tele/stats/energy_Ws 214
16:55:17.002154010 : vetrnik/cmnd/control/contactor 1
16:55:17.003900703 : vetrnik/tele/control/contactor 5
16:55:17.004009628 : vetrnik/cmnd/power_board/duty 255
16:55:17.005921153 : vetrnik/tele/control/contactor 4
16:55:17.502025064 : vetrnik/tele/power_board/time 1237
16:55:17.502276877 : vetrnik/tele/stats/energy_Ws 218
16:55:18.005375542 : vetrnik/tele/stats/energy_Ws 222
16:55:18.006592090 : vetrnik/cmnd/control/contactor 1
16:55:18.008693077 : vetrnik/tele/control/contactor 5
16:55:18.009198648 : vetrnik/tele/control/contactor 4
16:55:18.010634639 : vetrnik/cmnd/power_board/duty 255
16:55:18.502266355 : vetrnik/tele/power_board/time 1238
16:55:18.502482354 : vetrnik/tele/stats/energy_Ws 226
16:55:19.001991355 : vetrnik/tele/stats/energy_Ws 230
16:55:19.003321254 : vetrnik/cmnd/control/contactor 1
16:55:19.005079669 : vetrnik/tele/control/contactor 5
16:55:19.005628610 : vetrnik/tele/control/contactor 4
16:55:19.006682678 : vetrnik/cmnd/power_board/duty 255
16:55:19.501675688 : vetrnik/tele/power_board/time 1239
16:55:19.502141334 : vetrnik/tele/stats/energy_Ws 234
16:55:20.002240887 : vetrnik/tele/stats/energy_Ws 238
16:55:20.003476194 : vetrnik/cmnd/control/contactor 1
16:55:20.005462663 : vetrnik/tele/control/contactor 5
16:55:20.005901697 : vetrnik/tele/control/contactor 4
16:55:20.007022931 : vetrnik/cmnd/power_board/duty 255
16:55:20.502209996 : vetrnik/tele/power_board/time 1240
16:55:20.502711030 : vetrnik/tele/stats/energy_Ws 242
16:55:21.001925144 : vetrnik/tele/stats/energy_Ws 246
16:55:21.003202228 : vetrnik/cmnd/control/contactor 1
16:55:21.004998625 : vetrnik/tele/control/contactor 5
16:55:21.005870675 : vetrnik/tele/control/contactor 4
16:55:21.006707577 : vetrnik/cmnd/power_board/duty 255
16:55:21.502719896 : vetrnik/tele/power_board/time 1241
16:55:21.502943783 : vetrnik/tele/stats/energy_Ws 250
16:55:22.002091731 : vetrnik/tele/stats/energy_Ws 254
16:55:22.003367334 : vetrnik/cmnd/control/contactor 1
16:55:22.005180101 : vetrnik/tele/control/contactor 5
16:55:22.005816597 : vetrnik/tele/control/contactor 4
16:55:22.006241390 : vetrnik/cmnd/power_board/duty 255
16:55:22.502019396 : vetrnik/tele/power_board/time 1242
16:55:22.502230654 : vetrnik/tele/stats/energy_Ws 258
16:55:23.002305744 : vetrnik/tele/stats/energy_Ws 262
16:55:23.002410650 : vetrnik/cmnd/control/contactor 1
16:55:23.003955733 : vetrnik/cmnd/power_board/duty 255
16:55:23.004038992 : vetrnik/tele/control/contactor 5
16:55:23.005841296 : vetrnik/tele/control/contactor 4
16:55:23.502603647 : vetrnik/tele/power_board/time 1243
16:55:23.502747276 : vetrnik/tele/stats/energy_Ws 266
16:55:24.002324572 : vetrnik/tele/stats/energy_Ws 270
16:55:24.002437794 : vetrnik/cmnd/control/contactor 1
16:55:24.004337023 : vetrnik/tele/control/contactor 5
16:55:24.004430115 : vetrnik/cmnd/power_board/duty 255
16:55:24.006041308 : vetrnik/tele/control/contactor 4
16:55:24.501797814 : vetrnik/tele/power_board/time 1244
16:55:24.501993294 : vetrnik/tele/stats/energy_Ws 274
16:55:25.002652288 : vetrnik/cmnd/control/contactor 1
16:55:25.002775120 : vetrnik/tele/stats/energy_Ws 278
16:55:25.004676479 : vetrnik/cmnd/power_board/duty 255
16:55:25.004781330 : vetrnik/tele/control/contactor 5
16:55:25.006331987 : vetrnik/tele/control/contactor 4
16:55:25.502580230 : vetrnik/tele/power_board/time 1245
16:55:25.502821395 : vetrnik/tele/stats/energy_Ws 282
16:55:26.001737122 : vetrnik/tele/stats/energy_Ws 286
16:55:26.002040638 : vetrnik/cmnd/control/contactor 1
16:55:26.003909738 : vetrnik/tele/control/contactor 5
16:55:26.004047866 : vetrnik/cmnd/power_board/duty 255
16:55:26.005820578 : vetrnik/tele/control/contactor 4
16:55:26.501601879 : vetrnik/tele/power_board/time 1246
16:55:26.501835359 : vetrnik/tele/stats/energy_Ws 290
16:55:27.001991004 : vetrnik/cmnd/control/contactor 1
16:55:27.002224687 : vetrnik/tele/stats/energy_Ws 294
16:55:27.003930269 : vetrnik/cmnd/power_board/duty 255
16:55:27.004081528 : vetrnik/tele/control/contactor 5
16:55:27.006124256 : vetrnik/tele/control/contactor 4
16:55:27.502251185 : vetrnik/tele/power_board/time 1247
16:55:27.502425072 : vetrnik/tele/stats/energy_Ws 298
16:55:28.001991795 : vetrnik/tele/stats/energy_Ws 302
16:55:28.003056399 : vetrnik/cmnd/control/contactor 1
16:55:28.005170442 : vetrnik/tele/control/contactor 5
16:55:28.005712586 : vetrnik/tele/control/contactor 4
16:55:28.006458063 : vetrnik/cmnd/power_board/duty 255
16:55:28.501647183 : vetrnik/tele/power_board/time 1248
16:55:28.501852756 : vetrnik/tele/stats/energy_Ws 306
16:55:29.002442897 : vetrnik/tele/stats/energy_Ws 310
16:55:29.003350133 : vetrnik/cmnd/control/contactor 1
16:55:29.005309694 : vetrnik/tele/control/contactor 5
16:55:29.005718525 : vetrnik/tele/control/contactor 4
16:55:29.006455224 : vetrnik/cmnd/power_board/duty 255
16:55:29.502221526 : vetrnik/tele/power_board/time 1249
16:55:29.502395043 : vetrnik/tele/stats/energy_Ws 314
16:55:30.001756951 : vetrnik/tele/stats/energy_Ws 318
16:55:30.002802278 : vetrnik/cmnd/control/contactor 1
16:55:30.004628452 : vetrnik/tele/control/contactor 5
16:55:30.005575909 : vetrnik/cmnd/power_board/duty 255
16:55:30.005749519 : vetrnik/tele/control/contactor 4
16:55:30.502970922 : vetrnik/tele/power_board/time 1250
16:55:30.503162218 : vetrnik/tele/stats/energy_Ws 322
16:55:31.002141980 : vetrnik/tele/stats/energy_Ws 326
16:55:31.043343651 : vetrnik/cmnd/control/contactor 1
16:55:31.043510187 : vetrnik/tele/control/contactor 5
16:55:31.043564150 : vetrnik/cmnd/power_board/duty 255
16:55:31.043616131 : vetrnik/tele/control/contactor 4
16:55:31.502092366 : vetrnik/tele/power_board/time 1251
16:55:31.502308013 : vetrnik/tele/stats/energy_Ws 330
16:55:32.001532367 : vetrnik/tele/stats/energy_Ws 334
16:55:32.002656286 : vetrnik/cmnd/control/contactor 1
16:55:32.004604959 : vetrnik/tele/control/contactor 5
16:55:32.004952142 : vetrnik/cmnd/power_board/duty 255
16:55:32.007077573 : vetrnik/tele/control/contactor 4
16:55:32.502327044 : vetrnik/tele/power_board/time 1252
16:55:32.502507784 : vetrnik/tele/stats/energy_Ws 338
16:55:33.002309004 : vetrnik/cmnd/control/contactor 1
16:55:33.002416429 : vetrnik/tele/stats/energy_Ws 342
16:55:33.003891513 : vetrnik/cmnd/power_board/duty 255
16:55:33.003996086 : vetrnik/tele/control/contactor 5
16:55:33.005987370 : vetrnik/tele/control/contactor 4
16:55:33.501682727 : vetrnik/tele/power_board/time 1253
16:55:33.501911503 : vetrnik/tele/stats/energy_Ws 346
16:55:34.002356627 : vetrnik/cmnd/control/contactor 1
16:55:34.002470886 : vetrnik/tele/stats/energy_Ws 350
16:55:34.003592305 : vetrnik/cmnd/power_board/duty 255
16:55:34.004146894 : vetrnik/tele/control/contactor 5
16:55:34.006318899 : vetrnik/tele/control/contactor 4
16:55:34.502251421 : vetrnik/tele/power_board/time 1254
16:55:34.502498641 : vetrnik/tele/stats/energy_Ws 354
16:55:35.002499305 : vetrnik/tele/stats/energy_Ws 358
16:55:35.002612711 : vetrnik/cmnd/control/contactor 1
16:55:35.004427737 : vetrnik/cmnd/power_board/duty 255
16:55:35.004534051 : vetrnik/tele/control/contactor 5
16:55:35.005789507 : vetrnik/tele/control/contactor 4
16:55:35.501575789 : vetrnik/tele/power_board/time 1255
16:55:35.501871768 : vetrnik/tele/stats/energy_Ws 362
16:55:36.002614427 : vetrnik/tele/stats/energy_Ws 366
16:55:36.002731148 : vetrnik/cmnd/control/contactor 1
16:55:36.004152751 : vetrnik/tele/control/contactor 5
16:55:36.004282898 : vetrnik/cmnd/power_board/duty 255
16:55:36.004638859 : vetrnik/tele/control/contactor 4
16:55:36.502016372 : vetrnik/tele/power_board/time 1256
16:55:36.502168982 : vetrnik/tele/stats/energy_Ws 370
16:55:37.002386310 : vetrnik/tele/stats/energy_Ws 374
16:55:37.002502680 : vetrnik/cmnd/control/contactor 1
16:55:37.003583433 : vetrnik/cmnd/power_board/duty 255
16:55:37.003869227 : vetrnik/tele/control/contactor 5
16:55:37.005941770 : vetrnik/tele/control/contactor 4
16:55:37.502620268 : vetrnik/tele/power_board/time 1257
16:55:37.502811175 : vetrnik/tele/stats/energy_Ws 378
16:55:38.002213453 : vetrnik/tele/stats/energy_Ws 382
16:55:38.002785301 : vetrnik/cmnd/control/contactor 1
16:55:38.004538420 : vetrnik/tele/control/contactor 5
16:55:38.005185193 : vetrnik/tele/control/contactor 4
16:55:38.005330804 : vetrnik/cmnd/power_board/duty 255
16:55:38.502101024 : vetrnik/tele/power_board/time 1258
16:55:38.502307134 : vetrnik/tele/stats/energy_Ws 386
16:55:39.001929373 : vetrnik/tele/stats/energy_Ws 390
16:55:39.003190161 : vetrnik/cmnd/control/contactor 1
16:55:39.005105650 : vetrnik/tele/control/contactor 5
16:55:39.005830867 : vetrnik/tele/control/contactor 4
16:55:39.006123347 : vetrnik/cmnd/power_board/duty 255
16:55:39.502584347 : vetrnik/tele/power_board/time 1259
16:55:39.502795956 : vetrnik/tele/stats/energy_Ws 394
16:55:40.001923791 : vetrnik/tele/stats/energy_Ws 398
16:55:40.003144784 : vetrnik/cmnd/control/contactor 1
16:55:40.004634534 : vetrnik/tele/control/contactor 5
16:55:40.005371603 : vetrnik/tele/control/contactor 4
16:55:40.005502788 : vetrnik/cmnd/power_board/duty 255
16:55:40.501968102 : vetrnik/tele/power_board/time 1260
16:55:40.502227045 : vetrnik/tele/stats/energy_Ws 402
16:55:41.002657909 : vetrnik/tele/stats/energy_Ws 406
16:55:41.009864161 : vetrnik/cmnd/control/contactor 1
16:55:41.011450225 : vetrnik/tele/control/contactor 5
16:55:41.012322201 : vetrnik/tele/control/contactor 4
16:55:41.012632292 : vetrnik/cmnd/power_board/duty 255
16:55:41.502245445 : vetrnik/tele/power_board/time 1261
16:55:41.502491721 : vetrnik/tele/stats/energy_Ws 410
16:55:42.002018053 : vetrnik/tele/stats/energy_Ws 414
16:55:42.003515062 : vetrnik/cmnd/control/contactor 1
16:55:42.005424291 : vetrnik/tele/control/contactor 5
16:55:42.006291823 : vetrnik/tele/control/contactor 4
16:55:42.006679765 : vetrnik/cmnd/power_board/duty 255
16:55:42.501728495 : vetrnik/tele/power_board/time 1262
16:55:42.501879013 : vetrnik/tele/stats/energy_Ws 418
16:55:43.002178896 : vetrnik/cmnd/control/contactor 1
16:55:43.002333451 : vetrnik/tele/stats/energy_Ws 422
16:55:43.004116236 : vetrnik/cmnd/power_board/duty 255
16:55:43.004287642 : vetrnik/tele/control/contactor 5
16:55:43.006258889 : vetrnik/tele/control/contactor 4
16:55:43.502076911 : vetrnik/tele/power_board/time 1263
16:55:43.502295132 : vetrnik/tele/stats/energy_Ws 426
16:55:44.001812872 : vetrnik/tele/stats/energy_Ws 430
16:55:44.002108685 : vetrnik/cmnd/control/contactor 1
16:55:44.004110950 : vetrnik/cmnd/power_board/duty 255
16:55:44.501682794 : vetrnik/tele/power_board/time 1264
16:55:44.501883830 : vetrnik/tele/stats/energy_Ws 434
16:55:45.002390804 : vetrnik/tele/stats/energy_Ws 438
16:55:45.002690043 : vetrnik/cmnd/control/contactor 1
16:55:45.004580457 : vetrnik/tele/control/contactor 5
16:55:45.005189268 : vetrnik/tele/control/contactor 4
16:55:45.005498155 : vetrnik/cmnd/power_board/duty 255
16:55:45.501892711 : vetrnik/tele/power_board/time 1265
16:55:45.502035524 : vetrnik/tele/stats/energy_Ws 442
16:55:46.002368759 : vetrnik/tele/stats/energy_Ws 446
16:55:46.002493499 : vetrnik/cmnd/control/contactor 1
16:55:46.003647918 : vetrnik/cmnd/power_board/duty 255
16:55:46.003941749 : vetrnik/tele/control/contactor 5
16:55:46.005984292 : vetrnik/tele/control/contactor 4
16:55:46.502384366 : vetrnik/tele/power_board/time 1266
16:55:46.502521235 : vetrnik/tele/stats/energy_Ws 450
16:55:47.002385509 : vetrnik/cmnd/control/contactor 1
16:55:47.002495120 : vetrnik/tele/stats/energy_Ws 454
16:55:47.003691224 : vetrnik/cmnd/power_board/duty 255
16:55:47.003892352 : vetrnik/tele/control/contactor 5
16:55:47.005993654 : vetrnik/tele/control/contactor 4
16:55:47.502060026 : vetrnik/tele/power_board/time 1267
16:55:47.502268802 : vetrnik/tele/stats/energy_Ws 458
16:55:48.001755838 : vetrnik/tele/stats/energy_Ws 462
16:55:48.007040064 : vetrnik/cmnd/control/contactor 1
16:55:48.008319445 : vetrnik/tele/control/contactor 5
16:55:48.008983238 : vetrnik/tele/control/contactor 4
16:55:48.009245866 : vetrnik/cmnd/power_board/duty 255
16:55:48.502398663 : vetrnik/tele/power_board/time 1268
16:55:48.502601236 : vetrnik/tele/stats/energy_Ws 466
16:55:49.001969161 : vetrnik/tele/stats/energy_Ws 470
16:55:49.002966025 : vetrnik/cmnd/control/contactor 1
16:55:49.004905791 : vetrnik/tele/control/contactor 5
16:55:49.005479232 : vetrnik/tele/control/contactor 4
16:55:49.005639675 : vetrnik/cmnd/power_board/duty 255
16:55:49.501720028 : vetrnik/tele/power_board/time 1269
16:55:49.501931879 : vetrnik/tele/stats/energy_Ws 474
16:55:50.002384131 : vetrnik/tele/stats/energy_Ws 478
16:55:50.002922479 : vetrnik/cmnd/control/contactor 1
16:55:50.004849801 : vetrnik/tele/control/contactor 5
16:55:50.005701388 : vetrnik/cmnd/power_board/duty 255
16:55:50.005929738 : vetrnik/tele/control/contactor 4
16:55:50.502314367 : vetrnik/tele/power_board/time 1270
16:55:50.502489274 : vetrnik/tele/stats/energy_Ws 482
16:55:51.002604731 : vetrnik/tele/stats/energy_Ws 486
16:55:51.003638095 : vetrnik/cmnd/control/contactor 1
16:55:51.005652972 : vetrnik/tele/control/contactor 5
16:55:51.006163987 : vetrnik/tele/control/contactor 4
16:55:51.006567021 : vetrnik/cmnd/power_board/duty 255
16:55:51.501770398 : vetrnik/tele/power_board/time 1271
16:55:51.502031360 : vetrnik/tele/stats/energy_Ws 490
16:55:52.002368094 : vetrnik/tele/stats/energy_Ws 494
16:55:52.002737684 : vetrnik/cmnd/control/contactor 1
16:55:52.004480099 : vetrnik/tele/control/contactor 5
16:55:52.005173058 : vetrnik/tele/control/contactor 4
16:55:52.005626888 : vetrnik/cmnd/power_board/duty 255
16:55:52.502236071 : vetrnik/tele/power_board/time 1272
16:55:52.502383940 : vetrnik/tele/stats/energy_Ws 498
16:55:53.001579885 : vetrnik/tele/stats/energy_Ws 502
16:55:53.001925198 : vetrnik/cmnd/control/contactor 1
16:55:53.003529003 : vetrnik/cmnd/power_board/duty 255
16:55:53.003842890 : vetrnik/tele/control/contactor 5
16:55:53.005801044 : vetrnik/tele/control/contactor 4
16:55:53.502478171 : vetrnik/tele/power_board/time 1273
16:55:53.502620614 : vetrnik/tele/stats/energy_Ws 506
16:55:54.002191168 : vetrnik/cmnd/control/contactor 1
16:55:54.002312500 : vetrnik/tele/stats/energy_Ws 510
16:55:54.003530048 : vetrnik/cmnd/power_board/duty 255
16:55:54.004041879 : vetrnik/tele/control/contactor 5
16:55:54.005987774 : vetrnik/tele/control/contactor 4
16:55:54.502008516 : vetrnik/tele/power_board/time 1274
16:55:54.502148737 : vetrnik/tele/stats/energy_Ws 514
16:55:55.001404774 : vetrnik/tele/stats/energy_Ws 518
16:55:55.002532508 : vetrnik/cmnd/control/contactor 1
16:55:55.004193331 : vetrnik/cmnd/power_board/duty 255
16:55:55.004300404 : vetrnik/tele/control/contactor 5
16:55:55.006059838 : vetrnik/tele/control/contactor 4
16:55:55.502299800 : vetrnik/tele/power_board/time 1275
16:55:55.502448614 : vetrnik/tele/stats/energy_Ws 522
16:55:56.001946260 : vetrnik/tele/stats/energy_Ws 526
16:55:56.002064556 : vetrnik/cmnd/control/contactor 1
16:55:56.003588380 : vetrnik/cmnd/power_board/duty 255
16:55:56.003731120 : vetrnik/tele/control/contactor 5
16:55:56.005993846 : vetrnik/tele/control/contactor 4
16:55:56.501825682 : vetrnik/tele/power_board/time 1276
16:55:56.501984348 : vetrnik/tele/stats/energy_Ws 530
16:55:57.001979750 : vetrnik/cmnd/control/contactor 1
16:55:57.002480876 : vetrnik/tele/stats/energy_Ws 534
16:55:57.003508000 : vetrnik/cmnd/power_board/duty 255
16:55:57.004344569 : vetrnik/tele/control/contactor 5
16:55:57.006446463 : vetrnik/tele/control/contactor 4
16:55:57.502591259 : vetrnik/tele/power_board/time 1277
16:55:57.502820702 : vetrnik/tele/stats/energy_Ws 538
16:55:58.001775555 : vetrnik/tele/stats/energy_Ws 542
16:55:58.002699605 : vetrnik/cmnd/control/contactor 1
16:55:58.005344515 : vetrnik/cmnd/power_board/duty 255
16:55:58.501739384 : vetrnik/tele/power_board/time 1278
16:55:58.501907975 : vetrnik/tele/stats/energy_Ws 546
16:55:59.002435541 : vetrnik/tele/stats/energy_Ws 550
16:55:59.002830335 : vetrnik/cmnd/control/contactor 1
16:55:59.004922562 : vetrnik/tele/control/contactor 5
16:55:59.005471689 : vetrnik/cmnd/power_board/duty 255
16:55:59.005857223 : vetrnik/tele/control/contactor 4
16:55:59.502365369 : vetrnik/tele/power_board/time 1279
16:55:59.502618738 : vetrnik/tele/stats/energy_Ws 554
16:56:00.001691424 : vetrnik/tele/stats/energy_Ws 558
16:56:00.002608177 : vetrnik/cmnd/control/contactor 1
16:56:00.004493851 : vetrnik/tele/control/contactor 5
16:56:00.005149680 : vetrnik/tele/control/contactor 4
16:56:00.005312234 : vetrnik/cmnd/power_board/duty 255
16:56:00.501633252 : vetrnik/tele/power_board/time 1280
16:56:00.501895269 : vetrnik/tele/stats/energy_Ws 562
16:56:01.002305205 : vetrnik/tele/stats/energy_Ws 566
16:56:01.003054274 : vetrnik/cmnd/control/contactor 1
16:56:01.005065521 : vetrnik/tele/control/contactor 5
16:56:01.005750258 : vetrnik/tele/control/contactor 4
16:56:01.005905146 : vetrnik/cmnd/power_board/duty 255
16:56:01.501930498 : vetrnik/tele/power_board/time 1281
16:56:01.502314292 : vetrnik/tele/stats/energy_Ws 570
16:56:02.001691587 : vetrnik/tele/power_board/power 9.5
16:56:02.001889011 : vetrnik/tele/power_board/current 0.984
16:56:02.002252472 : vetrnik/tele/stats/energy_Ws 574
16:56:02.003019393 : vetrnik/cmnd/control/contactor 1
16:56:02.004755605 : vetrnik/tele/control/contactor 5
16:56:02.005770432 : vetrnik/tele/control/contactor 4
16:56:02.005926209 : vetrnik/cmnd/power_board/duty 255
16:56:02.503412181 : vetrnik/tele/power_board/power 10.7
16:56:02.503598514 : vetrnik/tele/power_board/time 1282
16:56:02.504040622 : vetrnik/tele/power_board/current 1.107
16:56:02.504201158 : vetrnik/tele/stats/energy_Ws 578
16:56:03.002085536 : vetrnik/cmnd/control/contactor 1
16:56:03.003880765 : vetrnik/cmnd/power_board/duty 255
16:56:03.004096783 : vetrnik/tele/control/contactor 5
16:56:03.006119752 : vetrnik/tele/power_board/power 11.1
16:56:03.006407213 : vetrnik/tele/power_board/current 1.148
16:56:03.006736414 : vetrnik/tele/control/contactor 4
16:56:03.007056635 : vetrnik/tele/stats/energy_Ws 583
16:56:03.502880896 : vetrnik/tele/power_board/power 12.3
16:56:03.503051969 : vetrnik/tele/power_board/time 1283
16:56:03.503396726 : vetrnik/tele/power_board/current 1.271
16:56:03.503691502 : vetrnik/tele/stats/energy_Ws 588
16:56:04.002304097 : vetrnik/cmnd/control/contactor 1
16:56:04.002419782 : vetrnik/tele/power_board/power 13.1
16:56:04.002658428 : vetrnik/tele/power_board/current 1.353
16:56:04.003844347 : vetrnik/tele/stats/energy_Ws 594
16:56:04.003933828 : vetrnik/cmnd/power_board/duty 255
16:56:04.004916729 : vetrnik/tele/control/contactor 5
16:56:04.006940920 : vetrnik/tele/control/contactor 4
16:56:04.503339511 : vetrnik/tele/power_board/power 13.9
16:56:04.503594806 : vetrnik/tele/power_board/time 1284
16:56:04.503814415 : vetrnik/tele/power_board/current 1.435
16:56:04.504185432 : vetrnik/tele/stats/energy_Ws 600
16:56:05.002497973 : vetrnik/cmnd/control/contactor 1
16:56:05.004172074 : vetrnik/cmnd/power_board/duty 255
16:56:05.004278036 : vetrnik/tele/power_board/power 14.9
16:56:05.004336369 : vetrnik/tele/power_board/voltage 9.6
16:56:05.004717182 : vetrnik/tele/power_board/current 1.558
16:56:05.005427788 : vetrnik/tele/stats/energy_Ws 606
16:56:05.502751077 : vetrnik/tele/power_board/time 1285
16:56:05.502937428 : vetrnik/tele/stats/energy_Ws 613
16:56:06.002089353 : vetrnik/cmnd/control/contactor 1
16:56:06.003797305 : vetrnik/cmnd/power_board/duty 255
16:56:06.003936323 : vetrnik/tele/control/contactor 5
16:56:06.005934440 : vetrnik/tele/power_board/power 15.7
16:56:06.006267216 : vetrnik/tele/power_board/current 1.640
16:56:06.006581233 : vetrnik/tele/control/contactor 4
16:56:06.006895712 : vetrnik/tele/stats/energy_Ws 620
16:56:06.503341265 : vetrnik/tele/power_board/power 16.5
16:56:06.503573356 : vetrnik/tele/power_board/time 1286
16:56:06.503793910 : vetrnik/tele/power_board/current 1.722
16:56:06.504156205 : vetrnik/tele/stats/energy_Ws 627
16:56:07.002109008 : vetrnik/cmnd/control/contactor 1
16:56:07.004014440 : vetrnik/cmnd/power_board/duty 255
16:56:07.004173865 : vetrnik/tele/power_board/power 16.9
16:56:07.004408419 : vetrnik/tele/power_board/current 1.763
16:56:07.004810676 : vetrnik/tele/stats/energy_Ws 635
16:56:07.502669313 : vetrnik/tele/power_board/power 18.1
16:56:07.503112755 : vetrnik/tele/power_board/time 1287
16:56:07.503219828 : vetrnik/tele/power_board/current 1.886
16:56:07.503463604 : vetrnik/tele/stats/energy_Ws 643
16:56:08.002246587 : vetrnik/cmnd/control/contactor 1
16:56:08.004006595 : vetrnik/cmnd/power_board/duty 255
16:56:08.004216334 : vetrnik/tele/control/contactor 5
16:56:08.006303821 : vetrnik/tele/control/contactor 4
16:56:08.006512598 : vetrnik/tele/stats/energy_Ws 652
16:56:08.503209205 : vetrnik/tele/power_board/power 18.4
16:56:08.503451740 : vetrnik/tele/power_board/time 1288
16:56:08.503816442 : vetrnik/tele/power_board/current 1.927
16:56:08.504060718 : vetrnik/tele/stats/energy_Ws 661
16:56:09.002141576 : vetrnik/cmnd/control/contactor 1
16:56:09.003906324 : vetrnik/cmnd/power_board/duty 255
16:56:09.004013545 : vetrnik/tele/control/contactor 5
16:56:09.004189822 : vetrnik/tele/stats/energy_Ws 670
16:56:09.006219791 : vetrnik/tele/control/contactor 4
16:56:09.503518561 : vetrnik/tele/power_board/time 1289
16:56:09.503718319 : vetrnik/tele/stats/energy_Ws 679
16:56:10.002171933 : vetrnik/cmnd/control/contactor 1
16:56:10.003995941 : vetrnik/cmnd/power_board/duty 255
16:56:10.004154680 : vetrnik/tele/control/contactor 5
16:56:10.006296760 : vetrnik/tele/control/contactor 4
16:56:10.006487758 : vetrnik/tele/stats/energy_Ws 688
16:56:10.502931385 : vetrnik/tele/power_board/time 1290
16:56:10.503177291 : vetrnik/tele/stats/energy_Ws 697
16:56:11.002652770 : vetrnik/cmnd/control/contactor 1
16:56:11.002770602 : vetrnik/tele/stats/energy_Ws 706
16:56:11.004587091 : vetrnik/tele/control/contactor 5
16:56:11.005195050 : vetrnik/cmnd/power_board/duty 255
16:56:11.005756510 : vetrnik/tele/control/contactor 4
16:56:11.503268574 : vetrnik/tele/power_board/time 1291
16:56:11.503382759 : vetrnik/tele/stats/energy_Ws 715
16:56:12.002045650 : vetrnik/cmnd/control/contactor 1
16:56:12.003827935 : vetrnik/tele/control/contactor 5
16:56:12.006792639 : vetrnik/cmnd/power_board/duty 255
16:56:12.006891194 : vetrnik/tele/control/contactor 4
16:56:12.006929749 : vetrnik/tele/stats/energy_Ws 724
16:56:12.502813416 : vetrnik/tele/power_board/time 1292
16:56:12.502966860 : vetrnik/tele/stats/energy_Ws 733
16:56:13.002181840 : vetrnik/cmnd/control/contactor 1
16:56:13.003651108 : vetrnik/cmnd/power_board/duty 255
16:56:13.004095143 : vetrnik/tele/control/contactor 5
16:56:13.006074908 : vetrnik/tele/control/contactor 4
16:56:13.006450850 : vetrnik/tele/stats/energy_Ws 742
16:56:13.503130809 : vetrnik/tele/power_board/time 1293
16:56:13.503390659 : vetrnik/tele/stats/energy_Ws 751
16:56:14.002066290 : vetrnik/cmnd/control/contactor 1
16:56:14.003560818 : vetrnik/cmnd/power_board/duty 255
16:56:14.003744613 : vetrnik/tele/control/contactor 5
16:56:14.005813619 : vetrnik/tele/control/contactor 4
16:56:14.006032377 : vetrnik/tele/stats/energy_Ws 760
16:56:14.502442800 : vetrnik/tele/power_board/time 1294
16:56:14.502684280 : vetrnik/tele/stats/energy_Ws 769
16:56:15.002504682 : vetrnik/cmnd/control/contactor 1
16:56:15.004132023 : vetrnik/tele/control/contactor 5
16:56:15.004249486 : vetrnik/cmnd/power_board/duty 255
16:56:15.004876834 : vetrnik/tele/control/contactor 4
16:56:15.005277146 : vetrnik/tele/stats/energy_Ws 778
16:56:15.503144523 : vetrnik/tele/power_board/time 1295
16:56:15.503358281 : vetrnik/tele/stats/energy_Ws 787
16:56:16.002042893 : vetrnik/cmnd/control/contactor 1
16:56:16.003540366 : vetrnik/cmnd/power_board/duty 255
16:56:16.003991270 : vetrnik/tele/control/contactor 5
16:56:16.004319102 : vetrnik/tele/stats/energy_Ws 796
16:56:16.006273941 : vetrnik/tele/control/contactor 4
16:56:16.502416958 : vetrnik/tele/power_board/time 1296
16:56:16.502645031 : vetrnik/tele/stats/energy_Ws 805
16:56:17.002226194 : vetrnik/cmnd/control/contactor 1
16:56:17.003735295 : vetrnik/cmnd/power_board/duty 255
16:56:17.004001646 : vetrnik/tele/control/contactor 5
16:56:17.006016818 : vetrnik/tele/control/contactor 4
16:56:17.006294335 : vetrnik/tele/stats/energy_Ws 814
16:56:17.502995626 : vetrnik/tele/power_board/time 1297
16:56:17.503174922 : vetrnik/tele/stats/energy_Ws 823
16:56:18.002762325 : vetrnik/tele/stats/energy_Ws 832
16:56:18.003094582 : vetrnik/cmnd/control/contactor 1
16:56:18.004905404 : vetrnik/tele/control/contactor 5
16:56:18.005634214 : vetrnik/tele/control/contactor 4
16:56:18.005972990 : vetrnik/cmnd/power_board/duty 255
16:56:18.503503424 : vetrnik/tele/power_board/time 1298
16:56:18.503731978 : vetrnik/tele/stats/energy_Ws 841
16:56:19.003088457 : vetrnik/cmnd/control/contactor 1
16:56:19.003365381 : vetrnik/tele/stats/energy_Ws 850
16:56:19.004947853 : vetrnik/tele/control/contactor 5
16:56:19.005563201 : vetrnik/tele/control/contactor 4
16:56:19.006243252 : vetrnik/cmnd/power_board/duty 255
16:56:19.503286078 : vetrnik/tele/power_board/time 1299
16:56:19.503519929 : vetrnik/tele/stats/energy_Ws 859
16:56:20.002461040 : vetrnik/tele/stats/energy_Ws 868
16:56:20.002763167 : vetrnik/cmnd/control/contactor 1
16:56:20.004551675 : vetrnik/tele/control/contactor 5
16:56:20.005213337 : vetrnik/tele/control/contactor 4
16:56:20.005357985 : vetrnik/cmnd/power_board/duty 255
16:56:20.503298564 : vetrnik/tele/power_board/time 1300
16:56:20.503556100 : vetrnik/tele/stats/energy_Ws 877
16:56:21.002800449 : vetrnik/cmnd/control/contactor 1
16:56:21.003053651 : vetrnik/tele/stats/energy_Ws 886
16:56:21.004812807 : vetrnik/tele/control/contactor 5
16:56:21.005276600 : vetrnik/cmnd/power_board/duty 255
16:56:21.005431674 : vetrnik/tele/control/contactor 4
16:56:21.502844497 : vetrnik/tele/power_board/time 1301
16:56:21.503040792 : vetrnik/tele/stats/energy_Ws 895
16:56:22.002735787 : vetrnik/cmnd/control/contactor 1
16:56:22.003237228 : vetrnik/tele/stats/energy_Ws 904
16:56:22.005116087 : vetrnik/tele/control/contactor 5
16:56:22.005337290 : vetrnik/cmnd/power_board/duty 255
16:56:22.007406369 : vetrnik/tele/control/contactor 4
16:56:22.503128111 : vetrnik/tele/power_board/time 1302
16:56:22.503287165 : vetrnik/tele/stats/energy_Ws 913
16:56:23.002168128 : vetrnik/cmnd/control/contactor 1
16:56:23.003705063 : vetrnik/cmnd/power_board/duty 255
16:56:23.004092301 : vetrnik/tele/control/contactor 5
16:56:23.004352837 : vetrnik/tele/stats/energy_Ws 922
16:56:23.006413176 : vetrnik/tele/control/contactor 4
16:56:23.502829431 : vetrnik/tele/power_board/time 1303
16:56:23.503030764 : vetrnik/tele/stats/energy_Ws 931
16:56:24.002251372 : vetrnik/cmnd/control/contactor 1
16:56:24.003877381 : vetrnik/cmnd/power_board/duty 255
16:56:24.003983213 : vetrnik/tele/control/contactor 5
16:56:24.006083034 : vetrnik/tele/control/contactor 4
16:56:24.006344884 : vetrnik/tele/stats/energy_Ws 940
16:56:24.503068378 : vetrnik/tele/power_board/time 1304
16:56:24.503272284 : vetrnik/tele/stats/energy_Ws 949
16:56:25.002521689 : vetrnik/cmnd/control/contactor 1
16:56:25.002680484 : vetrnik/tele/stats/energy_Ws 958
16:56:25.005319838 : vetrnik/tele/control/contactor 5
16:56:25.005462671 : vetrnik/cmnd/power_board/duty 255
16:56:25.005497467 : vetrnik/tele/control/contactor 4
16:56:25.503469231 : vetrnik/tele/power_board/time 1305
16:56:25.503707045 : vetrnik/tele/stats/energy_Ws 967
16:56:26.002269620 : vetrnik/cmnd/control/contactor 1
16:56:26.004177145 : vetrnik/cmnd/power_board/duty 255
16:56:26.004368440 : vetrnik/tele/control/contactor 5
16:56:26.004699161 : vetrnik/tele/stats/energy_Ws 976
16:56:26.006643760 : vetrnik/tele/control/contactor 4
16:56:26.503003219 : vetrnik/tele/power_board/time 1306
16:56:26.503293273 : vetrnik/tele/stats/energy_Ws 985
16:56:27.002064884 : vetrnik/cmnd/control/contactor 1
16:56:27.002264790 : vetrnik/tele/stats/energy_Ws 994
16:56:27.003887280 : vetrnik/cmnd/power_board/duty 255
16:56:27.004204278 : vetrnik/tele/control/contactor 5
16:56:27.006192581 : vetrnik/tele/control/contactor 4
16:56:27.503541886 : vetrnik/tele/power_board/time 1307
16:56:27.503734199 : vetrnik/tele/stats/energy_Ws 1003
16:56:28.002815068 : vetrnik/cmnd/control/contactor 1
16:56:28.003051807 : vetrnik/tele/stats/energy_Ws 1012
16:56:28.004893796 : vetrnik/tele/control/contactor 5
16:56:28.005794901 : vetrnik/tele/control/contactor 4
16:56:28.005943289 : vetrnik/cmnd/power_board/duty 255
16:56:28.503085633 : vetrnik/tele/power_board/time 1308
16:56:28.503302687 : vetrnik/tele/stats/energy_Ws 1021
16:56:29.002672813 : vetrnik/cmnd/control/contactor 1
16:56:29.004593171 : vetrnik/tele/control/contactor 5
16:56:29.004818466 : vetrnik/tele/stats/energy_Ws 1030
16:56:29.005164760 : vetrnik/cmnd/power_board/duty 255
16:56:29.005520758 : vetrnik/tele/control/contactor 4
16:56:29.503212968 : vetrnik/tele/power_board/time 1309
16:56:29.503403893 : vetrnik/tele/stats/energy_Ws 1039
16:56:30.003070276 : vetrnik/cmnd/control/contactor 1
16:56:30.003262367 : vetrnik/tele/stats/energy_Ws 1048
16:56:30.004829858 : vetrnik/tele/control/contactor 5
16:56:30.005478761 : vetrnik/cmnd/power_board/duty 255
16:56:30.005745074 : vetrnik/tele/control/contactor 4
16:56:30.502837196 : vetrnik/tele/power_board/time 1310
16:56:30.503024676 : vetrnik/tele/stats/energy_Ws 1057
16:56:31.004248753 : vetrnik/cmnd/control/contactor 1
16:56:31.004535807 : vetrnik/tele/stats/energy_Ws 1066
16:56:31.047294819 : vetrnik/tele/control/contactor 5
16:56:31.047420504 : vetrnik/tele/control/contactor 4
16:56:31.047484948 : vetrnik/cmnd/power_board/duty 255
16:56:31.503371806 : vetrnik/tele/power_board/time 1311
16:56:31.503571249 : vetrnik/tele/stats/energy_Ws 1075
16:56:32.002826431 : vetrnik/tele/stats/energy_Ws 1084
16:56:32.003105596 : vetrnik/cmnd/control/contactor 1
16:56:32.004519865 : vetrnik/tele/control/contactor 5
16:56:32.005165398 : vetrnik/tele/control/contactor 4
16:56:32.005392082 : vetrnik/cmnd/power_board/duty 255
16:56:32.502592851 : vetrnik/tele/power_board/time 1312
16:56:32.502751053 : vetrnik/tele/stats/energy_Ws 1093
16:56:33.002131068 : vetrnik/cmnd/control/contactor 1
16:56:33.003960445 : vetrnik/cmnd/power_board/duty 255
16:56:33.004102481 : vetrnik/tele/control/contactor 5
16:56:33.006004025 : vetrnik/tele/control/contactor 4
16:56:33.006422560 : vetrnik/tele/stats/energy_Ws 1102
16:56:33.503047961 : vetrnik/tele/power_board/time 1313
16:56:33.503212979 : vetrnik/tele/stats/energy_Ws 1111
16:56:34.002127477 : vetrnik/cmnd/control/contactor 1
16:56:34.002430198 : vetrnik/tele/stats/energy_Ws 1120
16:56:34.003963503 : vetrnik/cmnd/power_board/duty 255
16:56:34.004333556 : vetrnik/tele/control/contactor 5
16:56:34.006355229 : vetrnik/tele/control/contactor 4
16:56:34.503418017 : vetrnik/tele/power_board/time 1314
16:56:34.503584405 : vetrnik/tele/stats/energy_Ws 1129
16:56:35.002226423 : vetrnik/cmnd/control/contactor 1
16:56:35.004237522 : vetrnik/tele/control/contactor 5
16:56:35.004529557 : vetrnik/cmnd/power_board/duty 255
16:56:35.004733371 : vetrnik/tele/control/contactor 4
16:56:35.004933777 : vetrnik/tele/stats/energy_Ws 1138
16:56:35.502798893 : vetrnik/tele/power_board/power 26.7
16:56:35.502976966 : vetrnik/tele/power_board/time 1315
16:56:35.503386482 : vetrnik/tele/power_board/voltage 9.2
16:56:35.503738961 : vetrnik/tele/power_board/current 2.911
16:56:35.503956979 : vetrnik/tele/stats/energy_Ws 1147
16:56:36.002491091 : vetrnik/cmnd/control/contactor 1
16:56:36.002599553 : vetrnik/tele/power_board/power 27.9
16:56:36.002757885 : vetrnik/tele/power_board/voltage 9.1
16:56:36.003078439 : vetrnik/tele/power_board/current 3.075
16:56:36.004193636 : vetrnik/tele/stats/energy_Ws 1160
16:56:36.004278561 : vetrnik/cmnd/power_board/duty 255
16:56:36.005479942 : vetrnik/tele/control/contactor 5
16:56:36.007388301 : vetrnik/tele/control/contactor 4
16:56:36.503397873 : vetrnik/tele/power_board/power 27.1
16:56:36.503608353 : vetrnik/tele/power_board/time 1316
16:56:36.503912388 : vetrnik/tele/power_board/voltage 9.2
16:56:36.504256071 : vetrnik/tele/power_board/current 2.952
16:56:36.504560199 : vetrnik/tele/stats/energy_Ws 1173
16:56:37.002171224 : vetrnik/cmnd/control/contactor 1
16:56:37.003585863 : vetrnik/cmnd/power_board/duty 255
16:56:37.003740714 : vetrnik/tele/control/contactor 5
16:56:37.005812720 : vetrnik/tele/power_board/power 21.9
16:56:37.006139348 : vetrnik/tele/power_board/voltage 9.4
16:56:37.006507623 : vetrnik/tele/power_board/current 2.337
16:56:37.006831306 : vetrnik/tele/control/contactor 4
16:56:37.007164712 : vetrnik/tele/stats/energy_Ws 1186
16:56:37.502721397 : vetrnik/tele/power_board/power 20.8
16:56:37.502868045 : vetrnik/tele/power_board/time 1317
16:56:37.503216302 : vetrnik/tele/power_board/current 2.214
16:56:37.503533800 : vetrnik/tele/stats/energy_Ws 1196
16:56:38.002719982 : vetrnik/cmnd/control/contactor 1
16:56:38.004690136 : vetrnik/tele/power_board/power 18.8
16:56:38.005031653 : vetrnik/tele/power_board/current 2.009
16:56:38.005190133 : vetrnik/cmnd/power_board/duty 255
16:56:38.005355928 : vetrnik/tele/control/contactor 5
16:56:38.005676723 : vetrnik/tele/stats/energy_Ws 1206
16:56:38.007754728 : vetrnik/tele/control/contactor 4
16:56:38.503252118 : vetrnik/tele/power_board/power 18.8
16:56:38.503462117 : vetrnik/tele/power_board/time 1318
16:56:38.503632671 : vetrnik/tele/power_board/voltage 9.6
16:56:38.504028798 : vetrnik/tele/power_board/current 1.968
16:56:38.504372907 : vetrnik/tele/stats/energy_Ws 1215
16:56:39.002732372 : vetrnik/tele/power_board/power 18.4
16:56:39.002973908 : vetrnik/cmnd/control/contactor 1
16:56:39.003182295 : vetrnik/tele/power_board/current 1.927
16:56:39.003410757 : vetrnik/tele/stats/energy_Ws 1224
16:56:39.005219894 : vetrnik/tele/control/contactor 5
16:56:39.005376374 : vetrnik/cmnd/power_board/duty 255
16:56:39.007205844 : vetrnik/tele/control/contactor 4
16:56:39.502599494 : vetrnik/tele/power_board/time 1319
16:56:39.502820344 : vetrnik/tele/stats/energy_Ws 1233
16:56:40.005029415 : vetrnik/tele/stats/energy_Ws 1242
16:56:40.005250691 : vetrnik/cmnd/control/contactor 1
16:56:40.005608041 : vetrnik/tele/control/contactor 5
16:56:40.006481221 : vetrnik/tele/control/contactor 4
16:56:40.008314894 : vetrnik/cmnd/power_board/duty 255
16:56:40.503070104 : vetrnik/tele/power_board/time 1320
16:56:40.503286639 : vetrnik/tele/stats/energy_Ws 1251
16:56:41.002805615 : vetrnik/tele/stats/energy_Ws 1260
16:56:41.003233075 : vetrnik/cmnd/control/contactor 1
16:56:41.005283970 : vetrnik/tele/control/contactor 5
16:56:41.005806485 : vetrnik/tele/control/contactor 4
16:56:41.006787516 : vetrnik/cmnd/power_board/duty 255
16:56:41.503374084 : vetrnik/tele/power_board/time 1321
16:56:41.503601842 : vetrnik/tele/stats/energy_Ws 1269
16:56:42.003284335 : vetrnik/tele/stats/energy_Ws 1278
16:56:42.003505982 : vetrnik/cmnd/control/contactor 1
16:56:42.005374693 : vetrnik/tele/control/contactor 5
16:56:42.005896949 : vetrnik/tele/control/contactor 4
16:56:42.007165145 : vetrnik/cmnd/power_board/duty 255
16:56:42.502924847 : vetrnik/tele/power_board/time 1322
16:56:42.503147050 : vetrnik/tele/stats/energy_Ws 1287
16:56:43.002319713 : vetrnik/cmnd/control/contactor 1
16:56:43.002435119 : vetrnik/tele/stats/energy_Ws 1296
16:56:43.003523798 : vetrnik/cmnd/power_board/duty 255
16:56:43.004232090 : vetrnik/tele/control/contactor 5
16:56:43.006179596 : vetrnik/tele/control/contactor 4
16:56:43.503263661 : vetrnik/tele/power_board/time 1323
16:56:43.503437808 : vetrnik/tele/stats/energy_Ws 1305
16:56:44.002395732 : vetrnik/cmnd/control/contactor 1
16:56:44.004054944 : vetrnik/cmnd/power_board/duty 255
16:56:44.004151628 : vetrnik/tele/control/contactor 5
16:56:44.005922136 : vetrnik/tele/control/contactor 4
16:56:44.006258189 : vetrnik/tele/stats/energy_Ws 1314
16:56:44.502912812 : vetrnik/tele/power_board/time 1324
16:56:44.503155144 : vetrnik/tele/stats/energy_Ws 1323
16:56:45.002575435 : vetrnik/cmnd/control/contactor 1
16:56:45.004358442 : vetrnik/cmnd/power_board/duty 255
16:56:45.004463090 : vetrnik/tele/control/contactor 5
16:56:45.006216579 : vetrnik/tele/control/contactor 4
16:56:45.006502133 : vetrnik/tele/stats/energy_Ws 1332
16:56:45.503193311 : vetrnik/tele/power_board/time 1325
16:56:45.503409754 : vetrnik/tele/stats/energy_Ws 1341
16:56:46.002404640 : vetrnik/cmnd/control/contactor 1
16:56:46.003967742 : vetrnik/cmnd/power_board/duty 255
16:56:46.004072741 : vetrnik/tele/control/contactor 5
16:56:46.004350573 : vetrnik/tele/stats/energy_Ws 1350
16:56:46.006334634 : vetrnik/tele/control/contactor 4
16:56:46.502455686 : vetrnik/tele/power_board/time 1326
16:56:46.502653315 : vetrnik/tele/stats/energy_Ws 1359
16:56:47.002163012 : vetrnik/cmnd/control/contactor 1
16:56:47.004468406 : vetrnik/cmnd/power_board/duty 255
16:56:47.004593886 : vetrnik/tele/control/contactor 5
16:56:47.006187543 : vetrnik/tele/control/contactor 4
16:56:47.006398838 : vetrnik/tele/stats/energy_Ws 1368
16:56:47.503102109 : vetrnik/tele/power_board/time 1327
16:56:47.503278496 : vetrnik/tele/stats/energy_Ws 1377
16:56:48.002422030 : vetrnik/cmnd/control/contactor 1
16:56:48.003938557 : vetrnik/cmnd/power_board/duty 255
16:56:48.004077556 : vetrnik/tele/control/contactor 5
16:56:48.004247629 : vetrnik/tele/stats/energy_Ws 1386
16:56:48.006329450 : vetrnik/tele/control/contactor 4
16:56:48.502664926 : vetrnik/tele/power_board/time 1328
16:56:48.502795611 : vetrnik/tele/stats/energy_Ws 1395
16:56:49.005196161 : vetrnik/tele/stats/energy_Ws 1404
16:56:49.005929582 : vetrnik/cmnd/control/contactor 1
16:56:49.007552350 : vetrnik/cmnd/power_board/duty 255
16:56:49.007734737 : vetrnik/tele/control/contactor 5
16:56:49.009685762 : vetrnik/tele/control/contactor 4
16:56:49.503010535 : vetrnik/tele/power_board/time 1329
16:56:49.503208201 : vetrnik/tele/stats/energy_Ws 1413
16:56:50.002085421 : vetrnik/cmnd/control/contactor 1
16:56:50.002380011 : vetrnik/tele/stats/energy_Ws 1422
16:56:50.003532967 : vetrnik/cmnd/power_board/duty 255
16:56:50.004269463 : vetrnik/tele/control/contactor 5
16:56:50.006363764 : vetrnik/tele/control/contactor 4
16:56:50.503290718 : vetrnik/tele/power_board/time 1330
16:56:50.503525199 : vetrnik/tele/stats/energy_Ws 1431
16:56:51.002394955 : vetrnik/cmnd/control/contactor 1
16:56:51.003579744 : vetrnik/cmnd/power_board/duty 255
16:56:51.003823632 : vetrnik/tele/control/contactor 5
16:56:51.005861156 : vetrnik/tele/control/contactor 4
16:56:51.006184154 : vetrnik/tele/stats/energy_Ws 1440
16:56:51.502901943 : vetrnik/tele/power_board/time 1331
16:56:51.503107534 : vetrnik/tele/stats/energy_Ws 1449
16:56:52.002419159 : vetrnik/cmnd/control/contactor 1
16:56:52.002542565 : vetrnik/tele/stats/energy_Ws 1458
16:56:52.003737391 : vetrnik/cmnd/power_board/duty 255
16:56:52.004658034 : vetrnik/tele/control/contactor 5
16:56:52.006250802 : vetrnik/tele/control/contactor 4
16:56:52.503304384 : vetrnik/tele/power_board/time 1332
16:56:52.503536253 : vetrnik/tele/stats/energy_Ws 1467
16:56:53.002558768 : vetrnik/cmnd/control/contactor 1
16:56:53.002974173 : vetrnik/tele/stats/energy_Ws 1476
16:56:53.004808551 : vetrnik/tele/control/contactor 5
16:56:53.005170623 : vetrnik/cmnd/power_board/duty 255
16:56:53.005386492 : vetrnik/tele/control/contactor 4
16:56:53.502963756 : vetrnik/tele/power_board/time 1333
16:56:53.503206736 : vetrnik/tele/stats/energy_Ws 1485
16:56:54.005460083 : vetrnik/tele/stats/energy_Ws 1494
16:56:54.006908722 : vetrnik/cmnd/control/contactor 1
16:56:54.008914617 : vetrnik/tele/control/contactor 5
16:56:54.009481225 : vetrnik/tele/control/contactor 4
16:56:54.010233091 : vetrnik/cmnd/power_board/duty 255
16:56:54.503223328 : vetrnik/tele/power_board/time 1334
16:56:54.503490808 : vetrnik/tele/stats/energy_Ws 1503
16:56:55.002641729 : vetrnik/cmnd/control/contactor 1
16:56:55.002926117 : vetrnik/tele/stats/energy_Ws 1512
16:56:55.004814383 : vetrnik/tele/control/contactor 5
16:56:55.005079436 : vetrnik/cmnd/power_board/duty 255
16:56:55.005409323 : vetrnik/tele/control/contactor 4
16:56:55.502505943 : vetrnik/tele/power_board/time 1335
16:56:55.502722701 : vetrnik/tele/stats/energy_Ws 1521
16:56:56.002803838 : vetrnik/cmnd/control/contactor 1
16:56:56.004046072 : vetrnik/tele/control/contactor 5
16:56:56.004171200 : vetrnik/cmnd/power_board/duty 255
16:56:56.004832122 : vetrnik/tele/stats/energy_Ws 1530
16:56:56.006782203 : vetrnik/tele/control/contactor 4
16:56:56.503042901 : vetrnik/tele/power_board/time 1336
16:56:56.503242789 : vetrnik/tele/stats/energy_Ws 1539
16:56:57.002084860 : vetrnik/cmnd/control/contactor 1
16:56:57.003780683 : vetrnik/cmnd/power_board/duty 255
16:56:57.004236328 : vetrnik/tele/stats/energy_Ws 1548
16:56:57.503560341 : vetrnik/tele/power_board/time 1337
16:56:57.503761470 : vetrnik/tele/stats/energy_Ws 1557
16:56:58.002155636 : vetrnik/cmnd/control/contactor 1
16:56:58.003891441 : vetrnik/tele/control/contactor 5
16:56:58.004080032 : vetrnik/cmnd/power_board/duty 255
16:56:58.005859280 : vetrnik/tele/control/contactor 4
16:56:58.006137390 : vetrnik/tele/stats/energy_Ws 1566
16:56:58.503020658 : vetrnik/tele/power_board/time 1338
16:56:58.503238564 : vetrnik/tele/stats/energy_Ws 1575
16:56:59.004840063 : vetrnik/tele/stats/energy_Ws 1584
16:56:59.005762483 : vetrnik/cmnd/control/contactor 1
16:56:59.007566916 : vetrnik/tele/control/contactor 5
16:56:59.007981803 : vetrnik/cmnd/power_board/duty 255
16:56:59.008153561 : vetrnik/tele/control/contactor 4
16:56:59.503355321 : vetrnik/tele/power_board/time 1339
16:56:59.503599320 : vetrnik/tele/power_board/temperature/rectifier 25.3
16:56:59.503891651 : vetrnik/tele/stats/energy_Ws 1593
16:57:00.002020616 : vetrnik/cmnd/control/contactor 1
16:57:00.003511347 : vetrnik/cmnd/power_board/duty 255
16:57:00.004013992 : vetrnik/tele/control/contactor 5
16:57:00.004289602 : vetrnik/tele/stats/energy_Ws 1602
16:57:00.006317386 : vetrnik/tele/control/contactor 4
16:57:00.502779786 : vetrnik/tele/power_board/time 1340
16:57:00.503019211 : vetrnik/tele/stats/energy_Ws 1611
16:57:01.003240681 : vetrnik/cmnd/control/contactor 1
16:57:01.003435235 : vetrnik/tele/stats/energy_Ws 1620
16:57:01.005383075 : vetrnik/tele/control/contactor 5
16:57:01.005928368 : vetrnik/tele/control/contactor 4
16:57:01.006701752 : vetrnik/cmnd/power_board/duty 255
16:57:01.503150801 : vetrnik/tele/power_board/time 1341
16:57:01.503417707 : vetrnik/tele/stats/energy_Ws 1629
16:57:02.002955236 : vetrnik/tele/stats/energy_Ws 1638
16:57:02.003205272 : vetrnik/cmnd/control/contactor 1
16:57:02.005050149 : vetrnik/tele/control/contactor 5
16:57:02.005933384 : vetrnik/tele/control/contactor 4
16:57:02.006663195 : vetrnik/cmnd/power_board/duty 255
16:57:02.502774098 : vetrnik/tele/power_board/time 1342
16:57:02.503002966 : vetrnik/tele/stats/energy_Ws 1647
16:57:03.002283350 : vetrnik/cmnd/control/contactor 1
16:57:03.003801785 : vetrnik/cmnd/power_board/duty 255
16:57:03.004225004 : vetrnik/tele/control/contactor 5
16:57:03.006211344 : vetrnik/tele/power_board/power 19.2
16:57:03.006586878 : vetrnik/tele/power_board/current 2.009
16:57:03.006962858 : vetrnik/tele/control/contactor 4
16:57:03.007246578 : vetrnik/tele/stats/energy_Ws 1656
16:57:03.502975946 : vetrnik/tele/power_board/power 20.0
16:57:03.503216222 : vetrnik/tele/power_board/time 1343
16:57:03.503526165 : vetrnik/tele/power_board/voltage 9.4
16:57:03.503914792 : vetrnik/tele/power_board/current 2.132
16:57:03.504290586 : vetrnik/tele/stats/energy_Ws 1665
16:57:04.004653388 : vetrnik/tele/power_board/power 20.8
16:57:04.004816887 : vetrnik/tele/power_board/current 2.214
16:57:04.004849961 : vetrnik/tele/stats/energy_Ws 1675
16:57:04.005320069 : vetrnik/cmnd/control/contactor 1
16:57:04.006821560 : vetrnik/cmnd/power_board/duty 255
16:57:04.007325798 : vetrnik/tele/control/contactor 5
16:57:04.009340285 : vetrnik/tele/control/contactor 4
16:57:04.502643224 : vetrnik/tele/power_board/power 21.9
16:57:04.502776667 : vetrnik/tele/power_board/time 1344
16:57:04.503234794 : vetrnik/tele/power_board/current 2.337
16:57:04.503589088 : vetrnik/tele/stats/energy_Ws 1685
16:57:05.002693343 : vetrnik/cmnd/control/contactor 1
16:57:05.003096822 : vetrnik/tele/power_board/power 22.3
16:57:05.003454319 : vetrnik/tele/power_board/current 2.378
16:57:05.003825687 : vetrnik/tele/stats/energy_Ws 1695
16:57:05.005889545 : vetrnik/cmnd/power_board/duty 255
16:57:05.005978896 : vetrnik/tele/control/contactor 5
16:57:05.007694608 : vetrnik/tele/control/contactor 4
16:57:05.502773758 : vetrnik/tele/power_board/time 1345
16:57:05.502957090 : vetrnik/tele/stats/energy_Ws 1706
16:57:06.002516601 : vetrnik/cmnd/control/contactor 1
16:57:06.002667729 : vetrnik/tele/power_board/power 23.5
16:57:06.003026375 : vetrnik/tele/power_board/current 2.501
16:57:06.003339225 : vetrnik/tele/stats/energy_Ws 1717
16:57:06.004816827 : vetrnik/cmnd/power_board/duty 255
16:57:06.005257028 : vetrnik/tele/control/contactor 5
16:57:06.007299812 : vetrnik/tele/control/contactor 4
16:57:06.503319011 : vetrnik/tele/power_board/power 23.8
16:57:06.503464066 : vetrnik/tele/power_board/time 1346
16:57:06.503835582 : vetrnik/tele/power_board/current 2.542
16:57:06.504361393 : vetrnik/tele/stats/energy_Ws 1728
16:57:07.001998490 : vetrnik/cmnd/control/contactor 1
16:57:07.003517703 : vetrnik/cmnd/power_board/duty 255
16:57:07.003942441 : vetrnik/tele/control/contactor 5
16:57:07.005923466 : vetrnik/tele/control/contactor 4
16:57:07.006253760 : vetrnik/tele/stats/energy_Ws 1739
16:57:07.502742104 : vetrnik/tele/power_board/power 24.2
16:57:07.502899752 : vetrnik/tele/power_board/time 1347
16:57:07.503261675 : vetrnik/tele/power_board/current 2.583
16:57:07.503605044 : vetrnik/tele/stats/energy_Ws 1750
16:57:08.001897766 : vetrnik/cmnd/control/contactor 1
16:57:08.002175264 : vetrnik/tele/stats/energy_Ws 1762
16:57:08.003413534 : vetrnik/cmnd/power_board/duty 255
16:57:08.004040012 : vetrnik/tele/control/contactor 5
16:57:08.006070944 : vetrnik/tele/control/contactor 4
16:57:08.503352450 : vetrnik/tele/power_board/time 1348
16:57:08.503526282 : vetrnik/tele/stats/energy_Ws 1774
16:57:09.001975948 : vetrnik/cmnd/control/contactor 1
16:57:09.003526957 : vetrnik/cmnd/power_board/duty 255
16:57:09.004051824 : vetrnik/tele/power_board/power 24.6
16:57:09.004431118 : vetrnik/tele/power_board/current 2.624
16:57:09.004697616 : vetrnik/tele/stats/energy_Ws 1786
16:57:09.502682247 : vetrnik/tele/power_board/power 25.2
16:57:09.502868802 : vetrnik/tele/power_board/time 1349
16:57:09.503286707 : vetrnik/tele/power_board/voltage 9.2
16:57:09.503641482 : vetrnik/tele/power_board/current 2.747
16:57:09.503860314 : vetrnik/tele/stats/energy_Ws 1798
16:57:10.002123147 : vetrnik/cmnd/control/contactor 1
16:57:10.004001247 : vetrnik/cmnd/power_board/duty 255
16:57:10.004148468 : vetrnik/tele/control/contactor 5
16:57:10.006082771 : vetrnik/tele/control/contactor 4
16:57:10.006383177 : vetrnik/tele/stats/energy_Ws 1810
16:57:10.503156815 : vetrnik/tele/power_board/power 25.6
16:57:10.503354055 : vetrnik/tele/power_board/time 1350
16:57:10.503662664 : vetrnik/tele/power_board/current 2.788
16:57:10.504023088 : vetrnik/tele/stats/energy_Ws 1822
16:57:11.002062756 : vetrnik/cmnd/control/contactor 1
16:57:11.003887374 : vetrnik/cmnd/power_board/duty 255
16:57:11.004013577 : vetrnik/tele/control/contactor 5
16:57:11.004160872 : vetrnik/tele/stats/energy_Ws 1834
16:57:11.006211563 : vetrnik/tele/control/contactor 4
16:57:11.502597131 : vetrnik/tele/power_board/time 1351
16:57:11.502756315 : vetrnik/tele/stats/energy_Ws 1846
16:57:12.002019271 : vetrnik/cmnd/control/contactor 1
16:57:12.003782390 : vetrnik/tele/control/contactor 5
16:57:12.003922723 : vetrnik/cmnd/power_board/duty 255
16:57:12.005785526 : vetrnik/tele/control/contactor 4
16:57:12.006058469 : vetrnik/tele/stats/energy_Ws 1858
16:57:12.503084050 : vetrnik/tele/power_board/time 1352
16:57:12.503279586 : vetrnik/tele/stats/energy_Ws 1870
16:57:13.003016799 : vetrnik/tele/stats/energy_Ws 1882
16:57:13.003221001 : vetrnik/cmnd/control/contactor 1
16:57:13.004710751 : vetrnik/tele/control/contactor 5
16:57:13.005359784 : vetrnik/cmnd/power_board/duty 255
16:57:13.005712560 : vetrnik/tele/control/contactor 4
16:57:13.503497674 : vetrnik/tele/power_board/power 26.4
16:57:13.503768524 : vetrnik/tele/power_board/time 1353
16:57:13.504143559 : vetrnik/tele/power_board/current 2.870
16:57:13.504364039 : vetrnik/tele/stats/energy_Ws 1894
16:57:14.002783574 : vetrnik/cmnd/control/contactor 1
16:57:14.003028166 : vetrnik/tele/power_board/power 27.5
16:57:14.003293886 : vetrnik/tele/power_board/current 2.993
16:57:14.003597088 : vetrnik/tele/stats/energy_Ws 1907
16:57:14.005415336 : vetrnik/cmnd/power_board/duty 255
16:57:14.005567391 : vetrnik/tele/control/contactor 5
16:57:14.007613785 : vetrnik/tele/control/contactor 4
16:57:14.503046432 : vetrnik/tele/power_board/power 28.2
16:57:14.503293801 : vetrnik/tele/power_board/time 1354
16:57:14.503612484 : vetrnik/tele/power_board/current 3.075
16:57:14.503791261 : vetrnik/tele/stats/energy_Ws 1920
16:57:15.002363092 : vetrnik/cmnd/control/contactor 1
16:57:15.002510887 : vetrnik/tele/stats/energy_Ws 1934
16:57:15.004199247 : vetrnik/cmnd/power_board/duty 255
16:57:15.004352839 : vetrnik/tele/control/contactor 5
16:57:15.006273808 : vetrnik/tele/control/contactor 4
16:57:15.503285205 : vetrnik/tele/power_board/time 1355
16:57:15.503485148 : vetrnik/tele/stats/energy_Ws 1948
16:57:16.002263218 : vetrnik/cmnd/control/contactor 1
16:57:16.003474452 : vetrnik/cmnd/power_board/duty 255
16:57:16.003789320 : vetrnik/tele/control/contactor 5
16:57:16.005951770 : vetrnik/tele/control/contactor 4
16:57:16.006196601 : vetrnik/tele/stats/energy_Ws 1962
16:57:16.502640890 : vetrnik/tele/power_board/power 27.9
16:57:16.502887685 : vetrnik/tele/power_board/time 1356
16:57:16.503101813 : vetrnik/tele/power_board/current 3.034
16:57:16.503481311 : vetrnik/tele/stats/energy_Ws 1976
16:57:17.002761119 : vetrnik/cmnd/control/contactor 1
16:57:17.004116425 : vetrnik/cmnd/power_board/duty 255
16:57:17.004286831 : vetrnik/tele/control/contactor 5
16:57:17.006395578 : vetrnik/tele/control/contactor 4
16:57:17.006894667 : vetrnik/tele/stats/energy_Ws 1990
16:57:17.502992661 : vetrnik/tele/power_board/power 27.5
16:57:17.503170716 : vetrnik/tele/power_board/time 1357
16:57:17.503515917 : vetrnik/tele/power_board/current 2.993
16:57:17.503842323 : vetrnik/tele/stats/energy_Ws 2003
16:57:18.002405709 : vetrnik/cmnd/control/contactor 1
16:57:18.003984440 : vetrnik/cmnd/power_board/duty 255
16:57:18.004106328 : vetrnik/tele/power_board/power 26.7
16:57:18.004671492 : vetrnik/tele/power_board/current 2.911
16:57:18.004740899 : vetrnik/tele/stats/energy_Ws 2016
16:57:18.502770214 : vetrnik/tele/power_board/power 26.4
16:57:18.502962787 : vetrnik/tele/power_board/time 1358
16:57:18.503279619 : vetrnik/tele/power_board/current 2.870
16:57:18.503490525 : vetrnik/tele/stats/energy_Ws 2029
16:57:19.002389465 : vetrnik/cmnd/control/contactor 1
16:57:19.004005306 : vetrnik/cmnd/power_board/duty 255
16:57:19.004114398 : vetrnik/tele/control/contactor 5
16:57:19.006006850 : vetrnik/tele/control/contactor 4
16:57:19.006319459 : vetrnik/tele/stats/energy_Ws 2042
16:57:19.503052949 : vetrnik/tele/power_board/time 1359
16:57:19.503248059 : vetrnik/tele/stats/energy_Ws 2055
16:57:20.002242609 : vetrnik/cmnd/control/contactor 1
16:57:20.002564200 : vetrnik/tele/stats/energy_Ws 2068
16:57:20.003722674 : vetrnik/cmnd/power_board/duty 255
16:57:20.004370374 : vetrnik/tele/control/contactor 5
16:57:20.006426639 : vetrnik/tele/control/contactor 4
16:57:20.502553022 : vetrnik/tele/power_board/time 1360
16:57:20.502805835 : vetrnik/tele/stats/energy_Ws 2081
16:57:21.002730657 : vetrnik/cmnd/control/contactor 1
16:57:21.003230969 : vetrnik/tele/stats/energy_Ws 2094
16:57:21.005039754 : vetrnik/tele/control/contactor 5
16:57:21.005419326 : vetrnik/cmnd/power_board/duty 255
16:57:21.005618510 : vetrnik/tele/control/contactor 4
16:57:21.503210180 : vetrnik/tele/power_board/time 1361
16:57:21.503485104 : vetrnik/tele/stats/energy_Ws 2107
16:57:22.002733560 : vetrnik/tele/stats/energy_Ws 2120
16:57:22.003098502 : vetrnik/cmnd/control/contactor 1
16:57:22.004933731 : vetrnik/tele/control/contactor 5
16:57:22.005406729 : vetrnik/tele/control/contactor 4
16:57:22.006231186 : vetrnik/cmnd/power_board/duty 255
16:57:22.503360322 : vetrnik/tele/power_board/time 1362
16:57:22.503584710 : vetrnik/tele/stats/energy_Ws 2133
16:57:23.002546927 : vetrnik/cmnd/control/contactor 1
16:57:23.004368304 : vetrnik/cmnd/power_board/duty 255
16:57:23.004566785 : vetrnik/tele/control/contactor 5
16:57:23.004610229 : vetrnik/tele/stats/energy_Ws 2146
16:57:23.006339496 : vetrnik/tele/control/contactor 4
16:57:23.502713692 : vetrnik/tele/power_board/time 1363
16:57:23.502914413 : vetrnik/tele/stats/energy_Ws 2159
16:57:24.002827438 : vetrnik/cmnd/control/contactor 1
16:57:24.003104011 : vetrnik/tele/stats/energy_Ws 2172
16:57:24.004413910 : vetrnik/tele/control/contactor 5
16:57:24.004507632 : vetrnik/cmnd/power_board/duty 255
16:57:24.006278158 : vetrnik/tele/control/contactor 4
16:57:24.503235683 : vetrnik/tele/power_board/time 1364
16:57:24.503425404 : vetrnik/tele/stats/energy_Ws 2185
16:57:25.005381862 : vetrnik/tele/stats/energy_Ws 2198
16:57:25.005953192 : vetrnik/cmnd/control/contactor 1
16:57:25.007672922 : vetrnik/tele/control/contactor 5
16:57:25.008356732 : vetrnik/tele/control/contactor 4
16:57:25.008616268 : vetrnik/cmnd/power_board/duty 255
16:57:25.502823347 : vetrnik/tele/power_board/time 1365
16:57:25.503027087 : vetrnik/tele/stats/energy_Ws 2211
16:57:26.001996841 : vetrnik/cmnd/control/contactor 1
16:57:26.003458869 : vetrnik/cmnd/power_board/duty 255
16:57:26.003783830 : vetrnik/tele/control/contactor 5
16:57:26.005815780 : vetrnik/tele/control/contactor 4
16:57:26.006100982 : vetrnik/tele/stats/energy_Ws 2224
16:57:26.503107859 : vetrnik/tele/power_board/time 1366
16:57:26.503365524 : vetrnik/tele/stats/energy_Ws 2237
16:57:27.002106427 : vetrnik/cmnd/control/contactor 1
16:57:27.002508184 : vetrnik/tele/stats/energy_Ws 2250
16:57:27.003523455 : vetrnik/cmnd/power_board/duty 255
16:57:27.004379821 : vetrnik/tele/control/contactor 5
16:57:27.006375790 : vetrnik/tele/control/contactor 4
16:57:27.502520190 : vetrnik/tele/power_board/time 1367
16:57:27.502731689 : vetrnik/tele/stats/energy_Ws 2263
16:57:28.002767807 : vetrnik/cmnd/control/contactor 1
16:57:28.003226137 : vetrnik/tele/stats/energy_Ws 2276
16:57:28.004998756 : vetrnik/tele/control/contactor 5
16:57:28.005317939 : vetrnik/cmnd/power_board/duty 255
16:57:28.005668677 : vetrnik/tele/control/contactor 4
16:57:28.502819331 : vetrnik/tele/power_board/time 1368
16:57:28.503066552 : vetrnik/tele/stats/energy_Ws 2289
16:57:29.003010392 : vetrnik/tele/stats/energy_Ws 2302
16:57:29.003172354 : vetrnik/cmnd/control/contactor 1
16:57:29.004375532 : vetrnik/tele/control/contactor 5
16:57:29.004874954 : vetrnik/cmnd/power_board/duty 255
16:57:29.005308452 : vetrnik/tele/control/contactor 4
16:57:29.503485432 : vetrnik/tele/power_board/time 1369
16:57:29.503650487 : vetrnik/tele/stats/energy_Ws 2315
16:57:30.003023553 : vetrnik/cmnd/control/contactor 1
16:57:30.003209089 : vetrnik/tele/stats/energy_Ws 2328
16:57:30.004958300 : vetrnik/tele/control/contactor 5
16:57:30.005160984 : vetrnik/cmnd/power_board/duty 255
16:57:30.005558704 : vetrnik/tele/control/contactor 4
16:57:30.502723654 : vetrnik/tele/power_board/time 1370
16:57:30.502980356 : vetrnik/tele/stats/energy_Ws 2341
16:57:31.007048577 : vetrnik/tele/stats/energy_Ws 2354
16:57:31.007299761 : vetrnik/cmnd/control/contactor 1
16:57:31.051315228 : vetrnik/cmnd/power_board/duty 255
16:57:31.503374218 : vetrnik/tele/power_board/time 1371
16:57:31.503629494 : vetrnik/tele/stats/energy_Ws 2367
16:57:32.003028874 : vetrnik/tele/stats/energy_Ws 2380
16:57:32.003386890 : vetrnik/cmnd/control/contactor 1
16:57:32.004627790 : vetrnik/tele/control/contactor 5
16:57:32.005304304 : vetrnik/tele/control/contactor 4
16:57:32.005518729 : vetrnik/cmnd/power_board/duty 255
16:57:32.502787474 : vetrnik/tele/power_board/time 1372
16:57:32.503026973 : vetrnik/tele/stats/energy_Ws 2393
16:57:33.002257558 : vetrnik/cmnd/control/contactor 1
16:57:33.003727456 : vetrnik/cmnd/power_board/duty 255
16:57:33.005604389 : vetrnik/tele/stats/energy_Ws 2406
16:57:33.503294039 : vetrnik/tele/power_board/time 1373
16:57:33.503451353 : vetrnik/tele/stats/energy_Ws 2419
16:57:34.002274792 : vetrnik/cmnd/control/contactor 1
16:57:34.003608043 : vetrnik/cmnd/power_board/duty 255
16:57:34.003829023 : vetrnik/tele/stats/energy_Ws 2432
16:57:34.502523686 : vetrnik/tele/power_board/time 1374
16:57:34.502847406 : vetrnik/tele/stats/energy_Ws 2445
16:57:35.002368304 : vetrnik/cmnd/control/contactor 1
16:57:35.003967405 : vetrnik/cmnd/power_board/duty 255
16:57:35.004219070 : vetrnik/tele/control/contactor 5
16:57:35.006282946 : vetrnik/tele/control/contactor 4
16:57:35.006564796 : vetrnik/tele/stats/energy_Ws 2458
16:57:35.502971195 : vetrnik/tele/power_board/time 1375
16:57:35.503254878 : vetrnik/tele/stats/energy_Ws 2471
16:57:36.002267946 : vetrnik/cmnd/control/contactor 1
16:57:36.002498074 : vetrnik/tele/stats/energy_Ws 2484
16:57:36.003706455 : vetrnik/cmnd/power_board/duty 255
16:57:36.004412544 : vetrnik/tele/control/contactor 5
16:57:36.006424031 : vetrnik/tele/control/contactor 4
16:57:36.502438414 : vetrnik/tele/power_board/time 1376
16:57:36.502636579 : vetrnik/tele/stats/energy_Ws 2497
16:57:37.002069755 : vetrnik/cmnd/control/contactor 1
16:57:37.003665597 : vetrnik/cmnd/power_board/duty 255
16:57:37.003770819 : vetrnik/tele/control/contactor 5
16:57:37.005700547 : vetrnik/tele/control/contactor 4
16:57:37.005978768 : vetrnik/tele/stats/energy_Ws 2510
16:57:37.502994163 : vetrnik/tele/power_board/time 1377
16:57:37.503164513 : vetrnik/tele/stats/energy_Ws 2523
16:57:38.003119260 : vetrnik/tele/stats/energy_Ws 2536
16:57:38.003310500 : vetrnik/cmnd/control/contactor 1
16:57:38.004807935 : vetrnik/tele/control/contactor 5
16:57:38.005695355 : vetrnik/tele/control/contactor 4
16:57:38.006209389 : vetrnik/cmnd/power_board/duty 255
16:57:38.503385505 : vetrnik/tele/power_board/time 1378
16:57:38.503616281 : vetrnik/tele/power_board/temperature/rectifier 25.6
16:57:38.503965409 : vetrnik/tele/stats/energy_Ws 2549
16:57:39.002387072 : vetrnik/cmnd/control/contactor 1
16:57:39.003930859 : vetrnik/cmnd/power_board/duty 255
16:57:39.004096710 : vetrnik/tele/control/contactor 5
16:57:39.004452763 : vetrnik/tele/stats/energy_Ws 2562
16:57:39.006438307 : vetrnik/tele/control/contactor 4
16:57:39.502774335 : vetrnik/tele/power_board/time 1379
16:57:39.502976871 : vetrnik/tele/stats/energy_Ws 2575
16:57:40.002339029 : vetrnik/cmnd/control/contactor 1
16:57:40.002445232 : vetrnik/tele/stats/energy_Ws 2588
16:57:40.003877223 : vetrnik/cmnd/power_board/duty 255
16:57:40.004234072 : vetrnik/tele/control/contactor 5
16:57:40.006036746 : vetrnik/tele/control/contactor 4
16:57:40.503098067 : vetrnik/tele/power_board/time 1380
16:57:40.503292158 : vetrnik/tele/stats/energy_Ws 2601
16:57:41.002747982 : vetrnik/cmnd/control/contactor 1
16:57:41.003945067 : vetrnik/cmnd/power_board/duty 255
16:57:41.004072566 : vetrnik/tele/control/contactor 5
16:57:41.004329157 : vetrnik/tele/stats/energy_Ws 2614
16:57:41.006361811 : vetrnik/tele/control/contactor 4
16:57:41.502492063 : vetrnik/tele/power_board/time 1381
16:57:41.502606192 : vetrnik/tele/stats/energy_Ws 2627
16:57:42.002031886 : vetrnik/cmnd/control/contactor 1
16:57:42.003593525 : vetrnik/cmnd/power_board/duty 255
16:57:42.003913300 : vetrnik/tele/control/contactor 5
16:57:42.005946140 : vetrnik/tele/control/contactor 4
16:57:42.006258027 : vetrnik/tele/stats/energy_Ws 2640
16:57:42.502949942 : vetrnik/tele/power_board/time 1382
16:57:42.503105070 : vetrnik/tele/stats/energy_Ws 2653
16:57:43.002199970 : vetrnik/cmnd/control/contactor 1
16:57:43.003963126 : vetrnik/tele/control/contactor 5
16:57:43.004098829 : vetrnik/cmnd/power_board/duty 255
16:57:43.004210069 : vetrnik/tele/stats/energy_Ws 2666
16:57:43.006266445 : vetrnik/tele/control/contactor 4
16:57:43.502427511 : vetrnik/tele/power_board/time 1383
16:57:43.502709676 : vetrnik/tele/stats/energy_Ws 2679
16:57:44.003119160 : vetrnik/tele/stats/energy_Ws 2692
16:57:44.003371974 : vetrnik/cmnd/control/contactor 1
16:57:44.004963538 : vetrnik/tele/control/contactor 5
16:57:44.005891384 : vetrnik/tele/control/contactor 4
16:57:44.006755638 : vetrnik/cmnd/power_board/duty 255
16:57:44.503081536 : vetrnik/tele/power_board/time 1384
16:57:44.503258128 : vetrnik/tele/stats/energy_Ws 2705
16:57:45.002444842 : vetrnik/tele/stats/energy_Ws 2718
16:57:45.002701063 : vetrnik/cmnd/control/contactor 1
16:57:45.004577329 : vetrnik/tele/control/contactor 5
16:57:45.005210584 : vetrnik/tele/control/contactor 4
16:57:45.005595748 : vetrnik/cmnd/power_board/duty 255
16:57:45.503505970 : vetrnik/tele/power_board/time 1385
16:57:45.503743802 : vetrnik/tele/stats/energy_Ws 2731
16:57:46.002258595 : vetrnik/cmnd/control/contactor 1
16:57:46.004146546 : vetrnik/tele/control/contactor 5
16:57:46.004280101 : vetrnik/cmnd/power_board/duty 255
16:57:46.004443137 : vetrnik/tele/stats/energy_Ws 2744
16:57:46.006451587 : vetrnik/tele/control/contactor 4
16:57:46.502789819 : vetrnik/tele/power_board/time 1386
16:57:46.502989632 : vetrnik/tele/stats/energy_Ws 2757
16:57:47.002064421 : vetrnik/cmnd/control/contactor 1
16:57:47.002180031 : vetrnik/tele/stats/energy_Ws 2770
16:57:47.003930095 : vetrnik/cmnd/power_board/duty 255
16:57:47.004107594 : vetrnik/tele/control/contactor 5
16:57:47.006075655 : vetrnik/tele/control/contactor 4
16:57:47.503096957 : vetrnik/tele/power_board/time 1387
16:57:47.503257641 : vetrnik/tele/stats/energy_Ws 2783
16:57:48.002329096 : vetrnik/cmnd/control/contactor 1
16:57:48.003866753 : vetrnik/cmnd/power_board/duty 255
16:57:48.004221603 : vetrnik/tele/control/contactor 5
16:57:48.004292862 : vetrnik/tele/stats/energy_Ws 2796
16:57:48.006332108 : vetrnik/tele/control/contactor 4
16:57:48.502714099 : vetrnik/tele/power_board/time 1388
16:57:48.502899709 : vetrnik/tele/stats/energy_Ws 2809
16:57:49.002776622 : vetrnik/cmnd/control/contactor 1
16:57:49.003981078 : vetrnik/tele/control/contactor 5
16:57:49.004374316 : vetrnik/cmnd/power_board/duty 255
16:57:49.004566389 : vetrnik/tele/control/contactor 4
16:57:49.004854609 : vetrnik/tele/stats/energy_Ws 2822
16:57:49.503032422 : vetrnik/tele/power_board/time 1389
16:57:49.503190180 : vetrnik/tele/stats/energy_Ws 2835
16:57:50.002378413 : vetrnik/cmnd/control/contactor 1
16:57:50.003917384 : vetrnik/cmnd/power_board/duty 255
16:57:50.004238586 : vetrnik/tele/control/contactor 5
16:57:50.004332993 : vetrnik/tele/stats/energy_Ws 2848
16:57:50.006423721 : vetrnik/tele/control/contactor 4
16:57:50.502541953 : vetrnik/tele/power_board/time 1390
16:57:50.502730193 : vetrnik/tele/stats/energy_Ws 2861
16:57:51.003007326 : vetrnik/cmnd/control/contactor 1
16:57:51.004349910 : vetrnik/tele/control/contactor 5
16:57:51.004660593 : vetrnik/tele/stats/energy_Ws 2874
16:57:51.004943906 : vetrnik/cmnd/power_board/duty 255
16:57:51.005338311 : vetrnik/tele/control/contactor 4
16:57:51.503105182 : vetrnik/tele/power_board/time 1391
16:57:51.503270311 : vetrnik/tele/stats/energy_Ws 2887
16:57:52.002521968 : vetrnik/tele/stats/energy_Ws 2900
16:57:52.002900725 : vetrnik/cmnd/control/contactor 1
16:57:52.004721010 : vetrnik/tele/control/contactor 5
16:57:52.005621523 : vetrnik/tele/control/contactor 4
16:57:52.005798781 : vetrnik/cmnd/power_board/duty 255
16:57:52.502401641 : vetrnik/tele/power_board/time 1392
16:57:52.502570343 : vetrnik/tele/stats/energy_Ws 2913
16:57:53.002162943 : vetrnik/cmnd/control/contactor 1
16:57:53.003645564 : vetrnik/cmnd/power_board/duty 255
16:57:53.003968117 : vetrnik/tele/control/contactor 5
16:57:53.006070326 : vetrnik/tele/control/contactor 4
16:57:53.006267510 : vetrnik/tele/stats/energy_Ws 2926
16:57:53.502705852 : vetrnik/tele/power_board/time 1393
16:57:53.502884610 : vetrnik/tele/stats/energy_Ws 2939
16:57:54.002005843 : vetrnik/cmnd/control/contactor 1
16:57:54.002399192 : vetrnik/tele/stats/energy_Ws 2952
16:57:54.003439185 : vetrnik/cmnd/power_board/duty 255
16:57:54.004187551 : vetrnik/tele/control/contactor 5
16:57:54.006197650 : vetrnik/tele/control/contactor 4
16:57:54.503253525 : vetrnik/tele/power_board/time 1394
16:57:54.503514097 : vetrnik/tele/stats/energy_Ws 2965
16:57:55.002202758 : vetrnik/cmnd/control/contactor 1
16:57:55.004209783 : vetrnik/cmnd/power_board/duty 255
16:57:55.004332282 : vetrnik/tele/control/contactor 5
16:57:55.004754113 : vetrnik/tele/stats/energy_Ws 2978
16:57:55.006534898 : vetrnik/tele/control/contactor 4
16:57:55.502578279 : vetrnik/tele/power_board/time 1395
16:57:55.502779500 : vetrnik/tele/stats/energy_Ws 2991
16:57:56.002430562 : vetrnik/cmnd/control/contactor 1
16:57:56.002539136 : vetrnik/tele/stats/energy_Ws 3004
16:57:56.003568129 : vetrnik/cmnd/power_board/duty 255
16:57:56.004117274 : vetrnik/tele/control/contactor 5
16:57:56.006076928 : vetrnik/tele/control/contactor 4
16:57:56.503127674 : vetrnik/tele/power_board/time 1396
16:57:56.503334080 : vetrnik/tele/stats/energy_Ws 3017
16:57:57.002382886 : vetrnik/cmnd/control/contactor 1
16:57:57.003921766 : vetrnik/cmnd/power_board/duty 255
16:57:57.004019321 : vetrnik/tele/control/contactor 5
16:57:57.004335578 : vetrnik/tele/stats/energy_Ws 3030
16:57:57.006369380 : vetrnik/tele/control/contactor 4
16:57:57.502480650 : vetrnik/tele/power_board/time 1397
16:57:57.502713389 : vetrnik/tele/stats/energy_Ws 3043
16:57:58.003206224 : vetrnik/cmnd/control/contactor 1
16:57:58.003608203 : vetrnik/tele/stats/energy_Ws 3056
16:57:58.005059768 : vetrnik/tele/control/contactor 5
16:57:58.005718004 : vetrnik/tele/control/contactor 4
16:57:58.005981614 : vetrnik/cmnd/power_board/duty 255
16:57:58.503191265 : vetrnik/tele/power_board/time 1398
16:57:58.503413208 : vetrnik/tele/stats/energy_Ws 3069
16:57:59.002621069 : vetrnik/tele/stats/energy_Ws 3082
16:57:59.003271454 : vetrnik/cmnd/control/contactor 1
16:57:59.004969833 : vetrnik/tele/control/contactor 5
16:57:59.005517274 : vetrnik/tele/control/contactor 4
16:57:59.006702470 : vetrnik/cmnd/power_board/duty 255
16:57:59.502616129 : vetrnik/tele/power_board/time 1399
16:57:59.502958757 : vetrnik/tele/stats/energy_Ws 3095
16:58:00.003312981 : vetrnik/cmnd/control/contactor 1
16:58:00.003494406 : vetrnik/tele/stats/energy_Ws 3108
16:58:00.005000637 : vetrnik/tele/control/contactor 5
16:58:00.005620708 : vetrnik/cmnd/power_board/duty 255
16:58:00.005964891 : vetrnik/tele/control/contactor 4
16:58:00.503055821 : vetrnik/tele/power_board/time 1400
16:58:00.503335393 : vetrnik/tele/stats/energy_Ws 3121
16:58:01.003011658 : vetrnik/tele/stats/energy_Ws 3134
16:58:01.003387675 : vetrnik/cmnd/control/contactor 1
16:58:01.005264015 : vetrnik/tele/control/contactor 5
16:58:01.007013985 : vetrnik/tele/control/contactor 4
16:58:01.007208429 : vetrnik/cmnd/power_board/duty 255
16:58:01.503374753 : vetrnik/tele/power_board/time 1401
16:58:01.503555919 : vetrnik/tele/stats/energy_Ws 3147
16:58:02.002939686 : vetrnik/cmnd/control/contactor 1
16:58:02.003116907 : vetrnik/tele/stats/energy_Ws 3160
16:58:02.004934359 : vetrnik/tele/control/contactor 5
16:58:02.005579410 : vetrnik/tele/control/contactor 4
16:58:02.006306128 : vetrnik/cmnd/power_board/duty 255
16:58:02.502570100 : vetrnik/tele/power_board/time 1402
16:58:02.502743802 : vetrnik/tele/stats/energy_Ws 3173
16:58:03.002308031 : vetrnik/cmnd/control/contactor 1
16:58:03.002425253 : vetrnik/tele/stats/energy_Ws 3186
16:58:03.003538839 : vetrnik/cmnd/power_board/duty 255
16:58:03.004241316 : vetrnik/tele/control/contactor 5
16:58:03.006135193 : vetrnik/tele/control/contactor 4
16:58:03.503206715 : vetrnik/tele/power_board/time 1403
16:58:03.503416936 : vetrnik/tele/stats/energy_Ws 3199
16:58:04.002699222 : vetrnik/cmnd/control/contactor 1
16:58:04.004711025 : vetrnik/tele/power_board/power 27.5
16:58:04.004817580 : vetrnik/tele/power_board/current 2.993
16:58:04.004844802 : vetrnik/tele/control/contactor 5
16:58:04.005180781 : vetrnik/tele/stats/energy_Ws 3212
16:58:04.005227170 : vetrnik/cmnd/power_board/duty 255
16:58:04.007166917 : vetrnik/tele/control/contactor 4
16:58:04.502667838 : vetrnik/tele/power_board/power 27.9
16:58:04.502906836 : vetrnik/tele/power_board/time 1404
16:58:04.503205779 : vetrnik/tele/power_board/current 3.034
16:58:04.503495203 : vetrnik/tele/stats/energy_Ws 3225
16:58:05.003175968 : vetrnik/tele/power_board/power 26.4
16:58:05.003431967 : vetrnik/cmnd/control/contactor 1
16:58:05.003573799 : vetrnik/tele/power_board/current 2.870
16:58:05.003765465 : vetrnik/tele/stats/energy_Ws 3238
16:58:05.005703675 : vetrnik/tele/control/contactor 5
16:58:05.006335356 : vetrnik/tele/control/contactor 4
16:58:05.007701885 : vetrnik/cmnd/power_board/duty 255
16:58:05.503149232 : vetrnik/tele/power_board/power 25.6
16:58:05.503378656 : vetrnik/tele/power_board/time 1405
16:58:05.503673006 : vetrnik/tele/power_board/current 2.788
16:58:05.504002208 : vetrnik/tele/stats/energy_Ws 3251
16:58:06.002079261 : vetrnik/cmnd/control/contactor 1
16:58:06.002473221 : vetrnik/tele/power_board/power 22.7
16:58:06.002808793 : vetrnik/tele/power_board/voltage 9.4
16:58:06.003158495 : vetrnik/tele/power_board/current 2.419
16:58:06.003468771 : vetrnik/tele/stats/energy_Ws 3263
16:58:06.003596992 : vetrnik/cmnd/power_board/duty 255
16:58:06.005345667 : vetrnik/tele/control/contactor 5
16:58:06.007269525 : vetrnik/tele/control/contactor 4
16:58:06.502412485 : vetrnik/tele/power_board/power 10.3
16:58:06.502644113 : vetrnik/tele/power_board/time 1406
16:58:06.502883149 : vetrnik/tele/power_board/voltage 9.7
16:58:06.503286998 : vetrnik/tele/power_board/current 1.066
16:58:06.503650866 : vetrnik/tele/stats/energy_Ws 3274
16:58:07.002595858 : vetrnik/tele/power_board/power 4.8
16:58:07.002907301 : vetrnik/cmnd/control/contactor 1
16:58:07.002963189 : vetrnik/tele/power_board/voltage 9.9
16:58:07.003091744 : vetrnik/tele/power_board/current 0.492
16:58:07.003154688 : vetrnik/tele/stats/energy_Ws 3279
16:58:07.004211811 : vetrnik/cmnd/power_board/duty 255
16:58:07.005059435 : vetrnik/tele/control/contactor 5
16:58:07.007029164 : vetrnik/tele/control/contactor 4
16:58:07.500887354 : vetrnik/tele/power_board/power 0.0
16:58:07.501130223 : vetrnik/tele/power_board/time 1407
16:58:07.501419017 : vetrnik/tele/power_board/voltage 10.3
16:58:07.501727071 : vetrnik/tele/power_board/current 0.000
16:58:07.502117754 : vetrnik/tele/stats/energy_Ws 3281
16:58:08.002840216 : vetrnik/cmnd/control/contactor 1
16:58:08.004763000 : vetrnik/tele/control/contactor 5
16:58:08.005387293 : vetrnik/tele/control/contactor 4
16:58:08.005537162 : vetrnik/cmnd/power_board/duty 255
16:58:08.500331254 : vetrnik/tele/power_board/power 0.0
16:58:08.500483401 : vetrnik/tele/power_board/time 1408
16:58:08.500718159 : vetrnik/tele/power_board/voltage 10.5
16:58:09.002928908 : vetrnik/cmnd/control/contactor 1
16:58:09.004488769 : vetrnik/tele/control/contactor 5
16:58:09.004698453 : vetrnik/cmnd/power_board/duty 255
16:58:09.006577386 : vetrnik/tele/control/contactor 4
16:58:09.500710889 : vetrnik/tele/power_board/time 1409
16:58:10.002046199 : vetrnik/cmnd/control/contactor 1
16:58:10.003825873 : vetrnik/cmnd/power_board/duty 255
16:58:10.003984131 : vetrnik/tele/control/contactor 5
16:58:10.005742769 : vetrnik/tele/control/contactor 4
16:58:10.500945191 : vetrnik/tele/power_board/time 1410
16:58:11.002262594 : vetrnik/cmnd/control/contactor 1
16:58:11.003902287 : vetrnik/cmnd/power_board/duty 255
16:58:11.003999398 : vetrnik/tele/control/contactor 5
16:58:11.005841238 : vetrnik/tele/control/contactor 4
16:58:11.500522386 : vetrnik/tele/power_board/time 1411
16:58:12.002516914 : vetrnik/cmnd/control/contactor 1
16:58:12.004042368 : vetrnik/cmnd/power_board/duty 255
16:58:12.004401032 : vetrnik/tele/control/contactor 5
16:58:12.006401335 : vetrnik/tele/control/contactor 4
16:58:12.501093482 : vetrnik/tele/power_board/time 1412
16:58:13.005961382 : vetrnik/cmnd/control/contactor 1
16:58:13.007629242 : vetrnik/cmnd/power_board/duty 255
16:58:13.007735889 : vetrnik/tele/control/contactor 5
16:58:13.009588433 : vetrnik/tele/control/contactor 4
16:58:13.500429827 : vetrnik/tele/power_board/time 1413
16:58:14.003131462 : vetrnik/cmnd/control/contactor 1
16:58:14.005111468 : vetrnik/tele/control/contactor 5
16:58:14.005963074 : vetrnik/tele/control/contactor 4
16:58:14.007076659 : vetrnik/cmnd/power_board/duty 255
16:58:14.500903997 : vetrnik/tele/power_board/time 1414
16:58:15.002536120 : vetrnik/cmnd/control/contactor 1
16:58:15.004269665 : vetrnik/tele/control/contactor 5
16:58:15.004935865 : vetrnik/tele/control/contactor 4
16:58:15.005086160 : vetrnik/cmnd/power_board/duty 255
16:58:15.500119842 : vetrnik/tele/power_board/time 1415
16:58:16.002062260 : vetrnik/cmnd/control/contactor 1
16:58:16.003905341 : vetrnik/cmnd/power_board/duty 255
16:58:16.004038266 : vetrnik/tele/control/contactor 5
16:58:16.006054957 : vetrnik/tele/control/contactor 4
16:58:16.500890252 : vetrnik/tele/power_board/time 1416
16:58:17.003212129 : vetrnik/cmnd/control/contactor 1
16:58:17.004782471 : vetrnik/cmnd/power_board/duty 255
16:58:17.004877563 : vetrnik/tele/control/contactor 5
16:58:17.006952143 : vetrnik/tele/control/contactor 4
16:58:17.501006831 : vetrnik/tele/power_board/time 1417
16:58:18.002124013 : vetrnik/cmnd/control/contactor 1
16:58:18.005035810 : vetrnik/tele/control/contactor 5
16:58:18.005158124 : vetrnik/tele/control/contactor 4
16:58:18.006441282 : vetrnik/cmnd/power_board/duty 255
