17:47:39.923581657 : vetrnik/tele/availability online
17:47:39.923845044 : vetrnik/tele/power_board/valid 1
17:47:39.923900025 : vetrnik/tele/power_board/time 2537
17:47:39.923928785 : vetrnik/tele/power_board/mode 0
17:47:39.923954229 : vetrnik/tele/power_board/duty 0
17:47:39.923978969 : vetrnik/tele/power_board/RPM 0
17:47:39.924003377 : vetrnik/tele/power_board/voltage 5.0
17:47:39.924027932 : vetrnik/tele/power_board/current 0.000
17:47:39.924052099 : vetrnik/tele/power_board/enabled 0
17:47:39.924076654 : vetrnik/tele/power_board/enabled/hardware 1
17:47:39.924101561 : vetrnik/tele/power_board/enabled/software 0
17:47:39.924125783 : vetrnik/tele/power_board/fan 0
17:47:39.924150209 : vetrnik/tele/power_board/error_count 0
17:47:39.924174431 : vetrnik/tele/power_board/emergency 0
17:47:39.924198301 : vetrnik/tele/power_board/OCP_max_duty 255
17:47:39.924222505 : vetrnik/tele/power_board/temperature/heatsink 28.8
17:47:39.924246968 : vetrnik/tele/power_board/temperature/rectifier 29.1
17:47:39.924271282 : vetrnik/tele/power_board/power 0.0
17:47:39.924294579 : vetrnik/tele/power_board/last5m 0
17:47:39.924318134 : vetrnik/tele/control/strategy control_shorted
17:47:39.924341504 : vetrnik/tele/control/contactor 255
17:47:39.924364634 : vetrnik/tele/stats/energy 0.000
17:47:39.924387448 : vetrnik/tele/stats/energy_Ws 3166
17:47:39.924410874 : vetrnik/tele/pump 0
17:47:39.924435430 : vetrnik/tele/display/backlight 1
17:47:40.605945441 : vetrnik/tele/power_board/time 2538
17:47:41.105768530 : vetrnik/tele/power_board/power 0.0
17:47:41.105934418 : vetrnik/tele/power_board/voltage 4.8
17:47:41.606594021 : vetrnik/tele/power_board/time 2539
17:47:42.605932332 : vetrnik/tele/power_board/power 0.0
17:47:42.606086831 : vetrnik/tele/power_board/time 2540
17:47:42.606250423 : vetrnik/tele/power_board/voltage 4.7
17:47:42.961892053 : vetrnik/cmnd/control/strategy control_MQTT
17:47:42.963339452 : vetrnik/cmnd/control/contactor 1
17:47:42.963520210 : vetrnik/tele/control/strategy control_MQTT
17:47:42.965448217 : vetrnik/tele/control/contactor 5
17:47:42.965591568 : vetrnik/cmnd/power_board/sw_enable 1
17:47:42.967821073 : vetrnik/cmnd/power_board/mode start
17:47:42.967970535 : vetrnik/tele/control/contactor 4
17:47:42.969918987 : vetrnik/cmnd/power_board/duty 128
17:47:43.111974755 : vetrnik/tele/power_board/power 19.1
17:47:43.112111902 : vetrnik/tele/power_board/mode 2
17:47:43.112433845 : vetrnik/tele/power_board/duty 128
17:47:43.112754769 : vetrnik/tele/power_board/voltage 5.9
17:47:43.113121693 : vetrnik/tele/power_board/current 3.239
17:47:43.113422969 : vetrnik/tele/power_board/enabled 1
17:47:43.113798411 : vetrnik/tele/power_board/enabled/software 1
17:47:43.114137724 : vetrnik/tele/power_board/last5m 1
17:47:43.582964442 : vetrnik/cmnd/control/contactor 1
17:47:43.585140910 : vetrnik/tele/control/contactor 5
17:47:43.585276039 : vetrnik/cmnd/power_board/duty 5
17:47:43.585408612 : vetrnik/tele/control/contactor 4
17:47:43.611644494 : vetrnik/tele/power_board/power 30.4
17:47:43.611862122 : vetrnik/tele/power_board/time 2541
17:47:43.611998066 : vetrnik/tele/power_board/voltage 9.9
17:47:43.612252546 : vetrnik/tele/power_board/current 3.075
17:47:43.612587951 : vetrnik/tele/stats/energy_Ws 3175
17:47:44.109206430 : vetrnik/tele/power_board/power 5.5
17:47:44.109371448 : vetrnik/tele/power_board/duty 5
17:47:44.109691742 : vetrnik/tele/power_board/voltage 10.5
17:47:44.110038444 : vetrnik/tele/power_board/current 0.533
17:47:44.110375256 : vetrnik/tele/stats/energy_Ws 3190
17:47:44.609172519 : vetrnik/tele/power_board/power 1.3
17:47:44.609369999 : vetrnik/tele/power_board/time 2542
17:47:44.609573942 : vetrnik/tele/power_board/voltage 10.6
17:47:44.609918700 : vetrnik/tele/power_board/current 0.123
17:47:44.610237124 : vetrnik/tele/stats/energy_Ws 3192
17:47:45.108940887 : vetrnik/tele/power_board/power 0.8
17:47:45.109158071 : vetrnik/tele/power_board/current 0.082
17:47:45.608448849 : vetrnik/tele/power_board/time 2543
17:47:46.109091396 : vetrnik/tele/power_board/power 1.3
17:47:46.109292229 : vetrnik/tele/power_board/current 0.123
17:47:46.609255317 : vetrnik/tele/power_board/time 2544
17:47:47.609348180 : vetrnik/tele/power_board/time 2545
17:47:48.609661448 : vetrnik/tele/power_board/time 2546
17:47:49.609165091 : vetrnik/tele/power_board/time 2547
17:47:50.609667692 : vetrnik/tele/power_board/time 2548
17:47:51.609076725 : vetrnik/tele/power_board/time 2549
17:47:52.609948157 : vetrnik/tele/power_board/time 2550
17:47:53.236886919 : vetrnik/cmnd/control/contactor 1
17:47:53.238654149 : vetrnik/tele/control/contactor 5
17:47:53.238747852 : vetrnik/cmnd/power_board/duty 8
17:47:53.239000610 : vetrnik/tele/control/contactor 4
17:47:53.609023174 : vetrnik/tele/power_board/power 2.1
17:47:53.609226321 : vetrnik/tele/power_board/time 2551
17:47:53.609414708 : vetrnik/tele/power_board/duty 8
17:47:53.609787743 : vetrnik/tele/power_board/current 0.205
17:47:54.109524149 : vetrnik/tele/stats/energy_Ws 3193
17:47:54.609212999 : vetrnik/tele/power_board/time 2552
17:47:54.609355239 : vetrnik/tele/stats/energy_Ws 3194
17:47:55.108933349 : vetrnik/tele/stats/energy_Ws 3195
17:47:55.609814044 : vetrnik/tele/power_board/time 2553
17:47:55.610059524 : vetrnik/tele/stats/energy_Ws 3196
17:47:56.109559153 : vetrnik/tele/stats/energy_Ws 3197
17:47:56.610932456 : vetrnik/tele/power_board/time 2554
17:47:56.611048252 : vetrnik/tele/stats/energy_Ws 3198
17:47:57.108924927 : vetrnik/tele/stats/energy_Ws 3199
17:47:57.609689975 : vetrnik/tele/power_board/time 2555
17:47:57.609886418 : vetrnik/tele/stats/energy_Ws 3200
17:47:58.109406103 : vetrnik/tele/stats/energy_Ws 3201
17:47:58.609288174 : vetrnik/tele/power_board/time 2556
17:47:58.609531710 : vetrnik/tele/stats/energy_Ws 3202
17:47:59.109851853 : vetrnik/tele/stats/energy_Ws 3203
17:47:59.609493315 : vetrnik/tele/power_board/time 2557
17:47:59.609693202 : vetrnik/tele/stats/energy_Ws 3204
17:48:00.109219480 : vetrnik/tele/stats/energy_Ws 3205
17:48:00.608886682 : vetrnik/tele/power_board/time 2558
17:48:00.609100588 : vetrnik/tele/stats/energy_Ws 3206
17:48:01.109792081 : vetrnik/tele/stats/energy_Ws 3207
17:48:01.609324969 : vetrnik/tele/power_board/time 2559
17:48:01.609547357 : vetrnik/tele/stats/energy_Ws 3208
17:48:02.109218022 : vetrnik/tele/stats/energy_Ws 3209
17:48:02.608674004 : vetrnik/tele/power_board/time 2560
17:48:02.608911502 : vetrnik/tele/stats/energy_Ws 3210
17:48:02.953104479 : vetrnik/cmnd/control/contactor 1
17:48:02.954287120 : vetrnik/tele/control/contactor 5
17:48:02.954732951 : vetrnik/cmnd/power_board/duty 10
17:48:02.954963227 : vetrnik/tele/control/contactor 4
17:48:03.110725451 : vetrnik/tele/power_board/duty 10
17:48:03.110982413 : vetrnik/tele/stats/energy_Ws 3211
17:48:03.610086822 : vetrnik/tele/power_board/power 2.6
17:48:03.610294339 : vetrnik/tele/power_board/time 2561
17:48:03.610628800 : vetrnik/tele/power_board/current 0.246
17:48:03.611123390 : vetrnik/tele/stats/energy_Ws 3212
17:48:04.110016264 : vetrnik/tele/stats/energy_Ws 3213
17:48:04.610764590 : vetrnik/tele/power_board/time 2562
17:48:04.611013051 : vetrnik/tele/stats/energy_Ws 3214
17:48:05.110565514 : vetrnik/tele/stats/energy_Ws 3215
17:48:05.610310253 : vetrnik/tele/power_board/time 2563
17:48:05.610478567 : vetrnik/tele/stats/energy_Ws 3216
17:48:06.109870067 : vetrnik/tele/stats/energy_Ws 3217
17:48:06.610637097 : vetrnik/tele/power_board/time 2564
17:48:06.610903614 : vetrnik/tele/stats/energy_Ws 3218
17:48:07.110113560 : vetrnik/tele/stats/energy_Ws 3219
17:48:07.610018298 : vetrnik/tele/power_board/time 2565
17:48:07.610241056 : vetrnik/tele/stats/energy_Ws 3220
17:48:08.110745698 : vetrnik/tele/stats/energy_Ws 3221
17:48:08.610361364 : vetrnik/tele/power_board/time 2566
17:48:08.610586307 : vetrnik/tele/stats/energy_Ws 3222
17:48:09.109920049 : vetrnik/tele/stats/energy_Ws 3223
17:48:09.609737621 : vetrnik/tele/power_board/time 2567
17:48:09.609868287 : vetrnik/tele/stats/energy_Ws 3224
17:48:10.110635780 : vetrnik/tele/stats/energy_Ws 3225
17:48:10.610124928 : vetrnik/tele/power_board/time 2568
17:48:10.610279427 : vetrnik/tele/stats/energy_Ws 3226
17:48:11.110068314 : vetrnik/tele/stats/energy_Ws 3227
17:48:11.610750659 : vetrnik/tele/power_board/time 2569
17:48:11.610935177 : vetrnik/tele/stats/energy_Ws 3228
17:48:12.110522473 : vetrnik/tele/stats/energy_Ws 3229
17:48:12.610407582 : vetrnik/tele/power_board/time 2570
17:48:12.610648766 : vetrnik/tele/stats/energy_Ws 3230
17:48:12.829971539 : vetrnik/cmnd/control/contactor 1
17:48:12.831851268 : vetrnik/tele/control/contactor 5
17:48:12.832493802 : vetrnik/tele/control/contactor 4
17:48:12.833323074 : vetrnik/cmnd/power_board/duty 12
17:48:13.109950637 : vetrnik/tele/power_board/power 3.0
17:48:13.110199673 : vetrnik/tele/power_board/duty 12
17:48:13.110365505 : vetrnik/tele/power_board/current 0.287
17:48:13.110943613 : vetrnik/tele/stats/energy_Ws 3231
17:48:13.610836796 : vetrnik/tele/power_board/time 2571
17:48:13.611054091 : vetrnik/tele/stats/energy_Ws 3232
17:48:14.110561554 : vetrnik/tele/stats/energy_Ws 3233
17:48:14.610040480 : vetrnik/tele/power_board/time 2572
17:48:14.610266442 : vetrnik/tele/stats/energy_Ws 3234
17:48:15.111008768 : vetrnik/tele/stats/energy_Ws 3235
17:48:15.610440213 : vetrnik/tele/power_board/time 2573
17:48:15.610669768 : vetrnik/tele/stats/energy_Ws 3236
17:48:16.110658080 : vetrnik/tele/stats/energy_Ws 3237
17:48:16.609765527 : vetrnik/tele/power_board/time 2574
17:48:16.610041562 : vetrnik/tele/stats/energy_Ws 3238
17:48:17.110665852 : vetrnik/tele/stats/energy_Ws 3239
17:48:17.610209464 : vetrnik/tele/power_board/time 2575
17:48:17.610440370 : vetrnik/tele/stats/energy_Ws 3240
17:48:18.110105684 : vetrnik/tele/stats/energy_Ws 3241
17:48:18.609858590 : vetrnik/tele/power_board/time 2576
17:48:18.609992738 : vetrnik/tele/stats/energy_Ws 3242
17:48:19.110439640 : vetrnik/tele/stats/energy_Ws 3243
17:48:19.610355638 : vetrnik/tele/power_board/time 2577
17:48:19.610564266 : vetrnik/tele/stats/energy_Ws 3244
17:48:20.109993341 : vetrnik/tele/stats/energy_Ws 3245
17:48:20.610624187 : vetrnik/tele/power_board/time 2578
17:48:20.610874463 : vetrnik/tele/stats/energy_Ws 3246
17:48:21.110546111 : vetrnik/tele/stats/energy_Ws 3247
17:48:21.610009260 : vetrnik/tele/power_board/time 2579
17:48:21.610179203 : vetrnik/tele/stats/energy_Ws 3248
17:48:22.109922443 : vetrnik/tele/stats/energy_Ws 3249
17:48:22.531843459 : vetrnik/cmnd/control/contactor 1
17:48:22.533566875 : vetrnik/cmnd/power_board/duty 15
17:48:22.533819984 : vetrnik/tele/control/contactor 5
17:48:22.535581141 : vetrnik/tele/control/contactor 4
17:48:22.610467308 : vetrnik/tele/power_board/time 2580
17:48:22.610629862 : vetrnik/tele/power_board/duty 15
17:48:22.610995434 : vetrnik/tele/stats/energy_Ws 3250
17:48:23.110429546 : vetrnik/tele/power_board/power 3.9
17:48:23.110623249 : vetrnik/tele/power_board/current 0.369
17:48:23.110973654 : vetrnik/tele/stats/energy_Ws 3251
17:48:23.610091546 : vetrnik/tele/power_board/time 2581
17:48:23.610299378 : vetrnik/tele/stats/energy_Ws 3252
17:48:24.110842132 : vetrnik/tele/stats/energy_Ws 3253
17:48:24.610654871 : vetrnik/tele/power_board/time 2582
17:48:24.610896018 : vetrnik/tele/stats/energy_Ws 3254
17:48:25.110098742 : vetrnik/tele/stats/energy_Ws 3255
17:48:25.609628243 : vetrnik/tele/power_board/time 2583
17:48:25.609811001 : vetrnik/tele/stats/energy_Ws 3256
17:48:26.110461884 : vetrnik/tele/stats/energy_Ws 3257
17:48:26.610458567 : vetrnik/tele/power_board/time 2584
17:48:26.610625084 : vetrnik/tele/stats/energy_Ws 3258
17:48:27.109868790 : vetrnik/tele/stats/energy_Ws 3259
17:48:27.610671932 : vetrnik/tele/power_board/time 2585
17:48:27.610819764 : vetrnik/tele/stats/energy_Ws 3260
17:48:28.110529134 : vetrnik/tele/stats/energy_Ws 3261
17:48:28.610080505 : vetrnik/tele/power_board/time 2586
17:48:28.610250152 : vetrnik/tele/stats/energy_Ws 3262
17:48:29.109714246 : vetrnik/tele/stats/energy_Ws 3263
17:48:29.610551146 : vetrnik/tele/power_board/time 2587
17:48:29.610743108 : vetrnik/tele/stats/energy_Ws 3264
17:48:30.110444311 : vetrnik/tele/stats/energy_Ws 3265
17:48:30.609841942 : vetrnik/tele/power_board/time 2588
17:48:30.610065478 : vetrnik/tele/stats/energy_Ws 3266
17:48:31.110730009 : vetrnik/tele/stats/energy_Ws 3267
17:48:31.610914061 : vetrnik/tele/power_board/time 2589
17:48:31.611116356 : vetrnik/tele/stats/energy_Ws 3268
17:48:32.110229045 : vetrnik/tele/stats/energy_Ws 3269
17:48:32.254063266 : vetrnik/cmnd/control/contactor 1
17:48:32.255774941 : vetrnik/cmnd/power_board/duty 20
17:48:32.255879144 : vetrnik/tele/control/contactor 5
17:48:32.257752466 : vetrnik/tele/control/contactor 4
17:48:32.609806453 : vetrnik/tele/power_board/power 4.7
17:48:32.609966082 : vetrnik/tele/power_board/time 2590
17:48:32.610209173 : vetrnik/tele/power_board/duty 20
17:48:32.610672355 : vetrnik/tele/power_board/current 0.451
17:48:32.610975779 : vetrnik/tele/stats/energy_Ws 3270
17:48:33.110609279 : vetrnik/tele/power_board/power 5.2
17:48:33.110833019 : vetrnik/tele/power_board/current 0.492
17:48:33.111130869 : vetrnik/tele/stats/energy_Ws 3272
17:48:33.610347631 : vetrnik/tele/power_board/time 2591
17:48:33.610559037 : vetrnik/tele/stats/energy_Ws 3274
17:48:34.110126278 : vetrnik/tele/stats/energy_Ws 3276
17:48:34.609663668 : vetrnik/tele/power_board/time 2592
17:48:34.609866297 : vetrnik/tele/stats/energy_Ws 3278
17:48:35.110429106 : vetrnik/tele/stats/energy_Ws 3280
17:48:35.610335031 : vetrnik/tele/power_board/time 2593
17:48:35.610497622 : vetrnik/tele/stats/energy_Ws 3282
17:48:36.110979970 : vetrnik/tele/power_board/power 4.7
17:48:36.111130006 : vetrnik/tele/power_board/current 0.451
17:48:36.111172117 : vetrnik/tele/stats/energy_Ws 3284
17:48:36.610937709 : vetrnik/tele/power_board/time 2594
17:48:36.611224651 : vetrnik/tele/stats/energy_Ws 3286
17:48:37.111034317 : vetrnik/tele/stats/energy_Ws 3288
17:48:37.610275487 : vetrnik/tele/power_board/power 5.2
17:48:37.610482411 : vetrnik/tele/power_board/time 2595
17:48:37.610652281 : vetrnik/tele/power_board/current 0.492
17:48:37.610988520 : vetrnik/tele/stats/energy_Ws 3290
17:48:38.109795358 : vetrnik/tele/power_board/power 4.7
17:48:38.109984413 : vetrnik/tele/power_board/current 0.451
17:48:38.110285892 : vetrnik/tele/stats/energy_Ws 3292
17:48:38.610647777 : vetrnik/tele/power_board/time 2596
17:48:38.610868072 : vetrnik/tele/stats/energy_Ws 3294
17:48:39.110555147 : vetrnik/tele/power_board/power 5.2
17:48:39.110708109 : vetrnik/tele/power_board/current 0.492
17:48:39.110736849 : vetrnik/tele/stats/energy_Ws 3296
17:48:39.610042611 : vetrnik/tele/power_board/power 4.7
17:48:39.610361813 : vetrnik/tele/power_board/time 2597
17:48:39.651209645 : vetrnik/tele/power_board/current 0.451
17:48:39.651310292 : vetrnik/tele/stats/energy_Ws 3298
17:48:40.110688939 : vetrnik/tele/stats/energy_Ws 3300
17:48:40.610215199 : vetrnik/tele/power_board/power 5.2
17:48:40.610433439 : vetrnik/tele/power_board/time 2598
17:48:40.610785529 : vetrnik/tele/power_board/current 0.492
17:48:40.611117916 : vetrnik/tele/stats/energy_Ws 3302
17:48:41.110564251 : vetrnik/tele/stats/energy_Ws 3304
17:48:41.609763347 : vetrnik/tele/power_board/power 4.7
17:48:41.610028308 : vetrnik/tele/power_board/time 2599
17:48:41.610241214 : vetrnik/tele/power_board/current 0.451
17:48:41.610580453 : vetrnik/tele/stats/energy_Ws 3306
17:48:41.987224257 : vetrnik/cmnd/control/contactor 1
17:48:41.988992154 : vetrnik/tele/control/contactor 5
17:48:41.989102542 : vetrnik/cmnd/power_board/duty 25
17:48:41.990921439 : vetrnik/tele/control/contactor 4
17:48:42.111001393 : vetrnik/tele/power_board/power 5.2
17:48:42.111154652 : vetrnik/tele/power_board/duty 25
17:48:42.111296503 : vetrnik/tele/power_board/current 0.492
17:48:42.111474168 : vetrnik/tele/stats/energy_Ws 3308
17:48:42.610299099 : vetrnik/tele/power_board/power 6.0
17:48:42.610604783 : vetrnik/tele/power_board/time 2600
17:48:42.612674104 : vetrnik/tele/power_board/current 0.574
17:48:42.612724955 : vetrnik/tele/stats/energy_Ws 3310
17:48:43.110281635 : vetrnik/tele/stats/energy_Ws 3312
17:48:43.610789742 : vetrnik/tele/power_board/time 2601
17:48:43.610947000 : vetrnik/tele/stats/energy_Ws 3315
17:48:44.110337909 : vetrnik/tele/stats/energy_Ws 3318
17:48:44.610081409 : vetrnik/tele/power_board/time 2602
17:48:44.610294945 : vetrnik/tele/stats/energy_Ws 3321
17:48:45.109981057 : vetrnik/tele/stats/energy_Ws 3323
17:48:45.610640699 : vetrnik/tele/power_board/time 2603
17:48:45.610773828 : vetrnik/tele/stats/energy_Ws 3326
17:48:46.110264108 : vetrnik/tele/stats/energy_Ws 3329
17:48:46.609951812 : vetrnik/tele/power_board/time 2604
17:48:46.610108607 : vetrnik/tele/stats/energy_Ws 3331
17:48:47.110749380 : vetrnik/tele/stats/energy_Ws 3334
17:48:47.610602046 : vetrnik/tele/power_board/time 2605
17:48:47.610929359 : vetrnik/tele/stats/energy_Ws 3337
17:48:48.110192139 : vetrnik/tele/stats/energy_Ws 3340
17:48:48.610068602 : vetrnik/tele/power_board/time 2606
17:48:48.610519247 : vetrnik/tele/stats/energy_Ws 3343
17:48:49.110801078 : vetrnik/tele/stats/energy_Ws 3346
17:48:49.610355431 : vetrnik/tele/power_board/time 2607
17:48:49.610592615 : vetrnik/tele/stats/energy_Ws 3349
17:48:50.110016431 : vetrnik/tele/stats/energy_Ws 3352
17:48:50.609742543 : vetrnik/tele/power_board/time 2608
17:48:50.609904931 : vetrnik/tele/stats/energy_Ws 3354
17:48:51.110482482 : vetrnik/tele/stats/energy_Ws 3357
17:48:51.610046835 : vetrnik/tele/power_board/time 2609
17:48:51.610199704 : vetrnik/tele/stats/energy_Ws 3360
17:48:51.708132476 : vetrnik/cmnd/control/contactor 1
17:48:51.709662800 : vetrnik/cmnd/power_board/duty 35
17:48:51.709940298 : vetrnik/tele/control/contactor 5
17:48:51.712098174 : vetrnik/tele/control/contactor 4
17:48:52.110073630 : vetrnik/tele/power_board/power 8.2
17:48:52.110272425 : vetrnik/tele/power_board/duty 35
17:48:52.110458146 : vetrnik/tele/power_board/current 0.779
17:48:52.110820088 : vetrnik/tele/stats/energy_Ws 3363
17:48:52.610635644 : vetrnik/tele/power_board/time 2610
17:48:52.610805328 : vetrnik/tele/stats/energy_Ws 3367
17:48:53.110458125 : vetrnik/tele/stats/energy_Ws 3371
17:48:53.609967071 : vetrnik/tele/power_board/time 2611
17:48:53.610180200 : vetrnik/tele/stats/energy_Ws 3375
17:48:54.110063107 : vetrnik/tele/stats/energy_Ws 3379
17:48:54.610651213 : vetrnik/tele/power_board/time 2612
17:48:54.611067100 : vetrnik/tele/stats/energy_Ws 3383
17:48:55.110270214 : vetrnik/tele/stats/energy_Ws 3387
17:48:55.610034900 : vetrnik/tele/power_board/time 2613
17:48:55.610241824 : vetrnik/tele/stats/energy_Ws 3391
17:48:56.110994171 : vetrnik/tele/stats/energy_Ws 3395
17:48:56.610636579 : vetrnik/tele/power_board/time 2614
17:48:56.610985059 : vetrnik/tele/stats/energy_Ws 3399
17:48:57.110375932 : vetrnik/tele/stats/energy_Ws 3403
17:48:57.610169950 : vetrnik/tele/power_board/time 2615
17:48:57.610539856 : vetrnik/tele/stats/energy_Ws 3407
17:48:58.110695872 : vetrnik/tele/stats/energy_Ws 3411
17:48:58.610457465 : vetrnik/tele/power_board/time 2616
17:48:58.610645890 : vetrnik/tele/stats/energy_Ws 3415
17:48:59.110089559 : vetrnik/tele/stats/energy_Ws 3419
17:48:59.610757350 : vetrnik/tele/power_board/time 2617
17:48:59.610945794 : vetrnik/tele/stats/energy_Ws 3423
17:49:00.110351463 : vetrnik/tele/stats/energy_Ws 3427
17:49:00.610104519 : vetrnik/tele/power_board/time 2618
17:49:00.610317259 : vetrnik/tele/stats/energy_Ws 3431
17:49:01.110046778 : vetrnik/tele/stats/energy_Ws 3435
17:49:01.428381872 : vetrnik/cmnd/control/contactor 1
17:49:01.429824290 : vetrnik/tele/control/contactor 5
17:49:01.429944622 : vetrnik/cmnd/power_board/duty 50
17:49:01.430362009 : vetrnik/tele/control/contactor 4
17:49:01.610589941 : vetrnik/tele/power_board/power 9.9
17:49:01.610783865 : vetrnik/tele/power_board/time 2619
17:49:01.610970735 : vetrnik/tele/power_board/duty 50
17:49:01.611399695 : vetrnik/tele/power_board/voltage 10.5
17:49:01.611741323 : vetrnik/tele/power_board/current 0.943
17:49:01.612089135 : vetrnik/tele/stats/energy_Ws 3439
17:49:02.111226880 : vetrnik/tele/power_board/power 11.1
17:49:02.111377861 : vetrnik/tele/power_board/current 1.066
17:49:02.111718970 : vetrnik/tele/stats/energy_Ws 3443
17:49:02.611186620 : vetrnik/tele/power_board/time 2620
17:49:02.611349842 : vetrnik/tele/stats/energy_Ws 3448
17:49:03.111592617 : vetrnik/tele/stats/energy_Ws 3453
17:49:03.611476858 : vetrnik/tele/power_board/power 10.7
17:49:03.611685301 : vetrnik/tele/power_board/time 2621
17:49:03.611991410 : vetrnik/tele/power_board/current 1.025
17:49:03.612468056 : vetrnik/tele/power_board/temperature/heatsink 28.5
17:49:03.613183385 : vetrnik/tele/stats/energy_Ws 3458
17:49:04.111327488 : vetrnik/tele/stats/energy_Ws 3463
17:49:04.610824823 : vetrnik/tele/power_board/time 2622
17:49:04.611046822 : vetrnik/tele/power_board/temperature/heatsink 28.8
17:49:04.611345357 : vetrnik/tele/stats/energy_Ws 3468
17:49:05.111704076 : vetrnik/tele/stats/energy_Ws 3473
17:49:05.611258004 : vetrnik/tele/power_board/power 11.1
17:49:05.611392041 : vetrnik/tele/power_board/time 2623
17:49:05.611818001 : vetrnik/tele/power_board/current 1.066
17:49:05.612062185 : vetrnik/tele/stats/energy_Ws 3478
17:49:06.111203059 : vetrnik/tele/stats/energy_Ws 3483
17:49:06.610679525 : vetrnik/tele/power_board/power 10.7
17:49:06.610891320 : vetrnik/tele/power_board/time 2624
17:49:06.611220466 : vetrnik/tele/power_board/current 1.025
17:49:06.611569631 : vetrnik/tele/stats/energy_Ws 3488
17:49:07.111645722 : vetrnik/tele/power_board/power 11.1
17:49:07.111840739 : vetrnik/tele/power_board/current 1.066
17:49:07.112056386 : vetrnik/tele/stats/energy_Ws 3493
17:49:07.611311131 : vetrnik/tele/power_board/power 10.7
17:49:07.611741239 : vetrnik/tele/power_board/time 2625
17:49:07.611864813 : vetrnik/tele/power_board/current 1.025
17:49:07.612085348 : vetrnik/tele/stats/energy_Ws 3498
17:49:08.110971947 : vetrnik/tele/stats/energy_Ws 3503
17:49:08.611720090 : vetrnik/tele/power_board/time 2626
17:49:08.611849849 : vetrnik/tele/stats/energy_Ws 3508
17:49:09.111558368 : vetrnik/tele/stats/energy_Ws 3513
17:49:09.611136241 : vetrnik/tele/power_board/time 2627
17:49:09.611367536 : vetrnik/tele/stats/energy_Ws 3518
17:49:10.110576947 : vetrnik/tele/stats/energy_Ws 3523
17:49:10.611454478 : vetrnik/tele/power_board/time 2628
17:49:10.611622311 : vetrnik/tele/stats/energy_Ws 3528
17:49:11.111470330 : vetrnik/tele/stats/energy_Ws 3533
17:49:11.148785016 : vetrnik/cmnd/control/contactor 1
17:49:11.150024249 : vetrnik/cmnd/power_board/duty 75
17:49:11.150224767 : vetrnik/tele/control/contactor 5
17:49:11.152269403 : vetrnik/tele/control/contactor 4
17:49:11.610971314 : vetrnik/tele/power_board/power 14.7
17:49:11.611172646 : vetrnik/tele/power_board/time 2629
17:49:11.611419070 : vetrnik/tele/power_board/duty 75
17:49:11.611778846 : vetrnik/tele/power_board/voltage 10.3
17:49:11.612094733 : vetrnik/tele/power_board/current 1.435
17:49:11.612455990 : vetrnik/tele/stats/energy_Ws 3538
17:49:12.111875808 : vetrnik/tele/power_board/power 15.2
17:49:12.112066714 : vetrnik/tele/power_board/current 1.476
17:49:12.112370527 : vetrnik/tele/stats/energy_Ws 3545
17:49:12.611494809 : vetrnik/tele/power_board/power 14.7
17:49:12.611638494 : vetrnik/tele/power_board/time 2630
17:49:12.611941399 : vetrnik/tele/power_board/current 1.435
17:49:12.612268323 : vetrnik/tele/stats/energy_Ws 3552
17:49:13.111136496 : vetrnik/tele/stats/energy_Ws 3559
17:49:13.611133200 : vetrnik/tele/power_board/time 2631
17:49:13.611381902 : vetrnik/tele/stats/energy_Ws 3566
17:49:14.111579771 : vetrnik/tele/stats/energy_Ws 3573
17:49:14.611257920 : vetrnik/tele/power_board/time 2632
17:49:14.611450993 : vetrnik/tele/stats/energy_Ws 3580
17:49:15.111120198 : vetrnik/tele/stats/energy_Ws 3587
17:49:15.611653621 : vetrnik/tele/power_board/time 2633
17:49:15.611851286 : vetrnik/tele/stats/energy_Ws 3594
17:49:16.111448844 : vetrnik/tele/stats/energy 0.001
17:49:16.111669343 : vetrnik/tele/stats/energy_Ws 1
17:49:16.611141475 : vetrnik/tele/power_board/time 2634
17:49:16.611363659 : vetrnik/tele/stats/energy_Ws 8
17:49:17.111000383 : vetrnik/tele/power_board/power 15.0
17:49:17.111153901 : vetrnik/tele/power_board/voltage 10.5
17:49:17.111494380 : vetrnik/tele/stats/energy_Ws 15
17:49:17.611579490 : vetrnik/tele/power_board/power 14.7
17:49:17.611815415 : vetrnik/tele/power_board/time 2635
17:49:17.612009655 : vetrnik/tele/power_board/voltage 10.3
17:49:17.612361190 : vetrnik/tele/stats/energy_Ws 22
17:49:18.111247511 : vetrnik/tele/stats/energy_Ws 29
17:49:18.611008734 : vetrnik/tele/power_board/power 15.0
17:49:18.611221529 : vetrnik/tele/power_board/time 2636
17:49:18.611406695 : vetrnik/tele/power_board/voltage 10.5
17:49:18.611754100 : vetrnik/tele/stats/energy_Ws 36
17:49:19.111900043 : vetrnik/tele/stats/energy_Ws 43
17:49:19.611537768 : vetrnik/tele/power_board/power 14.7
17:49:19.611736674 : vetrnik/tele/power_board/time 2637
17:49:19.611911284 : vetrnik/tele/power_board/voltage 10.3
17:49:19.612292300 : vetrnik/tele/stats/energy_Ws 50
17:49:20.111086603 : vetrnik/tele/stats/energy_Ws 57
17:49:20.610988585 : vetrnik/tele/power_board/power 15.0
17:49:20.611172399 : vetrnik/tele/power_board/time 2638
17:49:20.611365527 : vetrnik/tele/power_board/voltage 10.5
17:49:20.611582304 : vetrnik/tele/stats/energy_Ws 64
17:49:20.891105722 : vetrnik/cmnd/control/contactor 1
17:49:20.892999433 : vetrnik/tele/control/contactor 5
17:49:20.893680817 : vetrnik/tele/control/contactor 4
17:49:20.894156389 : vetrnik/cmnd/power_board/duty 100
17:49:21.112674575 : vetrnik/tele/power_board/power 17.3
17:49:21.112821296 : vetrnik/tele/power_board/duty 100
17:49:21.113245794 : vetrnik/tele/power_board/voltage 10.3
17:49:21.113469533 : vetrnik/tele/power_board/current 1.681
17:49:21.113813254 : vetrnik/tele/stats/energy_Ws 71
17:49:21.612222300 : vetrnik/tele/power_board/power 19.0
17:49:21.612439076 : vetrnik/tele/power_board/time 2639
17:49:21.612750871 : vetrnik/tele/power_board/current 1.845
17:49:21.613069980 : vetrnik/tele/stats/energy_Ws 79
17:49:22.112091412 : vetrnik/tele/power_board/power 18.5
17:49:22.112295410 : vetrnik/tele/power_board/current 1.804
17:49:22.112449724 : vetrnik/tele/stats/energy_Ws 88
17:49:22.611713414 : vetrnik/tele/power_board/time 2640
17:49:22.611947153 : vetrnik/tele/stats/energy_Ws 97
17:49:23.112562168 : vetrnik/tele/stats/energy_Ws 106
17:49:23.612373076 : vetrnik/tele/power_board/time 2641
17:49:23.612606186 : vetrnik/tele/stats/energy_Ws 115
17:49:24.111908801 : vetrnik/tele/stats/energy_Ws 124
17:49:24.612602686 : vetrnik/tele/power_board/time 2642
17:49:24.612839333 : vetrnik/tele/stats/energy_Ws 133
17:49:25.112248799 : vetrnik/tele/stats/energy_Ws 142
17:49:25.612126615 : vetrnik/tele/power_board/time 2643
17:49:25.612366928 : vetrnik/tele/stats/energy_Ws 151
17:49:26.111795691 : vetrnik/tele/stats/energy_Ws 160
17:49:26.612700926 : vetrnik/tele/power_board/time 2644
17:49:26.612812574 : vetrnik/tele/stats/energy_Ws 169
17:49:27.112097949 : vetrnik/tele/stats/energy_Ws 178
17:49:27.611902246 : vetrnik/tele/power_board/time 2645
17:49:27.612149263 : vetrnik/tele/stats/energy_Ws 187
17:49:28.112822389 : vetrnik/tele/stats/energy_Ws 196
17:49:28.612362466 : vetrnik/tele/power_board/time 2646
17:49:28.612597168 : vetrnik/tele/stats/energy_Ws 205
17:49:29.112099486 : vetrnik/tele/stats/energy_Ws 214
17:49:29.611826858 : vetrnik/tele/power_board/time 2647
17:49:29.611999746 : vetrnik/tele/stats/energy_Ws 223
17:49:30.112709575 : vetrnik/tele/stats/energy_Ws 232
17:49:30.575300705 : vetrnik/cmnd/control/contactor 1
17:49:30.576942362 : vetrnik/cmnd/power_board/duty 125
17:49:30.612227560 : vetrnik/tele/power_board/time 2648
17:49:30.612379559 : vetrnik/tele/stats/energy_Ws 241
17:49:31.112237856 : vetrnik/tele/power_board/power 22.1
17:49:31.112458003 : vetrnik/tele/power_board/duty 125
17:49:31.112686446 : vetrnik/tele/power_board/voltage 10.2
17:49:31.113010852 : vetrnik/tele/power_board/current 2.173
17:49:31.113354757 : vetrnik/tele/stats/energy_Ws 250
17:49:31.612918519 : vetrnik/tele/power_board/time 2649
17:49:31.613210999 : vetrnik/tele/stats/energy_Ws 261
17:49:32.112459133 : vetrnik/tele/stats/energy_Ws 272
17:49:32.612032136 : vetrnik/tele/power_board/time 2650
17:49:32.612245320 : vetrnik/tele/stats/energy_Ws 283
17:49:33.111907100 : vetrnik/tele/stats/energy_Ws 294
17:49:33.612674578 : vetrnik/tele/power_board/time 2651
17:49:33.612882336 : vetrnik/tele/stats/energy_Ws 305
17:49:34.112308228 : vetrnik/tele/stats/energy_Ws 316
17:49:34.612176137 : vetrnik/tele/power_board/time 2652
17:49:34.612398024 : vetrnik/tele/stats/energy_Ws 327
17:49:35.112767634 : vetrnik/tele/stats/energy_Ws 338
17:49:35.612500321 : vetrnik/tele/power_board/time 2653
17:49:35.612658357 : vetrnik/tele/stats/energy_Ws 349
17:49:36.112332952 : vetrnik/tele/stats/energy_Ws 360
17:49:36.611909288 : vetrnik/tele/power_board/time 2654
17:49:36.612108842 : vetrnik/tele/stats/energy_Ws 371
17:49:37.112751765 : vetrnik/tele/stats/energy_Ws 382
17:49:37.612451212 : vetrnik/tele/power_board/time 2655
17:49:37.612750210 : vetrnik/tele/stats/energy_Ws 393
17:49:38.112051511 : vetrnik/tele/stats/energy_Ws 404
17:49:38.611925623 : vetrnik/tele/power_board/time 2656
17:49:38.612152992 : vetrnik/tele/stats/energy_Ws 415
17:49:39.112770970 : vetrnik/tele/stats/energy_Ws 426
17:49:39.612219122 : vetrnik/tele/power_board/time 2657
17:49:39.612383751 : vetrnik/tele/stats/energy_Ws 437
17:49:40.112168290 : vetrnik/tele/stats/energy_Ws 448
17:49:40.294078416 : vetrnik/cmnd/control/contactor 1
17:49:40.295598740 : vetrnik/tele/control/contactor 5
17:49:40.295897053 : vetrnik/cmnd/power_board/duty 150
17:49:40.296146293 : vetrnik/tele/control/contactor 4
17:49:40.612788324 : vetrnik/tele/power_board/power 25.0
17:49:40.612949823 : vetrnik/tele/power_board/time 2658
17:49:40.613188933 : vetrnik/tele/power_board/duty 150
17:49:40.613557542 : vetrnik/tele/power_board/current 2.460
17:49:40.613864892 : vetrnik/tele/stats/energy_Ws 459
17:49:41.112454382 : vetrnik/tele/power_board/power 25.5
17:49:41.112597270 : vetrnik/tele/power_board/current 2.501
17:49:41.112903101 : vetrnik/tele/stats/energy_Ws 471
17:49:41.612092699 : vetrnik/tele/power_board/time 2659
17:49:41.612325846 : vetrnik/tele/stats/energy_Ws 483
17:49:42.111865979 : vetrnik/tele/stats/energy_Ws 495
17:49:42.612662160 : vetrnik/tele/power_board/time 2660
17:49:42.612940418 : vetrnik/tele/stats/energy_Ws 507
17:49:43.113699914 : vetrnik/tele/stats/energy_Ws 519
17:49:43.612146776 : vetrnik/tele/power_board/time 2661
17:49:43.612306886 : vetrnik/tele/stats/energy_Ws 531
17:49:44.112758569 : vetrnik/tele/stats/energy_Ws 543
17:49:44.612553793 : vetrnik/tele/power_board/time 2662
17:49:44.612791366 : vetrnik/tele/stats/energy_Ws 555
17:49:45.112065371 : vetrnik/tele/stats/energy_Ws 567
17:49:45.611916502 : vetrnik/tele/power_board/power 25.0
17:49:45.612121482 : vetrnik/tele/power_board/time 2663
17:49:45.612345314 : vetrnik/tele/power_board/current 2.460
17:49:45.612686183 : vetrnik/tele/stats/energy_Ws 579
17:49:46.112853108 : vetrnik/tele/power_board/power 25.5
17:49:46.113011552 : vetrnik/tele/power_board/current 2.501
17:49:46.113332254 : vetrnik/tele/stats/energy_Ws 591
17:49:46.612456519 : vetrnik/tele/power_board/time 2664
17:49:46.612586851 : vetrnik/tele/stats/energy_Ws 603
17:49:47.112131799 : vetrnik/tele/power_board/power 25.0
17:49:47.112292150 : vetrnik/tele/power_board/current 2.460
17:49:47.112513630 : vetrnik/tele/stats/energy_Ws 615
17:49:47.612652445 : vetrnik/tele/power_board/power 25.5
17:49:47.612861037 : vetrnik/tele/power_board/time 2665
17:49:47.613103054 : vetrnik/tele/power_board/current 2.501
17:49:47.613439700 : vetrnik/tele/stats/energy_Ws 627
17:49:48.112510576 : vetrnik/tele/stats/energy_Ws 639
17:49:48.612053395 : vetrnik/tele/power_board/time 2666
17:49:48.612196431 : vetrnik/tele/stats/energy_Ws 651
17:49:49.111956730 : vetrnik/tele/stats/energy_Ws 663
17:49:49.612494079 : vetrnik/tele/power_board/time 2667
17:49:49.612741485 : vetrnik/tele/stats/energy_Ws 675
17:49:50.029408628 : vetrnik/cmnd/control/contactor 1
17:49:50.031121247 : vetrnik/tele/control/contactor 5
17:49:50.031421616 : vetrnik/cmnd/power_board/duty 175
17:49:50.033368919 : vetrnik/tele/control/contactor 4
17:49:50.112203119 : vetrnik/tele/power_board/duty 175
17:49:50.112402636 : vetrnik/tele/stats/energy_Ws 687
17:49:50.612095972 : vetrnik/tele/power_board/power 27.8
17:49:50.612208508 : vetrnik/tele/power_board/time 2668
17:49:50.612536636 : vetrnik/tele/power_board/voltage 10.0
17:49:50.612927819 : vetrnik/tele/power_board/current 2.788
17:49:50.613230706 : vetrnik/tele/stats/energy_Ws 699
17:49:51.112701821 : vetrnik/tele/stats/energy_Ws 712
17:49:51.612476712 : vetrnik/tele/power_board/time 2669
17:49:51.612714322 : vetrnik/tele/stats/energy_Ws 725
17:49:52.112150382 : vetrnik/tele/stats/energy_Ws 738
17:49:52.612014384 : vetrnik/tele/power_board/time 2670
17:49:52.612203827 : vetrnik/tele/stats/energy_Ws 751
17:49:53.112646974 : vetrnik/tele/stats/energy_Ws 764
17:49:53.612386828 : vetrnik/tele/power_board/time 2671
17:49:53.612539420 : vetrnik/tele/stats/energy_Ws 777
17:49:54.112064942 : vetrnik/tele/stats/energy_Ws 790
17:49:54.611843241 : vetrnik/tele/power_board/time 2672
17:49:54.612141276 : vetrnik/tele/stats/energy_Ws 803
17:49:55.112724607 : vetrnik/tele/stats/energy_Ws 816
17:49:55.612227870 : vetrnik/tele/power_board/time 2673
17:49:55.612391332 : vetrnik/tele/stats/energy_Ws 829
17:49:56.111900688 : vetrnik/tele/stats/energy_Ws 842
17:49:56.612683684 : vetrnik/tele/power_board/time 2674
17:49:56.612906387 : vetrnik/tele/stats/energy_Ws 855
17:49:57.112579871 : vetrnik/tele/stats/energy_Ws 868
17:49:57.612017265 : vetrnik/tele/power_board/time 2675
17:49:57.612170301 : vetrnik/tele/stats/energy_Ws 881
17:49:58.112262394 : vetrnik/tele/stats/energy_Ws 894
17:49:58.612507782 : vetrnik/tele/power_board/time 2676
17:49:58.612706596 : vetrnik/tele/stats/energy_Ws 907
17:49:59.112115786 : vetrnik/tele/stats/energy_Ws 920
17:49:59.611890066 : vetrnik/tele/power_board/time 2677
17:49:59.612034436 : vetrnik/tele/stats/energy_Ws 933
17:49:59.736372125 : vetrnik/cmnd/control/contactor 1
17:49:59.737850246 : vetrnik/tele/control/contactor 5
17:49:59.737963838 : vetrnik/cmnd/power_board/duty 200
17:49:59.739708291 : vetrnik/tele/control/contactor 4
17:50:00.112840414 : vetrnik/tele/power_board/power 30.3
17:50:00.113014876 : vetrnik/tele/power_board/duty 200
17:50:00.113394614 : vetrnik/tele/power_board/current 3.034
17:50:00.113689372 : vetrnik/tele/stats/energy_Ws 946
17:50:00.612539694 : vetrnik/tele/power_board/power 30.7
17:50:00.612786119 : vetrnik/tele/power_board/time 2678
17:50:00.613000507 : vetrnik/tele/power_board/current 3.075
17:50:00.613261357 : vetrnik/tele/stats/energy_Ws 961
17:50:01.112090921 : vetrnik/tele/stats/energy_Ws 976
17:50:01.611711924 : vetrnik/tele/power_board/time 2679
17:50:01.611924497 : vetrnik/tele/stats/energy_Ws 991
17:50:02.112686031 : vetrnik/tele/stats/energy_Ws 1006
17:50:02.612424885 : vetrnik/tele/power_board/time 2680
17:50:02.612589551 : vetrnik/tele/stats/energy_Ws 1021
17:50:03.111918816 : vetrnik/tele/stats/energy_Ws 1036
17:50:03.612703646 : vetrnik/tele/power_board/time 2681
17:50:03.612899293 : vetrnik/tele/stats/energy_Ws 1051
17:50:04.112309686 : vetrnik/tele/stats/energy_Ws 1066
17:50:04.612168818 : vetrnik/tele/power_board/time 2682
17:50:04.612304928 : vetrnik/tele/stats/energy_Ws 1081
17:50:05.111780192 : vetrnik/tele/power_board/power 30.3
17:50:05.111996117 : vetrnik/tele/power_board/current 3.034
17:50:05.112348726 : vetrnik/tele/stats/energy_Ws 1096
17:50:05.612614448 : vetrnik/tele/power_board/power 30.7
17:50:05.612807687 : vetrnik/tele/power_board/time 2683
17:50:05.613141056 : vetrnik/tele/power_board/current 3.075
17:50:05.613488054 : vetrnik/tele/stats/energy_Ws 1111
17:50:06.112349099 : vetrnik/tele/stats/energy_Ws 1126
17:50:06.612140231 : vetrnik/tele/power_board/time 2684
17:50:06.612331008 : vetrnik/tele/stats/energy_Ws 1141
17:50:07.112764933 : vetrnik/tele/stats/energy_Ws 1156
17:50:07.612660101 : vetrnik/tele/power_board/time 2685
17:50:07.612902544 : vetrnik/tele/stats/energy_Ws 1171
17:50:08.112268272 : vetrnik/tele/stats/energy_Ws 1186
17:50:08.611623296 : vetrnik/tele/power_board/power 30.3
17:50:08.611877442 : vetrnik/tele/power_board/time 2686
17:50:08.612217718 : vetrnik/tele/power_board/current 3.034
17:50:08.612542494 : vetrnik/tele/stats/energy_Ws 1201
17:50:09.112687976 : vetrnik/tele/stats/energy_Ws 1216
17:50:09.457563545 : vetrnik/cmnd/control/contactor 1
17:50:09.458986092 : vetrnik/cmnd/power_board/duty 225
17:50:09.612222610 : vetrnik/tele/power_board/power 31.5
17:50:09.612441405 : vetrnik/tele/power_board/time 2687
17:50:09.612686644 : vetrnik/tele/power_board/duty 225
17:50:09.613035883 : vetrnik/tele/power_board/current 3.157
17:50:09.613384177 : vetrnik/tele/stats/energy_Ws 1231
17:50:10.110978397 : vetrnik/tele/power_board/power 32.8
17:50:10.111181525 : vetrnik/tele/power_board/voltage 9.9
17:50:10.111386487 : vetrnik/tele/power_board/current 3.321
17:50:10.111749188 : vetrnik/tele/stats/energy_Ws 1246
17:50:10.610700696 : vetrnik/tele/power_board/time 2688
17:50:10.610916028 : vetrnik/tele/stats/energy_Ws 1262
17:50:11.111525688 : vetrnik/tele/stats/energy_Ws 1278
17:50:11.611125152 : vetrnik/tele/power_board/time 2689
17:50:11.611392446 : vetrnik/tele/stats/energy_Ws 1294
17:50:12.110958022 : vetrnik/tele/stats/energy_Ws 1310
17:50:12.611944904 : vetrnik/tele/power_board/time 2690
17:50:12.612158550 : vetrnik/tele/stats/energy_Ws 1326
17:50:13.112253161 : vetrnik/tele/stats/energy_Ws 1342
17:50:13.611282280 : vetrnik/tele/power_board/time 2691
17:50:13.613389135 : vetrnik/tele/stats/energy_Ws 1358
17:50:14.110913636 : vetrnik/tele/stats/energy_Ws 1374
17:50:14.611629022 : vetrnik/tele/power_board/time 2692
17:50:14.611818224 : vetrnik/tele/stats/energy_Ws 1390
17:50:15.111124399 : vetrnik/tele/stats/energy_Ws 1406
17:50:15.610992903 : vetrnik/tele/power_board/time 2693
17:50:15.611182587 : vetrnik/tele/stats/energy_Ws 1422
17:50:16.111487293 : vetrnik/tele/stats/energy_Ws 1438
17:50:16.611419668 : vetrnik/tele/power_board/time 2694
17:50:16.611573630 : vetrnik/tele/stats/energy_Ws 1454
17:50:17.111049065 : vetrnik/tele/stats/energy_Ws 1470
17:50:17.610909999 : vetrnik/tele/power_board/time 2695
17:50:17.611026776 : vetrnik/tele/stats/energy_Ws 1486
17:50:18.111681740 : vetrnik/tele/stats/energy_Ws 1502
17:50:18.611270195 : vetrnik/tele/power_board/time 2696
17:50:18.611427065 : vetrnik/tele/stats/energy_Ws 1518
17:50:19.111111649 : vetrnik/tele/stats/energy_Ws 1534
17:50:19.204716772 : vetrnik/cmnd/control/contactor 1
17:50:19.206720646 : vetrnik/tele/control/contactor 5
17:50:19.207322031 : vetrnik/tele/control/contactor 4
17:50:19.208292301 : vetrnik/cmnd/power_board/duty 240
17:50:19.611667080 : vetrnik/tele/power_board/power 34.5
17:50:19.612115965 : vetrnik/tele/power_board/time 2697
17:50:19.612170317 : vetrnik/tele/power_board/duty 240
17:50:19.612466944 : vetrnik/tele/power_board/current 3.485
17:50:19.612826775 : vetrnik/tele/stats/energy_Ws 1550
17:50:20.111367887 : vetrnik/tele/stats/energy_Ws 1567
17:50:20.611183788 : vetrnik/tele/power_board/time 2698
17:50:20.611323046 : vetrnik/tele/stats/energy_Ws 1584
17:50:21.110757579 : vetrnik/tele/stats/energy_Ws 1601
17:50:21.611546326 : vetrnik/tele/power_board/time 2699
17:50:21.611782565 : vetrnik/tele/stats/energy_Ws 1618
17:50:22.111094619 : vetrnik/tele/stats/energy_Ws 1635
17:50:22.611015688 : vetrnik/tele/power_board/time 2700
17:50:22.611184020 : vetrnik/tele/stats/energy_Ws 1652
17:50:23.111610511 : vetrnik/tele/stats/energy_Ws 1669
17:50:23.611390249 : vetrnik/tele/power_board/time 2701
17:50:23.611541156 : vetrnik/tele/stats/energy_Ws 1686
17:50:24.111307560 : vetrnik/tele/stats/energy_Ws 1703
17:50:24.610822357 : vetrnik/tele/power_board/time 2702
17:50:24.611054819 : vetrnik/tele/stats/energy_Ws 1720
17:50:25.111599052 : vetrnik/tele/stats/energy_Ws 1737
17:50:25.611191443 : vetrnik/tele/power_board/time 2703
17:50:25.611384497 : vetrnik/tele/stats/energy_Ws 1754
17:50:26.111130164 : vetrnik/tele/stats/energy_Ws 1771
17:50:26.610766036 : vetrnik/tele/power_board/time 2704
17:50:26.611026460 : vetrnik/tele/stats/energy_Ws 1788
17:50:27.111502030 : vetrnik/tele/stats/energy_Ws 1805
17:50:27.611434161 : vetrnik/tele/power_board/time 2705
17:50:27.611722270 : vetrnik/tele/stats/energy_Ws 1822
17:50:28.110937277 : vetrnik/tele/stats/energy_Ws 1839
17:50:28.611460294 : vetrnik/tele/power_board/time 2706
17:50:28.611684811 : vetrnik/tele/stats/energy_Ws 1856
17:50:28.893337032 : vetrnik/cmnd/control/contactor 1
17:50:28.895109186 : vetrnik/cmnd/power_board/duty 245
17:50:28.895226185 : vetrnik/tele/control/contactor 5
17:50:28.897186300 : vetrnik/tele/control/contactor 4
17:50:29.111391482 : vetrnik/tele/power_board/power 34.9
17:50:29.111547351 : vetrnik/tele/power_board/duty 245
17:50:29.111896830 : vetrnik/tele/power_board/current 3.526
17:50:29.112232976 : vetrnik/tele/stats/energy_Ws 1873
17:50:29.611076543 : vetrnik/tele/power_board/time 2707
17:50:29.611385670 : vetrnik/tele/power_board/temperature/rectifier 29.4
17:50:29.611612409 : vetrnik/tele/stats/energy_Ws 1890
17:50:30.110744586 : vetrnik/tele/stats/energy_Ws 1907
17:50:30.611481048 : vetrnik/tele/power_board/time 2708
17:50:30.611693584 : vetrnik/tele/stats/energy_Ws 1924
17:50:31.111193629 : vetrnik/tele/power_board/power 35.3
17:50:31.111338776 : vetrnik/tele/power_board/current 3.567
17:50:31.111518127 : vetrnik/tele/stats/energy_Ws 1941
17:50:31.610965896 : vetrnik/tele/power_board/power 34.9
17:50:31.611091154 : vetrnik/tele/power_board/time 2709
17:50:31.611216839 : vetrnik/tele/power_board/current 3.526
17:50:31.611561540 : vetrnik/tele/stats/energy_Ws 1958
17:50:32.111665878 : vetrnik/tele/stats/energy_Ws 1975
17:50:32.611653867 : vetrnik/tele/power_board/power 35.3
17:50:32.611819199 : vetrnik/tele/power_board/time 2710
17:50:32.611917032 : vetrnik/tele/power_board/current 3.567
17:50:32.612370380 : vetrnik/tele/stats/energy_Ws 1992
17:50:33.111689374 : vetrnik/tele/power_board/power 34.9
17:50:33.111805318 : vetrnik/tele/power_board/current 3.526
17:50:33.111926761 : vetrnik/tele/stats/energy_Ws 2009
17:50:33.611222979 : vetrnik/tele/power_board/time 2711
17:50:33.611494180 : vetrnik/tele/stats/energy_Ws 2026
17:50:34.111351857 : vetrnik/tele/stats/energy_Ws 2043
17:50:34.611194034 : vetrnik/tele/power_board/power 35.3
17:50:34.611381588 : vetrnik/tele/power_board/time 2712
17:50:34.611580494 : vetrnik/tele/power_board/current 3.567
17:50:34.611918140 : vetrnik/tele/stats/energy_Ws 2060
17:50:35.110917491 : vetrnik/tele/power_board/power 34.9
17:50:35.111078304 : vetrnik/tele/power_board/current 3.526
17:50:35.111258118 : vetrnik/tele/stats/energy_Ws 2077
17:50:35.611624737 : vetrnik/tele/power_board/time 2713
17:50:35.611778477 : vetrnik/tele/stats/energy_Ws 2094
17:50:36.111342954 : vetrnik/tele/stats/energy_Ws 2111
17:50:36.611092153 : vetrnik/tele/power_board/time 2714
17:50:36.611238041 : vetrnik/tele/stats/energy_Ws 2128
17:50:37.110761242 : vetrnik/tele/stats/energy_Ws 2145
17:50:37.611567194 : vetrnik/tele/power_board/time 2715
17:50:37.611777396 : vetrnik/tele/stats/energy_Ws 2162
17:50:38.111267155 : vetrnik/tele/stats/energy_Ws 2179
17:50:38.611093319 : vetrnik/tele/power_board/time 2716
17:50:38.611343335 : vetrnik/tele/stats/energy_Ws 2196
17:50:38.615278381 : vetrnik/cmnd/control/contactor 1
17:50:38.616904665 : vetrnik/cmnd/power_board/duty 247
17:50:38.630819359 : vetrnik/tele/control/contactor 5
17:50:38.633044028 : vetrnik/tele/control/contactor 4
17:50:39.111956013 : vetrnik/tele/power_board/power 35.3
17:50:39.112227918 : vetrnik/tele/power_board/duty 247
17:50:39.112437083 : vetrnik/tele/power_board/current 3.567
17:50:39.112768636 : vetrnik/tele/stats/energy_Ws 2213
17:50:39.611471162 : vetrnik/tele/power_board/time 2717
17:50:39.611821381 : vetrnik/tele/stats/energy_Ws 2230
17:50:40.111095903 : vetrnik/tele/stats/energy_Ws 2247
17:50:40.610946588 : vetrnik/tele/power_board/time 2718
17:50:40.611192216 : vetrnik/tele/stats/energy_Ws 2264
17:50:41.111622563 : vetrnik/tele/stats/energy_Ws 2281
17:50:41.611395028 : vetrnik/tele/power_board/time 2719
17:50:41.611641637 : vetrnik/tele/stats/energy_Ws 2298
17:50:42.110925291 : vetrnik/tele/stats/energy_Ws 2315
17:50:42.610711608 : vetrnik/tele/power_board/time 2720
17:50:42.610924051 : vetrnik/tele/stats/energy_Ws 2332
17:50:43.111609344 : vetrnik/tele/stats/energy_Ws 2349
17:50:43.611137183 : vetrnik/tele/power_board/time 2721
17:50:43.611325774 : vetrnik/tele/stats/energy_Ws 2366
17:50:44.110773688 : vetrnik/tele/stats/energy_Ws 2383
17:50:44.611695519 : vetrnik/tele/power_board/time 2722
17:50:44.611841999 : vetrnik/tele/stats/energy_Ws 2400
17:50:45.111343507 : vetrnik/tele/stats/energy_Ws 2417
17:50:45.611106902 : vetrnik/tele/power_board/time 2723
17:50:45.611251845 : vetrnik/tele/stats/energy_Ws 2434
17:50:46.110834113 : vetrnik/tele/stats/energy_Ws 2451
17:50:46.611373985 : vetrnik/tele/power_board/time 2724
17:50:46.611525670 : vetrnik/tele/stats/energy_Ws 2468
17:50:47.110987698 : vetrnik/tele/stats/energy_Ws 2485
17:50:47.611111334 : vetrnik/tele/power_board/time 2725
17:50:47.611409332 : vetrnik/tele/stats/energy_Ws 2502
17:50:48.111580320 : vetrnik/tele/stats/energy_Ws 2519
17:50:48.461475408 : vetrnik/cmnd/power_board/duty 0
17:50:48.463969020 : vetrnik/cmnd/control/strategy control_shorted
17:50:48.467188589 : vetrnik/tele/control/strategy control_shorted
17:50:48.467429828 : vetrnik/tele/control/contactor 255
